19:28:34.525  INFO  manager.ApplicationManager - All tests run in Chrome Browser
19:28:37.003  INFO  manager.ApplicationManager - The link--->https://ilcarro.web.app/search
19:28:37.084  INFO  tests.TestBase - Name of method -->searchCurrentYearSuccess
19:28:37.090  INFO  manager.ListenerWD - Before Find Element --->By.id: city
19:28:37.146  INFO  manager.ListenerWD - After Find Element --->By.id: city
19:28:37.166  INFO  manager.ListenerWD - Location of element (128, 264)
19:28:37.536  INFO  manager.ListenerWD - Before Find Element --->By.cssSelector: div.pac-item
19:28:38.207  INFO  manager.ListenerWD - After Find Element --->By.cssSelector: div.pac-item
19:28:38.225  INFO  manager.ListenerWD - Location of element (128, 306)
19:28:38.273  INFO  manager.ListenerWD - Before Find Element --->By.id: dates
19:28:38.315  INFO  manager.ListenerWD - After Find Element --->By.id: dates
19:28:38.331  INFO  manager.ListenerWD - Location of element (128, 356)
19:28:38.460  INFO  manager.ListenerWD - Before Find Element --->By.cssSelector: button[aria-label='Next month']
19:28:38.493  INFO  manager.ListenerWD - After Find Element --->By.cssSelector: button[aria-label='Next month']
19:28:38.513  INFO  manager.ListenerWD - Location of element (378, 45)
19:28:38.586  INFO  manager.ListenerWD - Before Find Element --->By.cssSelector: button[aria-label='Next month']
19:28:38.629  INFO  manager.ListenerWD - After Find Element --->By.cssSelector: button[aria-label='Next month']
19:28:38.644  INFO  manager.ListenerWD - Location of element (378, 30)
19:28:38.741  INFO  manager.ListenerWD - Before Find Element --->By.xpath: //div[text()=' 30 ']
19:28:38.796  INFO  manager.ListenerWD - After Find Element --->By.xpath: //div[text()=' 30 ']
19:28:38.815  INFO  manager.ListenerWD - Location of element (338, 275)
19:28:38.889  INFO  manager.ListenerWD - Before Find Element --->By.cssSelector: button[aria-label='Next month']
19:28:38.928  INFO  manager.ListenerWD - After Find Element --->By.cssSelector: button[aria-label='Next month']
19:28:38.939  INFO  manager.ListenerWD - Location of element (378, 30)
19:28:38.985  INFO  manager.ListenerWD - Before Find Element --->By.cssSelector: button[aria-label='Next month']
19:28:39.015  INFO  manager.ListenerWD - After Find Element --->By.cssSelector: button[aria-label='Next month']
19:28:39.031  INFO  manager.ListenerWD - Location of element (378, 30)
19:28:39.084  INFO  manager.ListenerWD - Before Find Element --->By.cssSelector: button[aria-label='Next month']
19:28:39.117  INFO  manager.ListenerWD - After Find Element --->By.cssSelector: button[aria-label='Next month']
19:28:39.132  INFO  manager.ListenerWD - Location of element (378, 30)
19:28:39.191  INFO  manager.ListenerWD - Before Find Element --->By.cssSelector: button[aria-label='Next month']
19:28:39.230  INFO  manager.ListenerWD - After Find Element --->By.cssSelector: button[aria-label='Next month']
19:28:39.249  INFO  manager.ListenerWD - Location of element (378, 30)
19:28:39.301  INFO  manager.ListenerWD - Before Find Element --->By.xpath: //div[text()= ' 28 ']
19:28:39.336  INFO  manager.ListenerWD - After Find Element --->By.xpath: //div[text()= ' 28 ']
19:28:39.353  INFO  manager.ListenerWD - Location of element (378, 275)
19:28:39.434  INFO  manager.ListenerWD - Before Find Element --->By.cssSelector: button[type='submit']
19:28:39.466  INFO  manager.ListenerWD - After Find Element --->By.cssSelector: button[type='submit']
19:28:39.484  INFO  manager.ListenerWD - Location of element (128, 391)
