18:20:02.007  INFO  manager.ApplicationManager - All tests run in Chrome Browser
18:20:03.767  INFO  manager.ApplicationManager - The link--->https://ilcarro.web.app/search
18:20:03.813  INFO  tests.TestBase - Name of method -->negativeSearch
18:20:03.816  INFO  manager.ListenerWD - Before Find Element --->By.cssSelector: a.logo
18:20:03.849  INFO  manager.ListenerWD - After Find Element --->By.cssSelector: a.logo
18:20:03.863  INFO  manager.ListenerWD - Location of element (128, 16)
18:20:04.061  INFO  manager.ListenerWD - Before Find Element --->By.id: city
18:20:04.085  INFO  manager.ListenerWD - After Find Element --->By.id: city
18:20:04.098  INFO  manager.ListenerWD - Location of element (128, 264)
18:20:04.267  INFO  manager.ListenerWD - Before Find Element --->By.cssSelector: div.pac-item
18:20:04.605  INFO  manager.ListenerWD - After Find Element --->By.cssSelector: div.pac-item
18:20:04.617  INFO  manager.ListenerWD - Location of element (128, 306)
18:20:04.652  INFO  manager.ListenerWD - Before Find Element --->By.id: dates
18:20:04.673  INFO  manager.ListenerWD - After Find Element --->By.id: dates
18:20:04.682  INFO  manager.ListenerWD - Location of element (128, 356)
18:20:04.912  INFO  manager.ListenerWD - Before Find Element --->By.cssSelector: button[type='submit']
18:20:04.942  INFO  manager.ListenerWD - After Find Element --->By.cssSelector: button[type='submit']
18:20:04.951  INFO  manager.ListenerWD - Location of element (128, 410)
18:20:06.042  INFO  manager.ListenerWD - Huston we have a problem!
18:20:06.042  INFO  manager.ListenerWD - Object target  --->[[ChromeDriver: chrome on WINDOWS (cd6680ca0055b80b41bd036a0b2a4b18)] -> css selector: button[type='submit']]
18:20:06.042  INFO  manager.ListenerWD - *************
18:20:06.043  INFO  manager.ListenerWD - Method name --->click
18:20:06.044  INFO  manager.ListenerWD - *************
18:20:06.044  INFO  manager.ListenerWD - *************
18:20:06.044  INFO  manager.ListenerWD - *************
18:20:06.045  INFO  manager.ListenerWD - InvocationTargetException & getTargetException -->org.openqa.selenium.ElementClickInterceptedException: element click intercepted: Element <button _ngcontent-uiw-c106="" type="submit" disabled="">...</button> is not clickable at point (183, 425). Other element would receive the click: <div class="cdk-overlay-backdrop mat-overlay-transparent-backdrop cdk-overlay-backdrop-showing"></div>
  (Session info: chrome=112.0.5615.138)
Build info: version: '4.7.0', revision: '0a5b49d16f'
System info: os.name: 'Windows 10', os.arch: 'amd64', os.version: '10.0', java.version: '11.0.18'
Driver info: org.openqa.selenium.chrome.ChromeDriver
Command: [cd6680ca0055b80b41bd036a0b2a4b18, clickElement {id=5c080291-fdf0-49cc-aae5-b5557afd4b22}]
Capabilities {acceptInsecureCerts: false, browserName: chrome, browserVersion: 112.0.5615.138, chrome: {chromedriverVersion: 112.0.5615.49 (bd2a7bcb881c..., userDataDir: C:\Users\ADAM-M~1\AppData\L...}, goog:chromeOptions: {debuggerAddress: localhost:53600}, networkConnectionEnabled: false, pageLoadStrategy: normal, platformName: WINDOWS, proxy: Proxy(), se:cdp: ws://localhost:53600/devtoo..., se:cdpVersion: 112.0.5615.138, setWindowRect: true, strictFileInteractability: false, timeouts: {implicit: 0, pageLoad: 300000, script: 30000}, unhandledPromptBehavior: dismiss and notify, webauthn:extension:credBlob: true, webauthn:extension:largeBlob: true, webauthn:extension:minPinLength: true, webauthn:extension:prf: true, webauthn:virtualAuthenticators: true}
Element: [[ChromeDriver: chrome on WINDOWS (cd6680ca0055b80b41bd036a0b2a4b18)] -> css selector: button[type='submit']]
Session ID: cd6680ca0055b80b41bd036a0b2a4b18
18:20:06.045  INFO  manager.ListenerWD - *************
18:20:06.049  INFO  manager.ListenerWD - Screen with error  is --->src/test/screenshots/screen_1956.png
