00:04:01.930  INFO  manager.ApplicationManager - All tests run in Chrome Browser
00:04:04.382  INFO  manager.ApplicationManager - The link--->https://ilcarro.web.app/search
00:04:04.425  INFO  manager.ListenerWD - Before Find ElementS --->By.xpath: //a[text()=' Logout ']
00:04:09.496  INFO  manager.ListenerWD - After Find ElementS --->By.xpath: //a[text()=' Logout ']
00:04:09.504  INFO  manager.ListenerWD - list of elements is -->0
00:04:09.509  INFO  manager.ListenerWD - Before Find Element --->By.xpath: //a[text()=' Log in ']
00:04:09.581  INFO  manager.ListenerWD - After Find Element --->By.xpath: //a[text()=' Log in ']
00:04:09.628  INFO  manager.ListenerWD - Location of element (1057, 24)
00:04:09.737  INFO  manager.ListenerWD - Before Find Element --->By.id: email
00:04:09.792  INFO  manager.ListenerWD - After Find Element --->By.id: email
00:04:09.809  INFO  manager.ListenerWD - Location of element (889, 254)
00:04:10.289  INFO  manager.ListenerWD - Before Find Element --->By.id: password
00:04:10.347  INFO  manager.ListenerWD - After Find Element --->By.id: password
00:04:10.364  INFO  manager.ListenerWD - Location of element (889, 327)
00:04:10.723  INFO  manager.ListenerWD - Before Find Element --->By.cssSelector: button[type='submit']
00:04:10.784  INFO  manager.ListenerWD - After Find Element --->By.cssSelector: button[type='submit']
00:04:10.801  INFO  manager.ListenerWD - Location of element (889, 395)
00:04:10.871  INFO  manager.ListenerWD - Before Find ElementS --->By.xpath: //button[text()='Ok']
00:04:12.062  INFO  manager.ListenerWD - After Find ElementS --->By.xpath: //button[text()='Ok']
00:04:12.063  INFO  manager.ListenerWD - list of elements is -->1
00:04:12.064  INFO  manager.ListenerWD - Before Find Element --->By.xpath: //button[text()='Ok']
00:04:12.128  INFO  manager.ListenerWD - After Find Element --->By.xpath: //button[text()='Ok']
00:04:12.147  INFO  manager.ListenerWD - Location of element (665, 323)
00:04:12.221  INFO  tests.TestBase - Logout complete
