23:58:56.509  INFO  manager.ApplicationManager - All tests run in Chrome Browser
23:58:58.665  INFO  manager.ApplicationManager - The link--->https://ilcarro.web.app/search
23:58:58.737  INFO  tests.TestBase - Name of method -->searchCurrentYearSuccess
23:58:58.741  INFO  manager.ListenerWD - Before Find Element --->By.cssSelector: a.logo
23:58:58.788  INFO  manager.ListenerWD - After Find Element --->By.cssSelector: a.logo
23:58:58.804  INFO  manager.ListenerWD - Location of element (128, 16)
23:58:59.057  INFO  manager.ListenerWD - Before Find Element --->By.id: city
23:58:59.106  INFO  manager.ListenerWD - After Find Element --->By.id: city
23:58:59.122  INFO  manager.ListenerWD - Location of element (128, 264)
23:58:59.460  INFO  manager.ListenerWD - Before Find Element --->By.cssSelector: div.pac-item
23:58:59.876  INFO  manager.ListenerWD - After Find Element --->By.cssSelector: div.pac-item
23:58:59.892  INFO  manager.ListenerWD - Location of element (128, 306)
23:58:59.937  INFO  manager.ListenerWD - Before Find Element --->By.id: dates
23:58:59.973  INFO  manager.ListenerWD - After Find Element --->By.id: dates
23:58:59.988  INFO  manager.ListenerWD - Location of element (128, 356)
23:59:00.071  INFO  manager.ListenerWD - Before Find Element --->By.id: dates
23:59:00.105  INFO  manager.ListenerWD - After Find Element --->By.id: dates
23:59:00.116  INFO  manager.ListenerWD - Location of element (128, 337)
23:59:00.215  INFO  manager.ListenerWD - Before Find Element --->By.cssSelector: button[aria-label='Next month']
23:59:00.240  INFO  manager.ListenerWD - After Find Element --->By.cssSelector: button[aria-label='Next month']
23:59:00.258  INFO  manager.ListenerWD - Location of element (378, 45)
23:59:00.319  INFO  manager.ListenerWD - Before Find Element --->By.cssSelector: button[aria-label='Next month']
23:59:00.354  INFO  manager.ListenerWD - After Find Element --->By.cssSelector: button[aria-label='Next month']
23:59:00.363  INFO  manager.ListenerWD - Location of element (378, 30)
23:59:00.416  INFO  manager.ListenerWD - Before Find Element --->By.xpath: //div[text()=' 30 ']
23:59:00.452  INFO  manager.ListenerWD - After Find Element --->By.xpath: //div[text()=' 30 ']
23:59:00.467  INFO  manager.ListenerWD - Location of element (338, 275)
23:59:00.526  INFO  manager.ListenerWD - Before Find Element --->By.cssSelector: button[aria-label='Next month']
23:59:00.557  INFO  manager.ListenerWD - After Find Element --->By.cssSelector: button[aria-label='Next month']
23:59:00.565  INFO  manager.ListenerWD - Location of element (378, 30)
23:59:00.610  INFO  manager.ListenerWD - Before Find Element --->By.cssSelector: button[aria-label='Next month']
23:59:00.641  INFO  manager.ListenerWD - After Find Element --->By.cssSelector: button[aria-label='Next month']
23:59:00.649  INFO  manager.ListenerWD - Location of element (378, 30)
23:59:00.692  INFO  manager.ListenerWD - Before Find Element --->By.cssSelector: button[aria-label='Next month']
23:59:00.719  INFO  manager.ListenerWD - After Find Element --->By.cssSelector: button[aria-label='Next month']
23:59:00.728  INFO  manager.ListenerWD - Location of element (378, 30)
23:59:00.766  INFO  manager.ListenerWD - Before Find Element --->By.cssSelector: button[aria-label='Next month']
23:59:00.799  INFO  manager.ListenerWD - After Find Element --->By.cssSelector: button[aria-label='Next month']
23:59:00.810  INFO  manager.ListenerWD - Location of element (378, 30)
23:59:00.855  INFO  manager.ListenerWD - Before Find Element --->By.xpath: //div[text()=' 28 ']
23:59:00.886  INFO  manager.ListenerWD - After Find Element --->By.xpath: //div[text()=' 28 ']
23:59:00.899  INFO  manager.ListenerWD - Location of element (378, 275)
23:59:01.550  INFO  manager.ListenerWD - Before Find Element --->By.cssSelector: button[type='submit']
23:59:01.580  INFO  manager.ListenerWD - After Find Element --->By.cssSelector: button[type='submit']
23:59:01.593  INFO  manager.ListenerWD - Location of element (128, 391)
23:59:01.661  INFO  manager.ListenerWD - Before Find ElementS --->By.cssSelector: a.car-container
23:59:07.673  INFO  manager.ListenerWD - After Find ElementS --->By.cssSelector: a.car-container
23:59:07.676  INFO  manager.ListenerWD - list of elements is -->464
