11:44:52.130  INFO  manager.ApplicationManager - All tests run in Chrome Browser
11:44:54.685  INFO  manager.ApplicationManager - The link--->https://ilcarro.web.app/search
11:44:54.738  INFO  manager.ListenerWD - Before Find ElementS --->By.xpath: //a[text()=' Logout ']
11:44:59.794  INFO  manager.ListenerWD - After Find ElementS --->By.xpath: //a[text()=' Logout ']
11:44:59.798  INFO  manager.ListenerWD - list of elements is -->0
11:44:59.800  INFO  manager.ListenerWD - Before Find Element --->By.xpath: //a[text()=' Log in ']
11:44:59.865  INFO  manager.ListenerWD - After Find Element --->By.xpath: //a[text()=' Log in ']
11:44:59.922  INFO  manager.ListenerWD - Location of element (1057, 24)
11:45:00.046  INFO  manager.ListenerWD - Before Find Element --->By.id: email
11:45:00.106  INFO  manager.ListenerWD - After Find Element --->By.id: email
11:45:00.131  INFO  manager.ListenerWD - Location of element (889, 254)
11:45:00.596  INFO  manager.ListenerWD - Before Find Element --->By.id: password
11:45:00.650  INFO  manager.ListenerWD - After Find Element --->By.id: password
11:45:00.665  INFO  manager.ListenerWD - Location of element (889, 327)
11:45:01.010  INFO  manager.ListenerWD - Before Find Element --->By.cssSelector: button[type='submit']
11:45:01.073  INFO  manager.ListenerWD - After Find Element --->By.cssSelector: button[type='submit']
11:45:01.092  INFO  manager.ListenerWD - Location of element (889, 395)
11:45:01.163  INFO  manager.ListenerWD - Before Find ElementS --->By.xpath: //button[text()='Ok']
11:45:02.305  INFO  manager.ListenerWD - After Find ElementS --->By.xpath: //button[text()='Ok']
11:45:02.305  INFO  manager.ListenerWD - list of elements is -->1
11:45:02.306  INFO  manager.ListenerWD - Before Find Element --->By.xpath: //button[text()='Ok']
11:45:02.360  INFO  manager.ListenerWD - After Find Element --->By.xpath: //button[text()='Ok']
11:45:02.385  INFO  manager.ListenerWD - Location of element (665, 323)
11:45:02.457  INFO  tests.TestBase - Logout complete
11:45:02.503  INFO  tests.TestBase - Name of method -->addNewCarSuccess
11:45:02.597  INFO  tests.TestBase - Test start with test data --->Car(location=Jerusalem, Israel, manufacture=BMW, model=M5, year=2020, fuel=Hybrid, seats=4, carClass=C, carRegNumber=238-555-, price=50.0, about=null)
11:45:03.109  INFO  manager.ListenerWD - Before Find Element --->By.xpath: //a[text()=' Let the car work ']
11:45:03.157  INFO  manager.ListenerWD - After Find Element --->By.xpath: //a[text()=' Let the car work ']
11:45:03.177  INFO  manager.ListenerWD - Location of element (524, 24)
11:45:03.312  INFO  manager.ListenerWD - Before Find Element --->By.id: pickUpPlace
11:45:03.369  INFO  manager.ListenerWD - After Find Element --->By.id: pickUpPlace
11:45:03.400  INFO  manager.ListenerWD - Location of element (115, 295)
11:45:03.823  INFO  manager.ListenerWD - Before Find Element --->By.cssSelector: div.pac-item
11:45:04.205  INFO  manager.ListenerWD - After Find Element --->By.cssSelector: div.pac-item
11:45:04.226  INFO  manager.ListenerWD - Location of element (115, 338)
11:45:04.291  INFO  manager.ListenerWD - Before Find Element --->By.id: make
11:45:04.336  INFO  manager.ListenerWD - After Find Element --->By.id: make
11:45:04.357  INFO  manager.ListenerWD - Location of element (115, 469)
11:45:04.688  INFO  manager.ListenerWD - Before Find Element --->By.cssSelector: #model
11:45:04.734  INFO  manager.ListenerWD - After Find Element --->By.cssSelector: #model
11:45:04.756  INFO  manager.ListenerWD - Location of element (115, 548)
11:45:05.083  INFO  manager.ListenerWD - Before Find Element --->By.xpath: //input[@id='year']
11:45:05.126  INFO  manager.ListenerWD - After Find Element --->By.xpath: //input[@id='year']
11:45:05.145  INFO  manager.ListenerWD - Location of element (115, 621)
11:45:05.504  INFO  manager.ListenerWD - Before Find Element --->By.id: fuel
11:45:05.551  INFO  manager.ListenerWD - After Find Element --->By.id: fuel
11:45:05.569  INFO  manager.ListenerWD - Location of element (115, 695)
11:45:05.731  INFO  manager.ListenerWD - Before Find Element --->By.id: seats
11:45:05.775  INFO  manager.ListenerWD - After Find Element --->By.id: seats
11:45:05.798  INFO  manager.ListenerWD - Location of element (115, 769)
11:45:06.214  INFO  manager.ListenerWD - Before Find Element --->By.id: class
11:45:06.253  INFO  manager.ListenerWD - After Find Element --->By.id: class
11:45:06.271  INFO  manager.ListenerWD - Location of element (115, 842)
11:45:06.613  INFO  manager.ListenerWD - Before Find Element --->By.id: serialNumber
11:45:06.664  INFO  manager.ListenerWD - After Find Element --->By.id: serialNumber
11:45:06.683  INFO  manager.ListenerWD - Location of element (115, 916)
11:45:07.031  INFO  manager.ListenerWD - Before Find Element --->By.id: price
11:45:07.083  INFO  manager.ListenerWD - After Find Element --->By.id: price
11:45:07.103  INFO  manager.ListenerWD - Location of element (115, 989)
11:45:07.486  INFO  manager.ListenerWD - Before Find Element --->By.id: about
11:45:07.526  INFO  manager.ListenerWD - After Find Element --->By.id: about
11:45:07.544  INFO  manager.ListenerWD - Location of element (115, 1087)
11:45:07.770  INFO  manager.ListenerWD - Before Find Element --->By.cssSelector: button[type='submit']
11:45:07.804  INFO  manager.ListenerWD - After Find Element --->By.cssSelector: button[type='submit']
11:45:07.821  INFO  manager.ListenerWD - Location of element (115, 1449)
11:45:07.922  INFO  manager.ListenerWD - Before Find Element --->By.cssSelector: .dialog-container
11:45:08.305  INFO  manager.ListenerWD - After Find Element --->By.cssSelector: .dialog-container
11:45:08.333  INFO  manager.ListenerWD - Location of element (480, 234)
11:45:08.411  INFO  manager.ListenerWD - Before Find Element --->By.cssSelector: .dialog-container>h2
11:45:08.470  INFO  manager.ListenerWD - After Find Element --->By.cssSelector: .dialog-container>h2
11:45:08.499  INFO  manager.ListenerWD - Location of element (455, 270)
11:45:08.548  INFO  manager.ListenerWD - Before Find Element --->By.xpath: //button[text()='Search cars']
11:45:13.624  INFO  manager.ListenerWD - Huston we have a problem!
11:45:13.625  INFO  manager.ListenerWD - Object target  --->ChromeDriver: chrome on WINDOWS (1713745d5013635e25116a472261c7fe)
11:45:13.625  INFO  manager.ListenerWD - *************
11:45:13.626  INFO  manager.ListenerWD - Method name --->findElement
11:45:13.626  INFO  manager.ListenerWD - *************
11:45:13.626  INFO  manager.ListenerWD - *************
11:45:13.627  INFO  manager.ListenerWD - *************
11:45:13.630  INFO  manager.ListenerWD - InvocationTargetException & getTargetException -->org.openqa.selenium.NoSuchElementException: no such element: Unable to locate element: {"method":"xpath","selector":"//button[text()='Search cars']"}
  (Session info: chrome=112.0.5615.138)
For documentation on this error, please visit: https://selenium.dev/exceptions/#no_such_element
Build info: version: '4.7.0', revision: '0a5b49d16f'
System info: os.name: 'Windows 10', os.arch: 'amd64', os.version: '10.0', java.version: '11.0.18'
Driver info: org.openqa.selenium.chrome.ChromeDriver
Command: [1713745d5013635e25116a472261c7fe, findElement {using=xpath, value=//button[text()='Search cars']}]
Capabilities {acceptInsecureCerts: false, browserName: chrome, browserVersion: 112.0.5615.138, chrome: {chromedriverVersion: 112.0.5615.49 (bd2a7bcb881c..., userDataDir: C:\Users\ADAM-M~1\AppData\L...}, goog:chromeOptions: {debuggerAddress: localhost:64691}, networkConnectionEnabled: false, pageLoadStrategy: normal, platformName: WINDOWS, proxy: Proxy(), se:cdp: ws://localhost:64691/devtoo..., se:cdpVersion: 112.0.5615.138, setWindowRect: true, strictFileInteractability: false, timeouts: {implicit: 0, pageLoad: 300000, script: 30000}, unhandledPromptBehavior: dismiss and notify, webauthn:extension:credBlob: true, webauthn:extension:largeBlob: true, webauthn:extension:minPinLength: true, webauthn:extension:prf: true, webauthn:virtualAuthenticators: true}
Session ID: 1713745d5013635e25116a472261c7fe
11:45:13.631  INFO  manager.ListenerWD - *************
11:45:13.635  INFO  manager.ListenerWD - Screen with error  is --->src/test/screenshots/screen_1231.png
