23:56:55.457  INFO  manager.ApplicationManager - All tests run in Chrome Browser
23:56:57.347  INFO  manager.ApplicationManager - The link--->https://ilcarro.web.app/search
23:56:57.419  INFO  tests.TestBase - Name of method -->postCondition
23:56:57.425  INFO  manager.ListenerWD - Before Find Element --->By.cssSelector: a.logo
23:56:57.479  INFO  manager.ListenerWD - After Find Element --->By.cssSelector: a.logo
23:56:57.497  INFO  manager.ListenerWD - Location of element (128, 16)
23:56:57.833  INFO  manager.ListenerWD - Before Find Element --->By.cssSelector: a.logo
23:56:57.872  INFO  manager.ListenerWD - After Find Element --->By.cssSelector: a.logo
23:56:57.883  INFO  manager.ListenerWD - Location of element (128, 16)
23:56:58.069  INFO  tests.TestBase - Name of method -->searchAnyPeriodSuccess
23:56:58.074  INFO  manager.ListenerWD - Before Find Element --->By.cssSelector: a.logo
23:56:58.111  INFO  manager.ListenerWD - After Find Element --->By.cssSelector: a.logo
23:56:58.125  INFO  manager.ListenerWD - Location of element (128, 16)
23:56:58.284  INFO  manager.ListenerWD - Before Find Element --->By.id: city
23:56:58.331  INFO  manager.ListenerWD - After Find Element --->By.id: city
23:56:58.345  INFO  manager.ListenerWD - Location of element (128, 264)
23:56:58.598  INFO  manager.ListenerWD - Before Find Element --->By.cssSelector: div.pac-item
23:56:58.944  INFO  manager.ListenerWD - After Find Element --->By.cssSelector: div.pac-item
23:56:58.959  INFO  manager.ListenerWD - Location of element (128, 306)
23:56:58.999  INFO  manager.ListenerWD - Before Find Element --->By.id: dates
23:56:59.032  INFO  manager.ListenerWD - After Find Element --->By.id: dates
23:56:59.044  INFO  manager.ListenerWD - Location of element (128, 356)
23:56:59.120  INFO  manager.ListenerWD - Before Find Element --->By.id: dates
23:56:59.155  INFO  manager.ListenerWD - After Find Element --->By.id: dates
23:56:59.167  INFO  manager.ListenerWD - Location of element (128, 337)
23:56:59.279  INFO  manager.ListenerWD - Before Find Element --->By.cssSelector: button[aria-label='Next month']
23:56:59.321  INFO  manager.ListenerWD - After Find Element --->By.cssSelector: button[aria-label='Next month']
23:56:59.334  INFO  manager.ListenerWD - Location of element (378, 38)
23:56:59.404  INFO  manager.ListenerWD - Before Find Element --->By.cssSelector: button[aria-label='Next month']
23:56:59.439  INFO  manager.ListenerWD - After Find Element --->By.cssSelector: button[aria-label='Next month']
23:56:59.448  INFO  manager.ListenerWD - Location of element (378, 30)
23:56:59.493  INFO  manager.ListenerWD - Before Find Element --->By.cssSelector: button[aria-label='Next month']
23:56:59.520  INFO  manager.ListenerWD - After Find Element --->By.cssSelector: button[aria-label='Next month']
23:56:59.530  INFO  manager.ListenerWD - Location of element (378, 30)
23:56:59.577  INFO  manager.ListenerWD - Before Find Element --->By.cssSelector: button[aria-label='Next month']
23:56:59.608  INFO  manager.ListenerWD - After Find Element --->By.cssSelector: button[aria-label='Next month']
23:56:59.615  INFO  manager.ListenerWD - Location of element (378, 30)
23:56:59.660  INFO  manager.ListenerWD - Before Find Element --->By.cssSelector: button[aria-label='Next month']
23:56:59.690  INFO  manager.ListenerWD - After Find Element --->By.cssSelector: button[aria-label='Next month']
23:56:59.701  INFO  manager.ListenerWD - Location of element (378, 30)
23:56:59.746  INFO  manager.ListenerWD - Before Find Element --->By.cssSelector: button[aria-label='Next month']
23:56:59.776  INFO  manager.ListenerWD - After Find Element --->By.cssSelector: button[aria-label='Next month']
23:56:59.789  INFO  manager.ListenerWD - Location of element (378, 30)
23:56:59.832  INFO  manager.ListenerWD - Before Find Element --->By.cssSelector: button[aria-label='Next month']
23:56:59.857  INFO  manager.ListenerWD - After Find Element --->By.cssSelector: button[aria-label='Next month']
23:56:59.872  INFO  manager.ListenerWD - Location of element (378, 30)
23:56:59.903  INFO  manager.ListenerWD - Before Find Element --->By.cssSelector: button[aria-label='Next month']
23:56:59.928  INFO  manager.ListenerWD - After Find Element --->By.cssSelector: button[aria-label='Next month']
23:56:59.938  INFO  manager.ListenerWD - Location of element (378, 30)
23:56:59.973  INFO  manager.ListenerWD - Before Find Element --->By.xpath: //div[text()=' 27 ']
23:56:59.999  INFO  manager.ListenerWD - After Find Element --->By.xpath: //div[text()=' 27 ']
23:57:00.014  INFO  manager.ListenerWD - Location of element (258, 275)
23:57:00.075  INFO  manager.ListenerWD - Before Find Element --->By.cssSelector: button[aria-label='Next month']
23:57:00.105  INFO  manager.ListenerWD - After Find Element --->By.cssSelector: button[aria-label='Next month']
23:57:00.121  INFO  manager.ListenerWD - Location of element (378, 30)
23:57:00.179  INFO  manager.ListenerWD - Before Find Element --->By.cssSelector: button[aria-label='Next month']
23:57:00.207  INFO  manager.ListenerWD - After Find Element --->By.cssSelector: button[aria-label='Next month']
23:57:00.215  INFO  manager.ListenerWD - Location of element (378, 30)
23:57:00.248  INFO  manager.ListenerWD - Before Find Element --->By.xpath: //div[text()=' 28 ']
23:57:00.278  INFO  manager.ListenerWD - After Find Element --->By.xpath: //div[text()=' 28 ']
23:57:00.294  INFO  manager.ListenerWD - Location of element (258, 275)
23:57:00.916  INFO  manager.ListenerWD - Before Find Element --->By.cssSelector: button[type='submit']
23:57:00.946  INFO  manager.ListenerWD - After Find Element --->By.cssSelector: button[type='submit']
23:57:00.956  INFO  manager.ListenerWD - Location of element (128, 391)
23:57:01.026  INFO  manager.ListenerWD - Before Find ElementS --->By.cssSelector: a.car-container
23:57:06.639  INFO  manager.ListenerWD - After Find ElementS --->By.cssSelector: a.car-container
23:57:06.646  INFO  manager.ListenerWD - list of elements is -->464
23:57:06.654  INFO  tests.TestBase - Name of method -->searchCurrentMonthSuccess
23:57:06.656  INFO  manager.ListenerWD - Before Find Element --->By.cssSelector: a.logo
23:57:06.676  INFO  manager.ListenerWD - After Find Element --->By.cssSelector: a.logo
23:57:06.687  INFO  manager.ListenerWD - Location of element (128, 16)
23:57:06.947  INFO  manager.ListenerWD - Before Find Element --->By.id: city
23:57:06.979  INFO  manager.ListenerWD - After Find Element --->By.id: city
23:57:07.001  INFO  manager.ListenerWD - Location of element (128, 264)
23:57:07.309  INFO  manager.ListenerWD - Before Find Element --->By.cssSelector: div.pac-item
23:57:07.646  INFO  manager.ListenerWD - After Find Element --->By.cssSelector: div.pac-item
23:57:07.664  INFO  manager.ListenerWD - Location of element (128, 306)
23:57:07.713  INFO  manager.ListenerWD - Before Find Element --->By.id: dates
23:57:07.734  INFO  manager.ListenerWD - After Find Element --->By.id: dates
23:57:07.746  INFO  manager.ListenerWD - Location of element (128, 337)
23:57:07.855  INFO  manager.ListenerWD - Before Find Element --->By.id: dates
23:57:07.881  INFO  manager.ListenerWD - After Find Element --->By.id: dates
23:57:07.893  INFO  manager.ListenerWD - Location of element (128, 337)
23:57:07.991  INFO  manager.ListenerWD - Before Find Element --->By.xpath: //div[text()=' 27 ']
23:57:08.015  INFO  manager.ListenerWD - After Find Element --->By.xpath: //div[text()=' 27 ']
23:57:08.033  INFO  manager.ListenerWD - Location of element (298, 279)
23:57:08.105  INFO  manager.ListenerWD - Before Find Element --->By.xpath: //div[text()=' 28 ']
23:57:08.157  INFO  manager.ListenerWD - After Find Element --->By.xpath: //div[text()=' 28 ']
23:57:08.173  INFO  manager.ListenerWD - Location of element (338, 275)
23:57:08.730  INFO  manager.ListenerWD - Before Find Element --->By.cssSelector: button[type='submit']
23:57:08.749  INFO  manager.ListenerWD - After Find Element --->By.cssSelector: button[type='submit']
23:57:08.763  INFO  manager.ListenerWD - Location of element (128, 391)
23:57:08.842  INFO  manager.ListenerWD - Before Find ElementS --->By.cssSelector: a.car-container
23:57:13.164  INFO  manager.ListenerWD - After Find ElementS --->By.cssSelector: a.car-container
23:57:13.165  INFO  manager.ListenerWD - list of elements is -->464
23:57:13.167  INFO  tests.TestBase - Name of method -->searchCurrentYearSuccess
23:57:13.168  INFO  manager.ListenerWD - Before Find Element --->By.cssSelector: a.logo
23:57:32.437  INFO  manager.ListenerWD - After Find Element --->By.cssSelector: a.logo
23:57:32.454  INFO  manager.ListenerWD - Location of element (128, 16)
23:57:32.757  INFO  manager.ListenerWD - Before Find Element --->By.id: city
23:57:32.786  INFO  manager.ListenerWD - After Find Element --->By.id: city
23:57:32.800  INFO  manager.ListenerWD - Location of element (128, 264)
23:57:33.099  INFO  manager.ListenerWD - Before Find Element --->By.cssSelector: div.pac-item
23:57:33.190  INFO  manager.ListenerWD - After Find Element --->By.cssSelector: div.pac-item
23:57:33.264  INFO  manager.ListenerWD - Huston we have a problem!
23:57:33.265  INFO  manager.ListenerWD - Object target  --->[[ChromeDriver: chrome on WINDOWS (3e5d38f901cfe6eaa047bb34d6171a1e)] -> css selector: div.pac-item]
23:57:33.266  INFO  manager.ListenerWD - *************
23:57:33.268  INFO  manager.ListenerWD - Method name --->getLocation
23:57:33.268  INFO  manager.ListenerWD - *************
23:57:33.268  INFO  manager.ListenerWD - *************
23:57:33.268  INFO  manager.ListenerWD - *************
23:57:33.272  INFO  manager.ListenerWD - InvocationTargetException & getTargetException -->org.openqa.selenium.StaleElementReferenceException: stale element reference: element is not attached to the page document
  (Session info: chrome=112.0.5615.138)
For documentation on this error, please visit: https://selenium.dev/exceptions/#stale_element_reference
Build info: version: '4.7.0', revision: '0a5b49d16f'
System info: os.name: 'Windows 10', os.arch: 'amd64', os.version: '10.0', java.version: '11.0.18'
Driver info: org.openqa.selenium.chrome.ChromeDriver
Command: [3e5d38f901cfe6eaa047bb34d6171a1e, getElementRect {id=64823486-9fa8-404d-8fee-9299dfb73fc6}]
Capabilities {acceptInsecureCerts: false, browserName: chrome, browserVersion: 112.0.5615.138, chrome: {chromedriverVersion: 112.0.5615.49 (bd2a7bcb881c..., userDataDir: C:\Users\ADAM-M~1\AppData\L...}, goog:chromeOptions: {debuggerAddress: localhost:50399}, networkConnectionEnabled: false, pageLoadStrategy: normal, platformName: WINDOWS, proxy: Proxy(), se:cdp: ws://localhost:50399/devtoo..., se:cdpVersion: 112.0.5615.138, setWindowRect: true, strictFileInteractability: false, timeouts: {implicit: 0, pageLoad: 300000, script: 30000}, unhandledPromptBehavior: dismiss and notify, webauthn:extension:credBlob: true, webauthn:extension:largeBlob: true, webauthn:extension:minPinLength: true, webauthn:extension:prf: true, webauthn:virtualAuthenticators: true}
Element: [[ChromeDriver: chrome on WINDOWS (3e5d38f901cfe6eaa047bb34d6171a1e)] -> css selector: div.pac-item]
Session ID: 3e5d38f901cfe6eaa047bb34d6171a1e
23:57:33.273  INFO  manager.ListenerWD - *************
23:57:33.278  INFO  manager.ListenerWD - Screen with error  is --->src/test/screenshots/screen_1959.png
23:57:33.309  INFO  manager.ListenerWD - Huston we have a problem!
23:57:33.310  INFO  manager.ListenerWD - Object target  --->[[ChromeDriver: chrome on WINDOWS (3e5d38f901cfe6eaa047bb34d6171a1e)] -> css selector: div.pac-item]
23:57:33.311  INFO  manager.ListenerWD - *************
23:57:33.311  INFO  manager.ListenerWD - Method name --->click
23:57:33.312  INFO  manager.ListenerWD - *************
23:57:33.312  INFO  manager.ListenerWD - *************
23:57:33.312  INFO  manager.ListenerWD - *************
23:57:33.312  INFO  manager.ListenerWD - InvocationTargetException & getTargetException -->org.openqa.selenium.StaleElementReferenceException: stale element reference: element is not attached to the page document
  (Session info: chrome=112.0.5615.138)
For documentation on this error, please visit: https://selenium.dev/exceptions/#stale_element_reference
Build info: version: '4.7.0', revision: '0a5b49d16f'
System info: os.name: 'Windows 10', os.arch: 'amd64', os.version: '10.0', java.version: '11.0.18'
Driver info: org.openqa.selenium.chrome.ChromeDriver
Command: [3e5d38f901cfe6eaa047bb34d6171a1e, clickElement {id=64823486-9fa8-404d-8fee-9299dfb73fc6}]
Capabilities {acceptInsecureCerts: false, browserName: chrome, browserVersion: 112.0.5615.138, chrome: {chromedriverVersion: 112.0.5615.49 (bd2a7bcb881c..., userDataDir: C:\Users\ADAM-M~1\AppData\L...}, goog:chromeOptions: {debuggerAddress: localhost:50399}, networkConnectionEnabled: false, pageLoadStrategy: normal, platformName: WINDOWS, proxy: Proxy(), se:cdp: ws://localhost:50399/devtoo..., se:cdpVersion: 112.0.5615.138, setWindowRect: true, strictFileInteractability: false, timeouts: {implicit: 0, pageLoad: 300000, script: 30000}, unhandledPromptBehavior: dismiss and notify, webauthn:extension:credBlob: true, webauthn:extension:largeBlob: true, webauthn:extension:minPinLength: true, webauthn:extension:prf: true, webauthn:virtualAuthenticators: true}
Element: [[ChromeDriver: chrome on WINDOWS (3e5d38f901cfe6eaa047bb34d6171a1e)] -> css selector: div.pac-item]
Session ID: 3e5d38f901cfe6eaa047bb34d6171a1e
23:57:33.312  INFO  manager.ListenerWD - *************
23:57:33.313  INFO  manager.ListenerWD - Screen with error  is --->src/test/screenshots/screen_1333.png
