19:16:08.371  INFO  manager.ApplicationManager - All tests run in Chrome Browser
19:16:10.568  INFO  manager.ApplicationManager - The link--->https://ilcarro.web.app/search
19:16:10.642  INFO  tests.TestBase - Name of method -->searchCurrentYearSuccess
19:16:10.649  INFO  manager.ListenerWD - Before Find Element --->By.id: city
19:16:10.705  INFO  manager.ListenerWD - After Find Element --->By.id: city
19:16:10.727  INFO  manager.ListenerWD - Location of element (128, 264)
19:16:11.063  INFO  manager.ListenerWD - Before Find Element --->By.cssSelector: div.pac-item
19:16:11.723  INFO  manager.ListenerWD - After Find Element --->By.cssSelector: div.pac-item
19:16:11.743  INFO  manager.ListenerWD - Location of element (128, 306)
19:16:11.794  INFO  manager.ListenerWD - Before Find Element --->By.id: dates
19:16:11.837  INFO  manager.ListenerWD - After Find Element --->By.id: dates
19:16:11.856  INFO  manager.ListenerWD - Location of element (128, 356)
19:16:11.995  INFO  manager.ListenerWD - Before Find Element --->By.xpath: //div[text()=' 30 ']
19:16:12.034  INFO  manager.ListenerWD - After Find Element --->By.xpath: //div[text()=' 30 ']
19:16:12.051  INFO  manager.ListenerWD - Location of element (138, 310)
19:16:12.134  INFO  manager.ListenerWD - Before Find Element --->By.cssSelector: button[type='submit']
19:16:12.171  INFO  manager.ListenerWD - After Find Element --->By.cssSelector: button[type='submit']
19:16:12.188  INFO  manager.ListenerWD - Location of element (128, 410)
19:16:13.317  INFO  manager.ListenerWD - Huston we have a problem!
19:16:13.318  INFO  manager.ListenerWD - Object target  --->[[ChromeDriver: chrome on WINDOWS (0d14f3eda6afaa2da2ef9a696a54e88b)] -> css selector: button[type='submit']]
19:16:13.318  INFO  manager.ListenerWD - *************
19:16:13.319  INFO  manager.ListenerWD - Method name --->click
19:16:13.319  INFO  manager.ListenerWD - *************
19:16:13.319  INFO  manager.ListenerWD - *************
19:16:13.319  INFO  manager.ListenerWD - *************
19:16:13.323  INFO  manager.ListenerWD - InvocationTargetException & getTargetException -->org.openqa.selenium.ElementClickInterceptedException: element click intercepted: Element <button _ngcontent-lou-c106="" type="submit" disabled="">...</button> is not clickable at point (183, 425). Other element would receive the click: <div class="cdk-overlay-backdrop mat-overlay-transparent-backdrop cdk-overlay-backdrop-showing"></div>
  (Session info: chrome=112.0.5615.137)
Build info: version: '4.7.0', revision: '0a5b49d16f'
System info: os.name: 'Windows 10', os.arch: 'amd64', os.version: '10.0', java.version: '11.0.18'
Driver info: org.openqa.selenium.chrome.ChromeDriver
Command: [0d14f3eda6afaa2da2ef9a696a54e88b, clickElement {id=35ac9301-a37a-4290-b67f-8fa1c6fad97e}]
Capabilities {acceptInsecureCerts: false, browserName: chrome, browserVersion: 112.0.5615.137, chrome: {chromedriverVersion: 112.0.5615.49 (bd2a7bcb881c..., userDataDir: C:\Users\ADAM-M~1\AppData\L...}, goog:chromeOptions: {debuggerAddress: localhost:54802}, networkConnectionEnabled: false, pageLoadStrategy: normal, platformName: WINDOWS, proxy: Proxy(), se:cdp: ws://localhost:54802/devtoo..., se:cdpVersion: 112.0.5615.137, setWindowRect: true, strictFileInteractability: false, timeouts: {implicit: 0, pageLoad: 300000, script: 30000}, unhandledPromptBehavior: dismiss and notify, webauthn:extension:credBlob: true, webauthn:extension:largeBlob: true, webauthn:extension:minPinLength: true, webauthn:extension:prf: true, webauthn:virtualAuthenticators: true}
Element: [[ChromeDriver: chrome on WINDOWS (0d14f3eda6afaa2da2ef9a696a54e88b)] -> css selector: button[type='submit']]
Session ID: 0d14f3eda6afaa2da2ef9a696a54e88b
19:16:13.325  INFO  manager.ListenerWD - *************
19:16:13.326  INFO  manager.ListenerWD - Screen with error  is --->src/test/screenshots/screen_1133.png
