12:06:22.291  INFO  manager.ApplicationManager - All tests run in Chrome Browser
12:06:24.753  INFO  manager.ApplicationManager - The link--->https://ilcarro.web.app/search
12:06:24.791  INFO  manager.ListenerWD - Before Find ElementS --->By.xpath: //a[text()=' Logout ']
12:06:29.848  INFO  manager.ListenerWD - After Find ElementS --->By.xpath: //a[text()=' Logout ']
12:06:29.856  INFO  manager.ListenerWD - list of elements is -->0
12:06:29.858  INFO  manager.ListenerWD - Before Find Element --->By.xpath: //a[text()=' Log in ']
12:06:29.915  INFO  manager.ListenerWD - After Find Element --->By.xpath: //a[text()=' Log in ']
12:06:29.963  INFO  manager.ListenerWD - Location of element (1057, 24)
12:06:30.079  INFO  manager.ListenerWD - Before Find Element --->By.id: email
12:06:30.138  INFO  manager.ListenerWD - After Find Element --->By.id: email
12:06:30.158  INFO  manager.ListenerWD - Location of element (889, 254)
12:06:30.612  INFO  manager.ListenerWD - Before Find Element --->By.id: password
12:06:30.662  INFO  manager.ListenerWD - After Find Element --->By.id: password
12:06:30.684  INFO  manager.ListenerWD - Location of element (889, 327)
12:06:31.046  INFO  manager.ListenerWD - Before Find Element --->By.cssSelector: button[type='submit']
12:06:31.094  INFO  manager.ListenerWD - After Find Element --->By.cssSelector: button[type='submit']
12:06:31.112  INFO  manager.ListenerWD - Location of element (889, 395)
12:06:31.172  INFO  manager.ListenerWD - Before Find ElementS --->By.xpath: //button[text()='Ok']
12:06:32.287  INFO  manager.ListenerWD - After Find ElementS --->By.xpath: //button[text()='Ok']
12:06:32.287  INFO  manager.ListenerWD - list of elements is -->1
12:06:32.287  INFO  manager.ListenerWD - Before Find Element --->By.xpath: //button[text()='Ok']
12:06:32.333  INFO  manager.ListenerWD - After Find Element --->By.xpath: //button[text()='Ok']
12:06:32.354  INFO  manager.ListenerWD - Location of element (664, 322)
12:06:32.429  INFO  tests.TestBase - Logout complete
12:06:32.485  INFO  tests.TestBase - Name of method -->addNewCarSuccess
12:06:32.546  INFO  tests.TestBase - Test start with test data --->Car(location=Jerusalem, Israel, manufacture=BMW, model=M5, year=2020, fuel=Hybrid, seats=4, carClass=C, carRegNumber=567-988-, price=50.0, about=null)
12:06:33.062  INFO  manager.ListenerWD - Before Find Element --->By.xpath: //a[text()=' Let the car work ']
12:06:33.107  INFO  manager.ListenerWD - After Find Element --->By.xpath: //a[text()=' Let the car work ']
12:06:33.127  INFO  manager.ListenerWD - Location of element (524, 24)
12:06:33.249  INFO  manager.ListenerWD - Before Find Element --->By.id: pickUpPlace
12:06:33.298  INFO  manager.ListenerWD - After Find Element --->By.id: pickUpPlace
12:06:33.319  INFO  manager.ListenerWD - Location of element (115, 295)
12:06:33.619  INFO  manager.ListenerWD - Before Find Element --->By.cssSelector: div.pac-item
12:06:33.982  INFO  manager.ListenerWD - After Find Element --->By.cssSelector: div.pac-item
12:06:34.001  INFO  manager.ListenerWD - Location of element (115, 338)
12:06:34.063  INFO  manager.ListenerWD - Before Find Element --->By.id: make
12:06:34.100  INFO  manager.ListenerWD - After Find Element --->By.id: make
12:06:34.116  INFO  manager.ListenerWD - Location of element (115, 469)
12:06:34.400  INFO  manager.ListenerWD - Before Find Element --->By.cssSelector: #model
12:06:34.442  INFO  manager.ListenerWD - After Find Element --->By.cssSelector: #model
12:06:34.462  INFO  manager.ListenerWD - Location of element (115, 548)
12:06:34.783  INFO  manager.ListenerWD - Before Find Element --->By.xpath: //input[@id='year']
12:06:34.830  INFO  manager.ListenerWD - After Find Element --->By.xpath: //input[@id='year']
12:06:34.857  INFO  manager.ListenerWD - Location of element (115, 621)
12:06:35.187  INFO  manager.ListenerWD - Before Find Element --->By.id: fuel
12:06:35.235  INFO  manager.ListenerWD - After Find Element --->By.id: fuel
12:06:35.254  INFO  manager.ListenerWD - Location of element (115, 695)
12:06:35.393  INFO  manager.ListenerWD - Before Find Element --->By.id: seats
12:06:35.434  INFO  manager.ListenerWD - After Find Element --->By.id: seats
12:06:35.451  INFO  manager.ListenerWD - Location of element (115, 769)
12:06:35.824  INFO  manager.ListenerWD - Before Find Element --->By.id: class
12:06:35.885  INFO  manager.ListenerWD - After Find Element --->By.id: class
12:06:35.906  INFO  manager.ListenerWD - Location of element (115, 842)
12:06:36.248  INFO  manager.ListenerWD - Before Find Element --->By.id: serialNumber
12:06:36.297  INFO  manager.ListenerWD - After Find Element --->By.id: serialNumber
12:06:36.319  INFO  manager.ListenerWD - Location of element (115, 916)
12:06:36.699  INFO  manager.ListenerWD - Before Find Element --->By.id: price
12:06:36.739  INFO  manager.ListenerWD - After Find Element --->By.id: price
12:06:36.763  INFO  manager.ListenerWD - Location of element (115, 989)
12:06:37.145  INFO  manager.ListenerWD - Before Find Element --->By.id: about
12:06:37.177  INFO  manager.ListenerWD - After Find Element --->By.id: about
12:06:37.192  INFO  manager.ListenerWD - Location of element (115, 1087)
12:06:37.372  INFO  manager.ListenerWD - Before Find Element --->By.cssSelector: button[type='submit']
12:06:37.401  INFO  manager.ListenerWD - After Find Element --->By.cssSelector: button[type='submit']
12:06:37.416  INFO  manager.ListenerWD - Location of element (115, 1449)
12:06:37.498  INFO  manager.ListenerWD - Before Find Element --->By.cssSelector: .dialog-container
12:06:37.885  INFO  manager.ListenerWD - After Find Element --->By.cssSelector: .dialog-container
12:06:37.918  INFO  manager.ListenerWD - Location of element (472, 232)
12:06:37.987  INFO  manager.ListenerWD - Before Find Element --->By.cssSelector: .dialog-container>h2
12:06:38.049  INFO  manager.ListenerWD - After Find Element --->By.cssSelector: .dialog-container>h2
12:06:38.074  INFO  manager.ListenerWD - Location of element (455, 270)
12:06:38.135  INFO  manager.ListenerWD - Before Find Element --->By.xpath: //button[text()='Search cars']
12:06:43.199  INFO  manager.ListenerWD - Huston we have a problem!
12:06:43.201  INFO  manager.ListenerWD - Object target  --->ChromeDriver: chrome on WINDOWS (1e88c738a082d9dc7eb775b41ad0bc29)
12:06:43.201  INFO  manager.ListenerWD - *************
12:06:43.202  INFO  manager.ListenerWD - Method name --->findElement
12:06:43.202  INFO  manager.ListenerWD - *************
12:06:43.202  INFO  manager.ListenerWD - *************
12:06:43.202  INFO  manager.ListenerWD - *************
12:06:43.205  INFO  manager.ListenerWD - InvocationTargetException & getTargetException -->org.openqa.selenium.NoSuchElementException: no such element: Unable to locate element: {"method":"xpath","selector":"//button[text()='Search cars']"}
  (Session info: chrome=112.0.5615.138)
For documentation on this error, please visit: https://selenium.dev/exceptions/#no_such_element
Build info: version: '4.7.0', revision: '0a5b49d16f'
System info: os.name: 'Windows 10', os.arch: 'amd64', os.version: '10.0', java.version: '11.0.18'
Driver info: org.openqa.selenium.chrome.ChromeDriver
Command: [1e88c738a082d9dc7eb775b41ad0bc29, findElement {using=xpath, value=//button[text()='Search cars']}]
Capabilities {acceptInsecureCerts: false, browserName: chrome, browserVersion: 112.0.5615.138, chrome: {chromedriverVersion: 112.0.5615.49 (bd2a7bcb881c..., userDataDir: C:\Users\ADAM-M~1\AppData\L...}, goog:chromeOptions: {debuggerAddress: localhost:49771}, networkConnectionEnabled: false, pageLoadStrategy: normal, platformName: WINDOWS, proxy: Proxy(), se:cdp: ws://localhost:49771/devtoo..., se:cdpVersion: 112.0.5615.138, setWindowRect: true, strictFileInteractability: false, timeouts: {implicit: 0, pageLoad: 300000, script: 30000}, unhandledPromptBehavior: dismiss and notify, webauthn:extension:credBlob: true, webauthn:extension:largeBlob: true, webauthn:extension:minPinLength: true, webauthn:extension:prf: true, webauthn:virtualAuthenticators: true}
Session ID: 1e88c738a082d9dc7eb775b41ad0bc29
12:06:43.206  INFO  manager.ListenerWD - *************
12:06:43.210  INFO  manager.ListenerWD - Screen with error  is --->src/test/screenshots/screen_1736.png
12:06:43.452  INFO  tests.TestBase - Name of method -->loginSuccess
12:06:43.454  INFO  manager.ListenerWD - Before Find ElementS --->By.xpath: //a[text()=' Logout ']
12:06:43.500  INFO  manager.ListenerWD - After Find ElementS --->By.xpath: //a[text()=' Logout ']
12:06:43.500  INFO  manager.ListenerWD - list of elements is -->1
12:06:43.501  INFO  manager.ListenerWD - Before Find Element --->By.xpath: //a[text()=' Logout ']
12:06:43.546  INFO  manager.ListenerWD - After Find Element --->By.xpath: //a[text()=' Logout ']
12:06:43.566  INFO  manager.ListenerWD - Location of element (870, 24)
12:06:43.700  INFO  tests.TestBase - Start test with name 'loginSuccess'
12:06:43.716  INFO  tests.TestBase - Test data ---> email: inna_83@gmail.com & password : Aa13579$
12:06:43.717  INFO  manager.ListenerWD - Before Find Element --->By.xpath: //a[text()=' Log in ']
12:06:43.753  INFO  manager.ListenerWD - After Find Element --->By.xpath: //a[text()=' Log in ']
12:06:43.778  INFO  manager.ListenerWD - Location of element (1057, 24)
12:06:43.891  INFO  manager.ListenerWD - Before Find Element --->By.id: email
12:06:43.926  INFO  manager.ListenerWD - After Find Element --->By.id: email
12:06:43.945  INFO  manager.ListenerWD - Location of element (889, 254)
12:06:44.369  INFO  manager.ListenerWD - Before Find Element --->By.id: password
12:06:44.403  INFO  manager.ListenerWD - After Find Element --->By.id: password
12:06:44.422  INFO  manager.ListenerWD - Location of element (889, 327)
12:06:44.760  INFO  manager.ListenerWD - Before Find Element --->By.cssSelector: button[type='submit']
12:06:44.799  INFO  manager.ListenerWD - After Find Element --->By.cssSelector: button[type='submit']
12:06:44.818  INFO  manager.ListenerWD - Location of element (889, 395)
12:06:44.882  INFO  manager.ListenerWD - Before Find ElementS --->By.xpath: //a[text()=' Logout ']
12:06:45.189  INFO  manager.ListenerWD - After Find ElementS --->By.xpath: //a[text()=' Logout ']
12:06:45.190  INFO  manager.ListenerWD - list of elements is -->1
12:06:45.190  INFO  tests.TestBase - Assert check is Element button 'Sign out' present
12:06:45.193  INFO  manager.ListenerWD - Before Find ElementS --->By.xpath: //button[text()='Ok']
12:06:45.227  INFO  manager.ListenerWD - After Find ElementS --->By.xpath: //button[text()='Ok']
12:06:45.228  INFO  manager.ListenerWD - list of elements is -->1
12:06:45.228  INFO  manager.ListenerWD - Before Find Element --->By.xpath: //button[text()='Ok']
12:06:45.257  INFO  manager.ListenerWD - After Find Element --->By.xpath: //button[text()='Ok']
12:06:45.276  INFO  manager.ListenerWD - Location of element (665, 323)
12:06:45.352  INFO  tests.TestBase - Name of method -->loginSuccess
12:06:45.353  INFO  manager.ListenerWD - Before Find ElementS --->By.xpath: //a[text()=' Logout ']
12:06:45.387  INFO  manager.ListenerWD - After Find ElementS --->By.xpath: //a[text()=' Logout ']
12:06:45.388  INFO  manager.ListenerWD - list of elements is -->1
12:06:45.389  INFO  manager.ListenerWD - Before Find Element --->By.xpath: //a[text()=' Logout ']
12:06:45.419  INFO  manager.ListenerWD - After Find Element --->By.xpath: //a[text()=' Logout ']
12:06:45.438  INFO  manager.ListenerWD - Location of element (870, 0)
12:06:45.616  INFO  tests.TestBase - Start test with name 'loginSuccess'
12:06:45.616  INFO  tests.TestBase - Test data ---> email: noa@gmail.com & password : Nnoa12345$
12:06:45.617  INFO  manager.ListenerWD - Before Find Element --->By.xpath: //a[text()=' Log in ']
12:06:45.650  INFO  manager.ListenerWD - After Find Element --->By.xpath: //a[text()=' Log in ']
12:06:45.670  INFO  manager.ListenerWD - Location of element (1057, 24)
12:06:45.777  INFO  manager.ListenerWD - Before Find Element --->By.id: email
12:06:45.807  INFO  manager.ListenerWD - After Find Element --->By.id: email
12:06:45.821  INFO  manager.ListenerWD - Location of element (889, 254)
12:06:46.151  INFO  manager.ListenerWD - Before Find Element --->By.id: password
12:06:46.187  INFO  manager.ListenerWD - After Find Element --->By.id: password
12:06:46.214  INFO  manager.ListenerWD - Location of element (889, 327)
12:06:46.512  INFO  manager.ListenerWD - Before Find Element --->By.cssSelector: button[type='submit']
12:06:46.549  INFO  manager.ListenerWD - After Find Element --->By.cssSelector: button[type='submit']
12:06:46.568  INFO  manager.ListenerWD - Location of element (889, 395)
12:06:46.643  INFO  manager.ListenerWD - Before Find ElementS --->By.xpath: //a[text()=' Logout ']
12:06:46.998  INFO  manager.ListenerWD - After Find ElementS --->By.xpath: //a[text()=' Logout ']
12:06:46.998  INFO  manager.ListenerWD - list of elements is -->1
12:06:46.999  INFO  tests.TestBase - Assert check is Element button 'Sign out' present
12:06:47.000  INFO  manager.ListenerWD - Before Find ElementS --->By.xpath: //button[text()='Ok']
12:06:47.031  INFO  manager.ListenerWD - After Find ElementS --->By.xpath: //button[text()='Ok']
12:06:47.032  INFO  manager.ListenerWD - list of elements is -->1
12:06:47.032  INFO  manager.ListenerWD - Before Find Element --->By.xpath: //button[text()='Ok']
12:06:47.060  INFO  manager.ListenerWD - After Find Element --->By.xpath: //button[text()='Ok']
12:06:47.075  INFO  manager.ListenerWD - Location of element (665, 323)
12:06:47.165  INFO  tests.TestBase - Name of method -->loginSuccess
12:06:47.166  INFO  manager.ListenerWD - Before Find ElementS --->By.xpath: //a[text()=' Logout ']
12:06:47.176  INFO  manager.ListenerWD - Huston we have a problem!
12:06:47.176  INFO  manager.ListenerWD - Object target  --->ChromeDriver: chrome on WINDOWS (1e88c738a082d9dc7eb775b41ad0bc29)
12:06:47.176  INFO  manager.ListenerWD - *************
12:06:47.176  INFO  manager.ListenerWD - Method name --->findElements
12:06:47.176  INFO  manager.ListenerWD - *************
12:06:47.176  INFO  manager.ListenerWD - *************
12:06:47.176  INFO  manager.ListenerWD - *************
12:06:47.177  INFO  manager.ListenerWD - InvocationTargetException & getTargetException -->org.openqa.selenium.NoSuchWindowException: no such window: target window already closed
from unknown error: web view not found
  (Session info: chrome=112.0.5615.138)
Build info: version: '4.7.0', revision: '0a5b49d16f'
System info: os.name: 'Windows 10', os.arch: 'amd64', os.version: '10.0', java.version: '11.0.18'
Driver info: org.openqa.selenium.chrome.ChromeDriver
Command: [1e88c738a082d9dc7eb775b41ad0bc29, findElements {using=xpath, value=//a[text()=' Logout ']}]
Capabilities {acceptInsecureCerts: false, browserName: chrome, browserVersion: 112.0.5615.138, chrome: {chromedriverVersion: 112.0.5615.49 (bd2a7bcb881c..., userDataDir: C:\Users\ADAM-M~1\AppData\L...}, goog:chromeOptions: {debuggerAddress: localhost:49771}, networkConnectionEnabled: false, pageLoadStrategy: normal, platformName: WINDOWS, proxy: Proxy(), se:cdp: ws://localhost:49771/devtoo..., se:cdpVersion: 112.0.5615.138, setWindowRect: true, strictFileInteractability: false, timeouts: {implicit: 0, pageLoad: 300000, script: 30000}, unhandledPromptBehavior: dismiss and notify, webauthn:extension:credBlob: true, webauthn:extension:largeBlob: true, webauthn:extension:minPinLength: true, webauthn:extension:prf: true, webauthn:virtualAuthenticators: true}
Session ID: 1e88c738a082d9dc7eb775b41ad0bc29
12:06:47.178  INFO  manager.ListenerWD - *************
12:06:47.178  INFO  manager.ListenerWD - Screen with error  is --->src/test/screenshots/screen_1204.png
12:06:47.267  INFO  tests.TestBase - Name of method -->registrationEmptyLastName
12:06:47.270  INFO  manager.ListenerWD - Before Find ElementS --->By.xpath: //a[text()=' Logout ']
12:06:47.277  INFO  manager.ListenerWD - Huston we have a problem!
12:06:47.278  INFO  manager.ListenerWD - Object target  --->ChromeDriver: chrome on WINDOWS (1e88c738a082d9dc7eb775b41ad0bc29)
12:06:47.278  INFO  manager.ListenerWD - *************
12:06:47.278  INFO  manager.ListenerWD - Method name --->findElements
12:06:47.279  INFO  manager.ListenerWD - *************
12:06:47.279  INFO  manager.ListenerWD - *************
12:06:47.279  INFO  manager.ListenerWD - *************
12:06:47.279  INFO  manager.ListenerWD - InvocationTargetException & getTargetException -->org.openqa.selenium.NoSuchWindowException: no such window: target window already closed
from unknown error: web view not found
  (Session info: chrome=112.0.5615.138)
Build info: version: '4.7.0', revision: '0a5b49d16f'
System info: os.name: 'Windows 10', os.arch: 'amd64', os.version: '10.0', java.version: '11.0.18'
Driver info: org.openqa.selenium.chrome.ChromeDriver
Command: [1e88c738a082d9dc7eb775b41ad0bc29, findElements {using=xpath, value=//a[text()=' Logout ']}]
Capabilities {acceptInsecureCerts: false, browserName: chrome, browserVersion: 112.0.5615.138, chrome: {chromedriverVersion: 112.0.5615.49 (bd2a7bcb881c..., userDataDir: C:\Users\ADAM-M~1\AppData\L...}, goog:chromeOptions: {debuggerAddress: localhost:49771}, networkConnectionEnabled: false, pageLoadStrategy: normal, platformName: WINDOWS, proxy: Proxy(), se:cdp: ws://localhost:49771/devtoo..., se:cdpVersion: 112.0.5615.138, setWindowRect: true, strictFileInteractability: false, timeouts: {implicit: 0, pageLoad: 300000, script: 30000}, unhandledPromptBehavior: dismiss and notify, webauthn:extension:credBlob: true, webauthn:extension:largeBlob: true, webauthn:extension:minPinLength: true, webauthn:extension:prf: true, webauthn:virtualAuthenticators: true}
Session ID: 1e88c738a082d9dc7eb775b41ad0bc29
12:06:47.280  INFO  manager.ListenerWD - *************
12:06:47.280  INFO  manager.ListenerWD - Screen with error  is --->src/test/screenshots/screen_1640.png
12:06:47.323  INFO  tests.TestBase - Name of method -->negativeSearch
12:06:47.326  INFO  manager.ListenerWD - Before Find Element --->By.cssSelector: a.logo
12:06:47.330  INFO  manager.ListenerWD - Huston we have a problem!
12:06:47.330  INFO  manager.ListenerWD - Object target  --->ChromeDriver: chrome on WINDOWS (1e88c738a082d9dc7eb775b41ad0bc29)
12:06:47.331  INFO  manager.ListenerWD - *************
12:06:47.331  INFO  manager.ListenerWD - Method name --->findElement
12:06:47.331  INFO  manager.ListenerWD - *************
12:06:47.331  INFO  manager.ListenerWD - *************
12:06:47.331  INFO  manager.ListenerWD - *************
12:06:47.332  INFO  manager.ListenerWD - InvocationTargetException & getTargetException -->org.openqa.selenium.NoSuchWindowException: no such window: target window already closed
from unknown error: web view not found
  (Session info: chrome=112.0.5615.138)
Build info: version: '4.7.0', revision: '0a5b49d16f'
System info: os.name: 'Windows 10', os.arch: 'amd64', os.version: '10.0', java.version: '11.0.18'
Driver info: org.openqa.selenium.chrome.ChromeDriver
Command: [1e88c738a082d9dc7eb775b41ad0bc29, findElement {using=css selector, value=a.logo}]
Capabilities {acceptInsecureCerts: false, browserName: chrome, browserVersion: 112.0.5615.138, chrome: {chromedriverVersion: 112.0.5615.49 (bd2a7bcb881c..., userDataDir: C:\Users\ADAM-M~1\AppData\L...}, goog:chromeOptions: {debuggerAddress: localhost:49771}, networkConnectionEnabled: false, pageLoadStrategy: normal, platformName: WINDOWS, proxy: Proxy(), se:cdp: ws://localhost:49771/devtoo..., se:cdpVersion: 112.0.5615.138, setWindowRect: true, strictFileInteractability: false, timeouts: {implicit: 0, pageLoad: 300000, script: 30000}, unhandledPromptBehavior: dismiss and notify, webauthn:extension:credBlob: true, webauthn:extension:largeBlob: true, webauthn:extension:minPinLength: true, webauthn:extension:prf: true, webauthn:virtualAuthenticators: true}
Session ID: 1e88c738a082d9dc7eb775b41ad0bc29
12:06:47.332  INFO  manager.ListenerWD - *************
12:06:47.332  INFO  manager.ListenerWD - Screen with error  is --->src/test/screenshots/screen_1480.png
