12:00:40.470  INFO  manager.ApplicationManager - All tests run in Chrome Browser
12:00:43.113  INFO  manager.ApplicationManager - The link--->https://ilcarro.web.app/search
12:00:43.161  INFO  manager.ListenerWD - Before Find ElementS --->By.xpath: //a[text()=' Logout ']
12:00:48.216  INFO  manager.ListenerWD - After Find ElementS --->By.xpath: //a[text()=' Logout ']
12:00:48.224  INFO  manager.ListenerWD - list of elements is -->0
12:00:48.226  INFO  manager.ListenerWD - Before Find Element --->By.xpath: //a[text()=' Log in ']
12:00:48.289  INFO  manager.ListenerWD - After Find Element --->By.xpath: //a[text()=' Log in ']
12:00:48.339  INFO  manager.ListenerWD - Location of element (1057, 24)
12:00:48.460  INFO  manager.ListenerWD - Before Find Element --->By.id: email
12:00:48.536  INFO  manager.ListenerWD - After Find Element --->By.id: email
12:00:48.561  INFO  manager.ListenerWD - Location of element (889, 254)
12:00:49.049  INFO  manager.ListenerWD - Before Find Element --->By.id: password
12:00:49.096  INFO  manager.ListenerWD - After Find Element --->By.id: password
12:00:49.111  INFO  manager.ListenerWD - Location of element (889, 327)
12:00:49.501  INFO  manager.ListenerWD - Before Find Element --->By.cssSelector: button[type='submit']
12:00:49.554  INFO  manager.ListenerWD - After Find Element --->By.cssSelector: button[type='submit']
12:00:49.569  INFO  manager.ListenerWD - Location of element (889, 395)
12:00:49.644  INFO  manager.ListenerWD - Before Find ElementS --->By.xpath: //button[text()='Ok']
12:00:50.784  INFO  manager.ListenerWD - After Find ElementS --->By.xpath: //button[text()='Ok']
12:00:50.784  INFO  manager.ListenerWD - list of elements is -->1
12:00:50.785  INFO  manager.ListenerWD - Before Find Element --->By.xpath: //button[text()='Ok']
12:00:50.835  INFO  manager.ListenerWD - After Find Element --->By.xpath: //button[text()='Ok']
12:00:50.854  INFO  manager.ListenerWD - Location of element (665, 323)
12:00:50.928  INFO  tests.TestBase - Logout complete
12:00:50.974  INFO  tests.TestBase - Name of method -->addNewCarSuccessAll
12:00:51.036  INFO  tests.TestBase - Test start with test data --->Car(location=Tel Aviv, Israel, manufacture=Honda, model=HRV, year=2022, fuel=Hybrid, seats=5, carClass=C, carRegNumber=875-765-, price=50.0, about=Very nice car)
12:00:51.537  INFO  manager.ListenerWD - Before Find Element --->By.xpath: //a[text()=' Let the car work ']
12:00:51.590  INFO  manager.ListenerWD - After Find Element --->By.xpath: //a[text()=' Let the car work ']
12:00:51.608  INFO  manager.ListenerWD - Location of element (524, 24)
12:00:51.720  INFO  manager.ListenerWD - Before Find Element --->By.id: pickUpPlace
12:00:51.761  INFO  manager.ListenerWD - After Find Element --->By.id: pickUpPlace
12:00:51.779  INFO  manager.ListenerWD - Location of element (115, 295)
12:00:52.118  INFO  manager.ListenerWD - Before Find Element --->By.cssSelector: div.pac-item
12:00:53.068  INFO  manager.ListenerWD - After Find Element --->By.cssSelector: div.pac-item
12:00:53.087  INFO  manager.ListenerWD - Location of element (115, 338)
12:00:53.163  INFO  manager.ListenerWD - Before Find Element --->By.id: make
12:00:53.208  INFO  manager.ListenerWD - After Find Element --->By.id: make
12:00:53.223  INFO  manager.ListenerWD - Location of element (115, 469)
12:00:53.505  INFO  manager.ListenerWD - Before Find Element --->By.cssSelector: #model
12:00:53.559  INFO  manager.ListenerWD - After Find Element --->By.cssSelector: #model
12:00:53.582  INFO  manager.ListenerWD - Location of element (115, 548)
12:00:53.885  INFO  manager.ListenerWD - Before Find Element --->By.xpath: //input[@id='year']
12:00:53.938  INFO  manager.ListenerWD - After Find Element --->By.xpath: //input[@id='year']
12:00:53.967  INFO  manager.ListenerWD - Location of element (115, 621)
12:00:54.317  INFO  manager.ListenerWD - Before Find Element --->By.id: fuel
12:00:54.363  INFO  manager.ListenerWD - After Find Element --->By.id: fuel
12:00:54.379  INFO  manager.ListenerWD - Location of element (115, 695)
12:00:54.543  INFO  manager.ListenerWD - Before Find Element --->By.id: seats
12:00:54.591  INFO  manager.ListenerWD - After Find Element --->By.id: seats
12:00:54.610  INFO  manager.ListenerWD - Location of element (115, 769)
12:00:54.982  INFO  manager.ListenerWD - Before Find Element --->By.id: class
12:00:55.034  INFO  manager.ListenerWD - After Find Element --->By.id: class
12:00:55.054  INFO  manager.ListenerWD - Location of element (115, 842)
12:00:55.375  INFO  manager.ListenerWD - Before Find Element --->By.id: serialNumber
12:00:55.416  INFO  manager.ListenerWD - After Find Element --->By.id: serialNumber
12:00:55.437  INFO  manager.ListenerWD - Location of element (115, 916)
12:00:55.753  INFO  manager.ListenerWD - Before Find Element --->By.id: price
12:00:55.801  INFO  manager.ListenerWD - After Find Element --->By.id: price
12:00:55.827  INFO  manager.ListenerWD - Location of element (115, 989)
12:00:56.194  INFO  manager.ListenerWD - Before Find Element --->By.id: about
12:00:56.233  INFO  manager.ListenerWD - After Find Element --->By.id: about
12:00:56.250  INFO  manager.ListenerWD - Location of element (115, 1087)
12:00:56.495  INFO  manager.ListenerWD - Before Find Element --->By.cssSelector: button[type='submit']
12:00:56.527  INFO  manager.ListenerWD - After Find Element --->By.cssSelector: button[type='submit']
12:00:56.544  INFO  manager.ListenerWD - Location of element (115, 1449)
12:00:56.619  INFO  manager.ListenerWD - Before Find Element --->By.cssSelector: .dialog-container
12:00:57.081  INFO  manager.ListenerWD - After Find Element --->By.cssSelector: .dialog-container
12:00:57.102  INFO  manager.ListenerWD - Location of element (472, 232)
12:00:57.165  INFO  manager.ListenerWD - Before Find Element --->By.cssSelector: .dialog-container>h2
12:00:57.228  INFO  manager.ListenerWD - After Find Element --->By.cssSelector: .dialog-container>h2
12:00:57.250  INFO  manager.ListenerWD - Location of element (455, 270)
12:00:57.297  INFO  manager.ListenerWD - Before Find Element --->By.cssSelector: .dialog-container
12:00:57.337  INFO  manager.ListenerWD - After Find Element --->By.cssSelector: .dialog-container
12:00:57.359  INFO  manager.ListenerWD - Location of element (455, 227)
12:00:57.414  INFO  manager.ListenerWD - Before Find Element --->By.cssSelector: .dialog-container>h2
12:00:57.457  INFO  manager.ListenerWD - After Find Element --->By.cssSelector: .dialog-container>h2
12:00:57.474  INFO  manager.ListenerWD - Location of element (455, 270)
12:00:57.517  INFO  manager.ListenerWD - Before Find Element --->By.xpath: //button[text()='Search cars']
12:00:57.614  INFO  manager.ListenerWD - After Find Element --->By.xpath: //button[text()='Search cars']
12:00:57.641  INFO  manager.ListenerWD - Location of element (600, 324)
12:00:57.748  INFO  tests.TestBase - Name of method -->addNewCarSuccessAll
12:00:57.750  INFO  tests.TestBase - Test start with test data --->Car(location=Haifa, Israel, manufacture=Toyota, model=Rav4, year=2020, fuel=Petrol, seats=5, carClass=C, carRegNumber=344-765-, price=70.0, about=Very nice car)
12:00:58.262  INFO  manager.ListenerWD - Before Find Element --->By.xpath: //a[text()=' Let the car work ']
12:00:58.291  INFO  manager.ListenerWD - After Find Element --->By.xpath: //a[text()=' Let the car work ']
12:00:58.305  INFO  manager.ListenerWD - Location of element (524, 24)
12:00:58.416  INFO  manager.ListenerWD - Before Find Element --->By.id: pickUpPlace
12:00:58.452  INFO  manager.ListenerWD - After Find Element --->By.id: pickUpPlace
12:00:58.469  INFO  manager.ListenerWD - Location of element (115, 295)
12:00:58.809  INFO  manager.ListenerWD - Before Find Element --->By.cssSelector: div.pac-item
12:00:59.047  INFO  manager.ListenerWD - After Find Element --->By.cssSelector: div.pac-item
12:00:59.066  INFO  manager.ListenerWD - Location of element (115, 338)
12:00:59.134  INFO  manager.ListenerWD - Before Find Element --->By.id: make
12:00:59.171  INFO  manager.ListenerWD - After Find Element --->By.id: make
12:00:59.187  INFO  manager.ListenerWD - Location of element (115, 469)
12:00:59.562  INFO  manager.ListenerWD - Before Find Element --->By.cssSelector: #model
12:00:59.598  INFO  manager.ListenerWD - After Find Element --->By.cssSelector: #model
12:00:59.618  INFO  manager.ListenerWD - Location of element (115, 548)
12:00:59.978  INFO  manager.ListenerWD - Before Find Element --->By.xpath: //input[@id='year']
12:01:00.014  INFO  manager.ListenerWD - After Find Element --->By.xpath: //input[@id='year']
12:01:00.035  INFO  manager.ListenerWD - Location of element (115, 621)
12:01:00.434  INFO  manager.ListenerWD - Before Find Element --->By.id: fuel
12:01:00.460  INFO  manager.ListenerWD - After Find Element --->By.id: fuel
12:01:00.475  INFO  manager.ListenerWD - Location of element (115, 695)
12:01:00.602  INFO  manager.ListenerWD - Before Find Element --->By.id: seats
12:01:00.651  INFO  manager.ListenerWD - After Find Element --->By.id: seats
12:01:00.673  INFO  manager.ListenerWD - Location of element (115, 769)
12:01:01.105  INFO  manager.ListenerWD - Before Find Element --->By.id: class
12:01:01.138  INFO  manager.ListenerWD - After Find Element --->By.id: class
12:01:01.154  INFO  manager.ListenerWD - Location of element (115, 842)
12:01:01.484  INFO  manager.ListenerWD - Before Find Element --->By.id: serialNumber
12:01:01.522  INFO  manager.ListenerWD - After Find Element --->By.id: serialNumber
12:01:01.540  INFO  manager.ListenerWD - Location of element (115, 916)
12:01:01.931  INFO  manager.ListenerWD - Before Find Element --->By.id: price
12:01:01.960  INFO  manager.ListenerWD - After Find Element --->By.id: price
12:01:01.975  INFO  manager.ListenerWD - Location of element (115, 989)
12:01:02.357  INFO  manager.ListenerWD - Before Find Element --->By.id: about
12:01:02.386  INFO  manager.ListenerWD - After Find Element --->By.id: about
12:01:02.403  INFO  manager.ListenerWD - Location of element (115, 1087)
12:01:02.654  INFO  manager.ListenerWD - Before Find Element --->By.cssSelector: button[type='submit']
12:01:02.685  INFO  manager.ListenerWD - After Find Element --->By.cssSelector: button[type='submit']
12:01:02.699  INFO  manager.ListenerWD - Location of element (115, 1449)
12:01:02.763  INFO  manager.ListenerWD - Before Find Element --->By.cssSelector: .dialog-container
12:01:03.030  INFO  manager.ListenerWD - After Find Element --->By.cssSelector: .dialog-container
12:01:03.052  INFO  manager.ListenerWD - Location of element (480, 234)
12:01:03.084  INFO  manager.ListenerWD - Before Find Element --->By.cssSelector: .dialog-container>h2
12:01:03.115  INFO  manager.ListenerWD - After Find Element --->By.cssSelector: .dialog-container>h2
12:01:03.132  INFO  manager.ListenerWD - Location of element (459, 270)
12:01:03.156  INFO  manager.ListenerWD - Before Find Element --->By.cssSelector: .dialog-container
12:01:03.191  INFO  manager.ListenerWD - After Find Element --->By.cssSelector: .dialog-container
12:01:03.206  INFO  manager.ListenerWD - Location of element (455, 227)
12:01:03.234  INFO  manager.ListenerWD - Before Find Element --->By.cssSelector: .dialog-container>h2
12:01:03.266  INFO  manager.ListenerWD - After Find Element --->By.cssSelector: .dialog-container>h2
12:01:03.280  INFO  manager.ListenerWD - Location of element (455, 270)
12:01:03.298  INFO  manager.ListenerWD - Before Find Element --->By.xpath: //button[text()='Search cars']
12:01:03.335  INFO  manager.ListenerWD - After Find Element --->By.xpath: //button[text()='Search cars']
12:01:03.358  INFO  manager.ListenerWD - Location of element (600, 324)
