19:12:59.081  INFO  manager.ApplicationManager - All tests run in Chrome Browser
19:13:01.787  INFO  manager.ApplicationManager - The link --->https://ilcarro.web.app/search
19:13:01.828  INFO  manager.ListenerWD - Before Find ElementS --->By.xpath: //a[text()=' Logout ']
19:13:06.886  INFO  manager.ListenerWD - After Find ElementS --->By.xpath: //a[text()=' Logout ']
19:13:06.887  INFO  manager.ListenerWD - list of elements is -->0
19:13:06.887  INFO  manager.ListenerWD - Before Find Element --->By.xpath: //a[text()=' Log in ']
19:13:06.960  INFO  manager.ListenerWD - After Find Element --->By.xpath: //a[text()=' Log in ']
19:13:07.010  INFO  manager.ListenerWD - Location of element (1057, 24)
19:13:07.135  INFO  manager.ListenerWD - Before Find Element --->By.id: email
19:13:07.198  INFO  manager.ListenerWD - After Find Element --->By.id: email
19:13:07.220  INFO  manager.ListenerWD - Location of element (889, 254)
19:13:07.680  INFO  manager.ListenerWD - Before Find Element --->By.id: password
19:13:07.739  INFO  manager.ListenerWD - After Find Element --->By.id: password
19:13:07.758  INFO  manager.ListenerWD - Location of element (889, 327)
19:13:08.206  INFO  manager.ListenerWD - Before Find Element --->By.cssSelector: button[type='submit']
19:13:08.260  INFO  manager.ListenerWD - After Find Element --->By.cssSelector: button[type='submit']
19:13:08.279  INFO  manager.ListenerWD - Location of element (889, 395)
19:13:08.372  INFO  manager.ListenerWD - Before Find ElementS --->By.xpath: //button[text()='Ok']
19:13:09.377  INFO  manager.ListenerWD - After Find ElementS --->By.xpath: //button[text()='Ok']
19:13:09.378  INFO  manager.ListenerWD - list of elements is -->1
19:13:09.378  INFO  manager.ListenerWD - Before Find Element --->By.xpath: //button[text()='Ok']
19:13:09.433  INFO  manager.ListenerWD - After Find Element --->By.xpath: //button[text()='Ok']
19:13:09.453  INFO  manager.ListenerWD - Location of element (665, 323)
19:13:09.519  INFO  tests.TestBase - Logout complete
19:13:09.569  INFO  tests.TestBase - Name of method -->addNewCarSuccess
19:13:09.573  INFO  tests.TestBase - Test start with test data --->Car(location=Jerusalem, Israel, manufacture=BMW, model=M5, year=2020, fuel=Hybrid, seats=4, carClass=C, carRegNumber=345-897, price=50.0, about=null)
19:13:10.083  INFO  manager.ListenerWD - Before Find Element --->By.xpath: //a[text()=' Let the car work ']
19:13:10.129  INFO  manager.ListenerWD - After Find Element --->By.xpath: //a[text()=' Let the car work ']
19:13:10.152  INFO  manager.ListenerWD - Location of element (524, 24)
19:13:10.288  INFO  manager.ListenerWD - Before Find Element --->By.id: pickUpPlace
19:13:10.329  INFO  manager.ListenerWD - After Find Element --->By.id: pickUpPlace
19:13:10.355  INFO  manager.ListenerWD - Location of element (115, 295)
19:13:10.754  INFO  manager.ListenerWD - Before Find Element --->By.cssSelector: div.pac-item
19:13:11.234  INFO  manager.ListenerWD - After Find Element --->By.cssSelector: div.pac-item
19:13:11.261  INFO  manager.ListenerWD - Location of element (115, 338)
19:13:11.340  INFO  manager.ListenerWD - Before Find Element --->By.id: make
19:13:11.387  INFO  manager.ListenerWD - After Find Element --->By.id: make
19:13:11.404  INFO  manager.ListenerWD - Location of element (115, 469)
19:13:11.789  INFO  manager.ListenerWD - Before Find Element --->By.cssSelector: #model
19:13:11.835  INFO  manager.ListenerWD - After Find Element --->By.cssSelector: #model
19:13:11.849  INFO  manager.ListenerWD - Location of element (115, 548)
19:13:12.192  INFO  manager.ListenerWD - Before Find Element --->By.xpath: //input[@id='year']
19:13:12.247  INFO  manager.ListenerWD - After Find Element --->By.xpath: //input[@id='year']
19:13:12.265  INFO  manager.ListenerWD - Location of element (115, 621)
19:13:12.658  INFO  manager.ListenerWD - Before Find Element --->By.id: fuel
19:13:12.701  INFO  manager.ListenerWD - After Find Element --->By.id: fuel
19:13:12.716  INFO  manager.ListenerWD - Location of element (115, 695)
19:13:12.886  INFO  manager.ListenerWD - Before Find Element --->By.id: seats
19:13:12.940  INFO  manager.ListenerWD - After Find Element --->By.id: seats
19:13:12.958  INFO  manager.ListenerWD - Location of element (115, 769)
19:13:13.374  INFO  manager.ListenerWD - Before Find Element --->By.id: class
19:13:13.422  INFO  manager.ListenerWD - After Find Element --->By.id: class
19:13:13.442  INFO  manager.ListenerWD - Location of element (115, 842)
19:13:13.769  INFO  manager.ListenerWD - Before Find Element --->By.id: serialNumber
19:13:13.811  INFO  manager.ListenerWD - After Find Element --->By.id: serialNumber
19:13:13.839  INFO  manager.ListenerWD - Location of element (115, 916)
19:13:14.189  INFO  manager.ListenerWD - Before Find Element --->By.id: price
19:13:14.243  INFO  manager.ListenerWD - After Find Element --->By.id: price
19:13:14.262  INFO  manager.ListenerWD - Location of element (115, 989)
19:13:14.673  INFO  manager.ListenerWD - Before Find Element --->By.id: about
19:13:14.708  INFO  manager.ListenerWD - After Find Element --->By.id: about
19:13:14.726  INFO  manager.ListenerWD - Location of element (115, 1087)
19:13:14.942  INFO  manager.ListenerWD - Before Find Element --->By.cssSelector: button[type='submit']
19:13:14.977  INFO  manager.ListenerWD - After Find Element --->By.cssSelector: button[type='submit']
19:13:14.997  INFO  manager.ListenerWD - Location of element (115, 1449)
19:13:15.122  INFO  manager.ListenerWD - Before Find Element --->By.cssSelector: .dialog-container
19:13:15.524  INFO  manager.ListenerWD - After Find Element --->By.cssSelector: .dialog-container
19:13:15.549  INFO  manager.ListenerWD - Location of element (472, 232)
19:13:15.619  INFO  manager.ListenerWD - Before Find Element --->By.cssSelector: .dialog-container>h2
19:13:15.684  INFO  manager.ListenerWD - After Find Element --->By.cssSelector: .dialog-container>h2
19:13:15.708  INFO  manager.ListenerWD - Location of element (455, 270)
19:13:15.761  INFO  manager.ListenerWD - Before Find Element --->By.cssSelector: .dialog-container
19:13:15.800  INFO  manager.ListenerWD - After Find Element --->By.cssSelector: .dialog-container
19:13:15.815  INFO  manager.ListenerWD - Location of element (455, 227)
19:13:15.867  INFO  manager.ListenerWD - Before Find Element --->By.cssSelector: .dialog-container>h2
19:13:15.916  INFO  manager.ListenerWD - After Find Element --->By.cssSelector: .dialog-container>h2
19:13:15.934  INFO  manager.ListenerWD - Location of element (455, 270)
19:13:15.952  INFO  manager.ListenerWD - Before Find Element --->By.xpath: //button[text()='Search cars']
19:13:15.989  INFO  manager.ListenerWD - After Find Element --->By.xpath: //button[text()='Search cars']
19:13:16.008  INFO  manager.ListenerWD - Location of element (600, 324)
19:13:16.072  INFO  tests.TestBase - Name of method -->addNewCarSuccess
19:13:16.074  INFO  tests.TestBase - Test start with test data --->Car(location=Ashdod, Israel, manufacture=Renault, model=Captur, year=2017, fuel=Petrol, seats=4, carClass=A, carRegNumber=456-098, price=35.0, about=null)
19:13:16.576  INFO  manager.ListenerWD - Before Find Element --->By.xpath: //a[text()=' Let the car work ']
19:13:16.609  INFO  manager.ListenerWD - After Find Element --->By.xpath: //a[text()=' Let the car work ']
19:13:16.622  INFO  manager.ListenerWD - Location of element (524, 24)
19:13:16.730  INFO  manager.ListenerWD - Before Find Element --->By.id: pickUpPlace
19:13:16.766  INFO  manager.ListenerWD - After Find Element --->By.id: pickUpPlace
19:13:16.785  INFO  manager.ListenerWD - Location of element (115, 295)
19:13:17.153  INFO  manager.ListenerWD - Before Find Element --->By.cssSelector: div.pac-item
19:13:17.446  INFO  manager.ListenerWD - After Find Element --->By.cssSelector: div.pac-item
19:13:17.463  INFO  manager.ListenerWD - Location of element (115, 338)
19:13:17.528  INFO  manager.ListenerWD - Before Find Element --->By.id: make
19:13:17.556  INFO  manager.ListenerWD - After Find Element --->By.id: make
19:13:17.573  INFO  manager.ListenerWD - Location of element (115, 469)
19:13:17.940  INFO  manager.ListenerWD - Before Find Element --->By.cssSelector: #model
19:13:17.969  INFO  manager.ListenerWD - After Find Element --->By.cssSelector: #model
19:13:17.982  INFO  manager.ListenerWD - Location of element (115, 548)
19:13:18.345  INFO  manager.ListenerWD - Before Find Element --->By.xpath: //input[@id='year']
19:13:18.372  INFO  manager.ListenerWD - After Find Element --->By.xpath: //input[@id='year']
19:13:18.389  INFO  manager.ListenerWD - Location of element (115, 621)
19:13:18.779  INFO  manager.ListenerWD - Before Find Element --->By.id: fuel
19:13:18.807  INFO  manager.ListenerWD - After Find Element --->By.id: fuel
19:13:18.823  INFO  manager.ListenerWD - Location of element (115, 695)
19:13:18.975  INFO  manager.ListenerWD - Before Find Element --->By.id: seats
19:13:19.022  INFO  manager.ListenerWD - After Find Element --->By.id: seats
19:13:19.049  INFO  manager.ListenerWD - Location of element (115, 769)
19:13:19.472  INFO  manager.ListenerWD - Before Find Element --->By.id: class
19:13:19.499  INFO  manager.ListenerWD - After Find Element --->By.id: class
19:13:19.513  INFO  manager.ListenerWD - Location of element (115, 842)
19:13:19.907  INFO  manager.ListenerWD - Before Find Element --->By.id: serialNumber
19:13:19.941  INFO  manager.ListenerWD - After Find Element --->By.id: serialNumber
19:13:19.957  INFO  manager.ListenerWD - Location of element (115, 916)
19:13:20.320  INFO  manager.ListenerWD - Before Find Element --->By.id: price
19:13:20.353  INFO  manager.ListenerWD - After Find Element --->By.id: price
19:13:20.368  INFO  manager.ListenerWD - Location of element (115, 989)
19:13:20.742  INFO  manager.ListenerWD - Before Find Element --->By.id: about
19:13:20.769  INFO  manager.ListenerWD - After Find Element --->By.id: about
19:13:20.785  INFO  manager.ListenerWD - Location of element (115, 1087)
19:13:20.994  INFO  manager.ListenerWD - Before Find Element --->By.cssSelector: button[type='submit']
19:13:21.022  INFO  manager.ListenerWD - After Find Element --->By.cssSelector: button[type='submit']
19:13:21.040  INFO  manager.ListenerWD - Location of element (115, 1449)
19:13:21.112  INFO  manager.ListenerWD - Before Find Element --->By.cssSelector: .dialog-container
19:13:21.392  INFO  manager.ListenerWD - After Find Element --->By.cssSelector: .dialog-container
19:13:21.410  INFO  manager.ListenerWD - Location of element (472, 232)
19:13:21.441  INFO  manager.ListenerWD - Before Find Element --->By.cssSelector: .dialog-container>h2
19:13:21.467  INFO  manager.ListenerWD - After Find Element --->By.cssSelector: .dialog-container>h2
19:13:21.486  INFO  manager.ListenerWD - Location of element (457, 270)
19:13:21.525  INFO  manager.ListenerWD - Before Find Element --->By.cssSelector: .dialog-container
19:13:21.554  INFO  manager.ListenerWD - After Find Element --->By.cssSelector: .dialog-container
19:13:21.566  INFO  manager.ListenerWD - Location of element (455, 227)
19:13:21.592  INFO  manager.ListenerWD - Before Find Element --->By.cssSelector: .dialog-container>h2
19:13:21.625  INFO  manager.ListenerWD - After Find Element --->By.cssSelector: .dialog-container>h2
19:13:21.652  INFO  manager.ListenerWD - Location of element (455, 270)
19:13:21.676  INFO  manager.ListenerWD - Before Find Element --->By.xpath: //button[text()='Search cars']
19:13:21.708  INFO  manager.ListenerWD - After Find Element --->By.xpath: //button[text()='Search cars']
19:13:21.728  INFO  manager.ListenerWD - Location of element (600, 324)
19:13:21.807  INFO  tests.TestBase - Name of method -->addNewCarSuccessAll
19:13:21.808  INFO  tests.TestBase - Test start with test data --->Car(location=Tel Aviv, Israel, manufacture=Honda, model=HRV, year=2022, fuel=Hybrid, seats=5, carClass=C, carRegNumber=410-765-, price=50.0, about=Very nice car)
19:13:22.316  INFO  manager.ListenerWD - Before Find Element --->By.xpath: //a[text()=' Let the car work ']
19:13:22.346  INFO  manager.ListenerWD - After Find Element --->By.xpath: //a[text()=' Let the car work ']
19:13:22.360  INFO  manager.ListenerWD - Location of element (524, 24)
19:13:22.447  INFO  manager.ListenerWD - Before Find Element --->By.id: pickUpPlace
19:13:22.478  INFO  manager.ListenerWD - After Find Element --->By.id: pickUpPlace
19:13:22.495  INFO  manager.ListenerWD - Location of element (115, 295)
19:13:22.869  INFO  manager.ListenerWD - Before Find Element --->By.cssSelector: div.pac-item
19:13:23.142  INFO  manager.ListenerWD - After Find Element --->By.cssSelector: div.pac-item
19:13:23.159  INFO  manager.ListenerWD - Location of element (115, 338)
19:13:23.224  INFO  manager.ListenerWD - Before Find Element --->By.id: make
19:13:23.254  INFO  manager.ListenerWD - After Find Element --->By.id: make
19:13:23.279  INFO  manager.ListenerWD - Location of element (115, 469)
19:13:23.669  INFO  manager.ListenerWD - Before Find Element --->By.cssSelector: #model
19:13:23.693  INFO  manager.ListenerWD - After Find Element --->By.cssSelector: #model
19:13:23.710  INFO  manager.ListenerWD - Location of element (115, 548)
19:13:24.063  INFO  manager.ListenerWD - Before Find Element --->By.xpath: //input[@id='year']
19:13:24.093  INFO  manager.ListenerWD - After Find Element --->By.xpath: //input[@id='year']
19:13:24.112  INFO  manager.ListenerWD - Location of element (115, 621)
19:13:24.495  INFO  manager.ListenerWD - Before Find Element --->By.id: fuel
19:13:24.524  INFO  manager.ListenerWD - After Find Element --->By.id: fuel
19:13:24.537  INFO  manager.ListenerWD - Location of element (115, 695)
19:13:24.648  INFO  manager.ListenerWD - Before Find Element --->By.id: seats
19:13:24.680  INFO  manager.ListenerWD - After Find Element --->By.id: seats
19:13:24.705  INFO  manager.ListenerWD - Location of element (115, 769)
19:13:25.118  INFO  manager.ListenerWD - Before Find Element --->By.id: class
19:13:25.145  INFO  manager.ListenerWD - After Find Element --->By.id: class
19:13:25.159  INFO  manager.ListenerWD - Location of element (115, 842)
19:13:25.541  INFO  manager.ListenerWD - Before Find Element --->By.id: serialNumber
19:13:25.566  INFO  manager.ListenerWD - After Find Element --->By.id: serialNumber
19:13:25.581  INFO  manager.ListenerWD - Location of element (115, 916)
19:13:25.954  INFO  manager.ListenerWD - Before Find Element --->By.id: price
19:13:26.002  INFO  manager.ListenerWD - After Find Element --->By.id: price
19:13:26.018  INFO  manager.ListenerWD - Location of element (115, 989)
19:13:26.421  INFO  manager.ListenerWD - Before Find Element --->By.id: about
19:13:26.448  INFO  manager.ListenerWD - After Find Element --->By.id: about
19:13:26.465  INFO  manager.ListenerWD - Location of element (115, 1087)
19:13:26.759  INFO  manager.ListenerWD - Before Find Element --->By.cssSelector: button[type='submit']
19:13:26.792  INFO  manager.ListenerWD - After Find Element --->By.cssSelector: button[type='submit']
19:13:26.809  INFO  manager.ListenerWD - Location of element (115, 1449)
19:13:26.892  INFO  manager.ListenerWD - Before Find Element --->By.cssSelector: .dialog-container
19:13:27.149  INFO  manager.ListenerWD - After Find Element --->By.cssSelector: .dialog-container
19:13:27.174  INFO  manager.ListenerWD - Location of element (490, 238)
19:13:27.205  INFO  manager.ListenerWD - Before Find Element --->By.cssSelector: .dialog-container>h2
19:13:27.235  INFO  manager.ListenerWD - After Find Element --->By.cssSelector: .dialog-container>h2
19:13:27.263  INFO  manager.ListenerWD - Location of element (459, 270)
19:13:27.296  INFO  manager.ListenerWD - Before Find Element --->By.cssSelector: .dialog-container
19:13:27.328  INFO  manager.ListenerWD - After Find Element --->By.cssSelector: .dialog-container
19:13:27.344  INFO  manager.ListenerWD - Location of element (455, 227)
19:13:27.375  INFO  manager.ListenerWD - Before Find Element --->By.cssSelector: .dialog-container>h2
19:13:27.410  INFO  manager.ListenerWD - After Find Element --->By.cssSelector: .dialog-container>h2
19:13:27.441  INFO  manager.ListenerWD - Location of element (455, 270)
19:13:27.461  INFO  manager.ListenerWD - Before Find Element --->By.xpath: //button[text()='Search cars']
19:13:27.493  INFO  manager.ListenerWD - After Find Element --->By.xpath: //button[text()='Search cars']
19:13:27.514  INFO  manager.ListenerWD - Location of element (600, 324)
19:13:27.598  INFO  tests.TestBase - Name of method -->addNewCarSuccessAll
19:13:27.600  INFO  tests.TestBase - Test start with test data --->Car(location=Haifa, Israel, manufacture=Toyota, model=Rav4, year=2020, fuel=Petrol, seats=5, carClass=C, carRegNumber=109-521-, price=70.0, about=Very nice car)
19:13:28.116  INFO  manager.ListenerWD - Before Find Element --->By.xpath: //a[text()=' Let the car work ']
19:13:28.142  INFO  manager.ListenerWD - After Find Element --->By.xpath: //a[text()=' Let the car work ']
19:13:28.157  INFO  manager.ListenerWD - Location of element (524, 24)
19:13:28.256  INFO  manager.ListenerWD - Before Find Element --->By.id: pickUpPlace
19:13:28.285  INFO  manager.ListenerWD - After Find Element --->By.id: pickUpPlace
19:13:28.303  INFO  manager.ListenerWD - Location of element (115, 295)
19:13:28.628  INFO  manager.ListenerWD - Before Find Element --->By.cssSelector: div.pac-item
19:13:28.863  INFO  manager.ListenerWD - After Find Element --->By.cssSelector: div.pac-item
19:13:28.887  INFO  manager.ListenerWD - Location of element (115, 338)
19:13:28.961  INFO  manager.ListenerWD - Before Find Element --->By.id: make
19:13:28.993  INFO  manager.ListenerWD - After Find Element --->By.id: make
19:13:29.014  INFO  manager.ListenerWD - Location of element (115, 469)
19:13:29.390  INFO  manager.ListenerWD - Before Find Element --->By.cssSelector: #model
19:13:29.412  INFO  manager.ListenerWD - After Find Element --->By.cssSelector: #model
19:13:29.432  INFO  manager.ListenerWD - Location of element (115, 548)
19:13:29.782  INFO  manager.ListenerWD - Before Find Element --->By.xpath: //input[@id='year']
19:13:29.811  INFO  manager.ListenerWD - After Find Element --->By.xpath: //input[@id='year']
19:13:29.832  INFO  manager.ListenerWD - Location of element (115, 621)
19:13:30.239  INFO  manager.ListenerWD - Before Find Element --->By.id: fuel
19:13:30.261  INFO  manager.ListenerWD - After Find Element --->By.id: fuel
19:13:30.275  INFO  manager.ListenerWD - Location of element (115, 695)
19:13:30.400  INFO  manager.ListenerWD - Before Find Element --->By.id: seats
19:13:30.431  INFO  manager.ListenerWD - After Find Element --->By.id: seats
19:13:30.461  INFO  manager.ListenerWD - Location of element (115, 769)
19:13:30.876  INFO  manager.ListenerWD - Before Find Element --->By.id: class
19:13:30.903  INFO  manager.ListenerWD - After Find Element --->By.id: class
19:13:30.918  INFO  manager.ListenerWD - Location of element (115, 842)
19:13:31.256  INFO  manager.ListenerWD - Before Find Element --->By.id: serialNumber
19:13:31.291  INFO  manager.ListenerWD - After Find Element --->By.id: serialNumber
19:13:31.310  INFO  manager.ListenerWD - Location of element (115, 916)
19:13:31.670  INFO  manager.ListenerWD - Before Find Element --->By.id: price
19:13:31.768  INFO  manager.ListenerWD - After Find Element --->By.id: price
19:13:31.785  INFO  manager.ListenerWD - Location of element (115, 989)
19:13:32.196  INFO  manager.ListenerWD - Before Find Element --->By.id: about
19:13:32.218  INFO  manager.ListenerWD - After Find Element --->By.id: about
19:13:32.234  INFO  manager.ListenerWD - Location of element (115, 1087)
19:13:32.501  INFO  manager.ListenerWD - Before Find Element --->By.cssSelector: button[type='submit']
19:13:32.525  INFO  manager.ListenerWD - After Find Element --->By.cssSelector: button[type='submit']
19:13:32.539  INFO  manager.ListenerWD - Location of element (115, 1449)
19:13:32.599  INFO  manager.ListenerWD - Before Find Element --->By.cssSelector: .dialog-container
19:13:32.894  INFO  manager.ListenerWD - After Find Element --->By.cssSelector: .dialog-container
19:13:32.913  INFO  manager.ListenerWD - Location of element (472, 232)
19:13:32.942  INFO  manager.ListenerWD - Before Find Element --->By.cssSelector: .dialog-container>h2
19:13:32.972  INFO  manager.ListenerWD - After Find Element --->By.cssSelector: .dialog-container>h2
19:13:32.991  INFO  manager.ListenerWD - Location of element (457, 270)
19:13:33.022  INFO  manager.ListenerWD - Before Find Element --->By.cssSelector: .dialog-container
19:13:33.047  INFO  manager.ListenerWD - After Find Element --->By.cssSelector: .dialog-container
19:13:33.066  INFO  manager.ListenerWD - Location of element (455, 227)
19:13:33.093  INFO  manager.ListenerWD - Before Find Element --->By.cssSelector: .dialog-container>h2
19:13:33.125  INFO  manager.ListenerWD - After Find Element --->By.cssSelector: .dialog-container>h2
19:13:33.146  INFO  manager.ListenerWD - Location of element (455, 270)
19:13:33.166  INFO  manager.ListenerWD - Before Find Element --->By.xpath: //button[text()='Search cars']
19:13:33.194  INFO  manager.ListenerWD - After Find Element --->By.xpath: //button[text()='Search cars']
19:13:33.215  INFO  manager.ListenerWD - Location of element (600, 324)
19:13:33.304  INFO  tests.TestBase - Name of method -->loginSuccess
19:13:33.307  INFO  manager.ListenerWD - Before Find ElementS --->By.xpath: //a[text()=' Logout ']
19:13:33.340  INFO  manager.ListenerWD - After Find ElementS --->By.xpath: //a[text()=' Logout ']
19:13:33.340  INFO  manager.ListenerWD - list of elements is -->1
19:13:33.340  INFO  manager.ListenerWD - Before Find Element --->By.xpath: //a[text()=' Logout ']
19:13:33.376  INFO  manager.ListenerWD - After Find Element --->By.xpath: //a[text()=' Logout ']
19:13:33.435  INFO  manager.ListenerWD - Location of element (870, 24)
19:13:33.577  INFO  tests.TestBase - Start test with name 'loginSuccess'
19:13:33.578  INFO  tests.TestBase - Test data ---> email: inna_83@gmail.com & password : Aa13579$
19:13:33.579  INFO  manager.ListenerWD - Before Find Element --->By.xpath: //a[text()=' Log in ']
19:13:33.606  INFO  manager.ListenerWD - After Find Element --->By.xpath: //a[text()=' Log in ']
19:13:33.624  INFO  manager.ListenerWD - Location of element (1057, 24)
19:13:33.721  INFO  manager.ListenerWD - Before Find Element --->By.id: email
19:13:33.745  INFO  manager.ListenerWD - After Find Element --->By.id: email
19:13:33.766  INFO  manager.ListenerWD - Location of element (889, 254)
19:13:34.186  INFO  manager.ListenerWD - Before Find Element --->By.id: password
19:13:34.210  INFO  manager.ListenerWD - After Find Element --->By.id: password
19:13:34.225  INFO  manager.ListenerWD - Location of element (889, 327)
19:13:34.550  INFO  manager.ListenerWD - Before Find Element --->By.cssSelector: button[type='submit']
19:13:34.589  INFO  manager.ListenerWD - After Find Element --->By.cssSelector: button[type='submit']
19:13:34.610  INFO  manager.ListenerWD - Location of element (889, 395)
19:13:34.675  INFO  manager.ListenerWD - Before Find ElementS --->By.xpath: //a[text()=' Logout ']
19:13:34.960  INFO  manager.ListenerWD - After Find ElementS --->By.xpath: //a[text()=' Logout ']
19:13:34.961  INFO  manager.ListenerWD - list of elements is -->1
19:13:34.961  INFO  tests.TestBase - Assert check is Element button 'Sign out' present
19:13:34.962  INFO  manager.ListenerWD - Before Find ElementS --->By.xpath: //button[text()='Ok']
19:13:34.991  INFO  manager.ListenerWD - After Find ElementS --->By.xpath: //button[text()='Ok']
19:13:34.991  INFO  manager.ListenerWD - list of elements is -->1
19:13:34.991  INFO  manager.ListenerWD - Before Find Element --->By.xpath: //button[text()='Ok']
19:13:35.022  INFO  manager.ListenerWD - After Find Element --->By.xpath: //button[text()='Ok']
19:13:35.047  INFO  manager.ListenerWD - Location of element (665, 323)
19:13:35.141  INFO  tests.TestBase - Name of method -->loginSuccess
19:13:35.142  INFO  manager.ListenerWD - Before Find ElementS --->By.xpath: //a[text()=' Logout ']
19:13:35.171  INFO  manager.ListenerWD - After Find ElementS --->By.xpath: //a[text()=' Logout ']
19:13:35.171  INFO  manager.ListenerWD - list of elements is -->1
19:13:35.172  INFO  manager.ListenerWD - Before Find Element --->By.xpath: //a[text()=' Logout ']
19:13:35.200  INFO  manager.ListenerWD - After Find Element --->By.xpath: //a[text()=' Logout ']
19:13:35.272  INFO  manager.ListenerWD - Location of element (870, 0)
19:13:35.391  INFO  tests.TestBase - Start test with name 'loginSuccess'
19:13:35.392  INFO  tests.TestBase - Test data ---> email: noa@gmail.com & password : Nnoa12345$
19:13:35.392  INFO  manager.ListenerWD - Before Find Element --->By.xpath: //a[text()=' Log in ']
19:13:35.419  INFO  manager.ListenerWD - After Find Element --->By.xpath: //a[text()=' Log in ']
19:13:35.438  INFO  manager.ListenerWD - Location of element (1057, 24)
19:13:35.547  INFO  manager.ListenerWD - Before Find Element --->By.id: email
19:13:35.579  INFO  manager.ListenerWD - After Find Element --->By.id: email
19:13:35.593  INFO  manager.ListenerWD - Location of element (889, 254)
19:13:36.000  INFO  manager.ListenerWD - Before Find Element --->By.id: password
19:13:36.026  INFO  manager.ListenerWD - After Find Element --->By.id: password
19:13:36.040  INFO  manager.ListenerWD - Location of element (889, 327)
19:13:36.372  INFO  manager.ListenerWD - Before Find Element --->By.cssSelector: button[type='submit']
19:13:36.398  INFO  manager.ListenerWD - After Find Element --->By.cssSelector: button[type='submit']
19:13:36.418  INFO  manager.ListenerWD - Location of element (889, 395)
19:13:36.489  INFO  manager.ListenerWD - Before Find ElementS --->By.xpath: //a[text()=' Logout ']
19:13:36.780  INFO  manager.ListenerWD - After Find ElementS --->By.xpath: //a[text()=' Logout ']
19:13:36.780  INFO  manager.ListenerWD - list of elements is -->1
19:13:36.780  INFO  tests.TestBase - Assert check is Element button 'Sign out' present
19:13:36.783  INFO  manager.ListenerWD - Before Find ElementS --->By.xpath: //button[text()='Ok']
19:13:36.810  INFO  manager.ListenerWD - After Find ElementS --->By.xpath: //button[text()='Ok']
19:13:36.810  INFO  manager.ListenerWD - list of elements is -->1
19:13:36.810  INFO  manager.ListenerWD - Before Find Element --->By.xpath: //button[text()='Ok']
19:13:36.840  INFO  manager.ListenerWD - After Find Element --->By.xpath: //button[text()='Ok']
19:13:36.871  INFO  manager.ListenerWD - Location of element (665, 323)
19:13:36.968  INFO  tests.TestBase - Name of method -->loginSuccess
19:13:36.969  INFO  manager.ListenerWD - Before Find ElementS --->By.xpath: //a[text()=' Logout ']
19:13:36.995  INFO  manager.ListenerWD - After Find ElementS --->By.xpath: //a[text()=' Logout ']
19:13:36.995  INFO  manager.ListenerWD - list of elements is -->1
19:13:36.996  INFO  manager.ListenerWD - Before Find Element --->By.xpath: //a[text()=' Logout ']
19:13:37.025  INFO  manager.ListenerWD - After Find Element --->By.xpath: //a[text()=' Logout ']
19:13:37.049  INFO  manager.ListenerWD - Location of element (870, 0)
19:13:37.211  INFO  tests.TestBase - Start test with name 'loginSuccess'
19:13:37.211  INFO  tests.TestBase - Test data ---> email: inna_83@gmail.com & password : Aa13579$
19:13:37.212  INFO  manager.ListenerWD - Before Find Element --->By.xpath: //a[text()=' Log in ']
19:13:37.242  INFO  manager.ListenerWD - After Find Element --->By.xpath: //a[text()=' Log in ']
19:13:37.260  INFO  manager.ListenerWD - Location of element (1057, 24)
19:13:37.360  INFO  manager.ListenerWD - Before Find Element --->By.id: email
19:13:37.391  INFO  manager.ListenerWD - After Find Element --->By.id: email
19:13:37.407  INFO  manager.ListenerWD - Location of element (889, 254)
19:13:37.848  INFO  manager.ListenerWD - Before Find Element --->By.id: password
19:13:37.878  INFO  manager.ListenerWD - After Find Element --->By.id: password
19:13:37.895  INFO  manager.ListenerWD - Location of element (889, 327)
19:13:38.211  INFO  manager.ListenerWD - Before Find Element --->By.cssSelector: button[type='submit']
19:13:38.249  INFO  manager.ListenerWD - After Find Element --->By.cssSelector: button[type='submit']
19:13:38.272  INFO  manager.ListenerWD - Location of element (889, 395)
19:13:38.350  INFO  manager.ListenerWD - Before Find ElementS --->By.xpath: //a[text()=' Logout ']
19:13:38.638  INFO  manager.ListenerWD - After Find ElementS --->By.xpath: //a[text()=' Logout ']
19:13:38.638  INFO  manager.ListenerWD - list of elements is -->1
19:13:38.638  INFO  tests.TestBase - Assert check is Element button 'Sign out' present
19:13:38.639  INFO  manager.ListenerWD - Before Find ElementS --->By.xpath: //button[text()='Ok']
19:13:38.672  INFO  manager.ListenerWD - After Find ElementS --->By.xpath: //button[text()='Ok']
19:13:38.672  INFO  manager.ListenerWD - list of elements is -->1
19:13:38.672  INFO  manager.ListenerWD - Before Find Element --->By.xpath: //button[text()='Ok']
19:13:38.697  INFO  manager.ListenerWD - After Find Element --->By.xpath: //button[text()='Ok']
19:13:38.719  INFO  manager.ListenerWD - Location of element (664, 322)
19:13:38.806  INFO  tests.TestBase - Name of method -->loginSuccess1
19:13:38.807  INFO  manager.ListenerWD - Before Find ElementS --->By.xpath: //a[text()=' Logout ']
19:13:38.842  INFO  manager.ListenerWD - After Find ElementS --->By.xpath: //a[text()=' Logout ']
19:13:38.842  INFO  manager.ListenerWD - list of elements is -->1
19:13:38.842  INFO  manager.ListenerWD - Before Find Element --->By.xpath: //a[text()=' Logout ']
19:13:38.877  INFO  manager.ListenerWD - After Find Element --->By.xpath: //a[text()=' Logout ']
19:13:38.945  INFO  manager.ListenerWD - Location of element (870, 24)
19:13:39.065  INFO  tests.TestBase - Test start with test data --->User{firstName='null', lastName='null', email='inna_83@gmail.com', password='Aa13579$'}
19:13:39.065  INFO  manager.ListenerWD - Before Find Element --->By.xpath: //a[text()=' Log in ']
19:13:39.095  INFO  manager.ListenerWD - After Find Element --->By.xpath: //a[text()=' Log in ']
19:13:39.115  INFO  manager.ListenerWD - Location of element (1057, 24)
19:13:39.211  INFO  manager.ListenerWD - Before Find Element --->By.id: email
19:13:39.240  INFO  manager.ListenerWD - After Find Element --->By.id: email
19:13:39.256  INFO  manager.ListenerWD - Location of element (889, 254)
19:13:39.671  INFO  manager.ListenerWD - Before Find Element --->By.id: password
19:13:39.699  INFO  manager.ListenerWD - After Find Element --->By.id: password
19:13:39.712  INFO  manager.ListenerWD - Location of element (889, 327)
19:13:40.065  INFO  manager.ListenerWD - Before Find Element --->By.cssSelector: button[type='submit']
19:13:40.094  INFO  manager.ListenerWD - After Find Element --->By.cssSelector: button[type='submit']
19:13:40.108  INFO  manager.ListenerWD - Location of element (889, 395)
19:13:40.171  INFO  manager.ListenerWD - Before Find Element --->By.cssSelector: .dialog-container
19:13:40.464  INFO  manager.ListenerWD - After Find Element --->By.cssSelector: .dialog-container
19:13:40.484  INFO  manager.ListenerWD - Location of element (480, 234)
19:13:40.508  INFO  manager.ListenerWD - Before Find Element --->By.cssSelector: .dialog-container>h2
19:13:40.539  INFO  manager.ListenerWD - After Find Element --->By.cssSelector: .dialog-container>h2
19:13:40.559  INFO  manager.ListenerWD - Location of element (457, 270)
19:13:40.583  INFO  manager.ListenerWD - Before Find ElementS --->By.xpath: //button[text()='Ok']
19:13:40.619  INFO  manager.ListenerWD - After Find ElementS --->By.xpath: //button[text()='Ok']
19:13:40.619  INFO  manager.ListenerWD - list of elements is -->1
19:13:40.619  INFO  manager.ListenerWD - Before Find Element --->By.xpath: //button[text()='Ok']
19:13:40.650  INFO  manager.ListenerWD - After Find Element --->By.xpath: //button[text()='Ok']
19:13:40.673  INFO  manager.ListenerWD - Location of element (665, 324)
19:13:40.748  INFO  tests.TestBase - Name of method -->loginSuccess1
19:13:40.750  INFO  manager.ListenerWD - Before Find ElementS --->By.xpath: //a[text()=' Logout ']
19:13:40.780  INFO  manager.ListenerWD - After Find ElementS --->By.xpath: //a[text()=' Logout ']
19:13:40.781  INFO  manager.ListenerWD - list of elements is -->1
19:13:40.781  INFO  manager.ListenerWD - Before Find Element --->By.xpath: //a[text()=' Logout ']
19:13:40.810  INFO  manager.ListenerWD - After Find Element --->By.xpath: //a[text()=' Logout ']
19:13:40.826  INFO  manager.ListenerWD - Location of element (870, 0)
19:13:41.040  INFO  tests.TestBase - Test start with test data --->User{firstName='null', lastName='null', email='noa@gmail.com', password='Nnoa12345$'}
19:13:41.040  INFO  manager.ListenerWD - Before Find Element --->By.xpath: //a[text()=' Log in ']
19:13:41.066  INFO  manager.ListenerWD - After Find Element --->By.xpath: //a[text()=' Log in ']
19:13:41.088  INFO  manager.ListenerWD - Location of element (1057, 24)
19:13:41.184  INFO  manager.ListenerWD - Before Find Element --->By.id: email
19:13:41.206  INFO  manager.ListenerWD - After Find Element --->By.id: email
19:13:41.219  INFO  manager.ListenerWD - Location of element (889, 254)
19:13:41.638  INFO  manager.ListenerWD - Before Find Element --->By.id: password
19:13:41.661  INFO  manager.ListenerWD - After Find Element --->By.id: password
19:13:41.678  INFO  manager.ListenerWD - Location of element (889, 327)
19:13:42.035  INFO  manager.ListenerWD - Before Find Element --->By.cssSelector: button[type='submit']
19:13:42.073  INFO  manager.ListenerWD - After Find Element --->By.cssSelector: button[type='submit']
19:13:42.094  INFO  manager.ListenerWD - Location of element (889, 395)
19:13:42.167  INFO  manager.ListenerWD - Before Find Element --->By.cssSelector: .dialog-container
19:13:42.461  INFO  manager.ListenerWD - After Find Element --->By.cssSelector: .dialog-container
19:13:42.485  INFO  manager.ListenerWD - Location of element (480, 234)
19:13:42.512  INFO  manager.ListenerWD - Before Find Element --->By.cssSelector: .dialog-container>h2
19:13:42.540  INFO  manager.ListenerWD - After Find Element --->By.cssSelector: .dialog-container>h2
19:13:42.558  INFO  manager.ListenerWD - Location of element (457, 270)
19:13:42.592  INFO  manager.ListenerWD - Before Find ElementS --->By.xpath: //button[text()='Ok']
19:13:42.623  INFO  manager.ListenerWD - After Find ElementS --->By.xpath: //button[text()='Ok']
19:13:42.623  INFO  manager.ListenerWD - list of elements is -->1
19:13:42.624  INFO  manager.ListenerWD - Before Find Element --->By.xpath: //button[text()='Ok']
19:13:42.653  INFO  manager.ListenerWD - After Find Element --->By.xpath: //button[text()='Ok']
19:13:42.676  INFO  manager.ListenerWD - Location of element (665, 324)
19:13:42.758  INFO  tests.TestBase - Name of method -->loginSuccess1
19:13:42.761  INFO  manager.ListenerWD - Before Find ElementS --->By.xpath: //a[text()=' Logout ']
19:13:42.793  INFO  manager.ListenerWD - After Find ElementS --->By.xpath: //a[text()=' Logout ']
19:13:42.794  INFO  manager.ListenerWD - list of elements is -->1
19:13:42.794  INFO  manager.ListenerWD - Before Find Element --->By.xpath: //a[text()=' Logout ']
19:13:42.823  INFO  manager.ListenerWD - After Find Element --->By.xpath: //a[text()=' Logout ']
19:13:42.898  INFO  manager.ListenerWD - Location of element (870, 0)
19:13:43.024  INFO  tests.TestBase - Test start with test data --->User{firstName='null', lastName='null', email='inna_83@gmail.com', password='Aa13579$'}
19:13:43.024  INFO  manager.ListenerWD - Before Find Element --->By.xpath: //a[text()=' Log in ']
19:13:43.055  INFO  manager.ListenerWD - After Find Element --->By.xpath: //a[text()=' Log in ']
19:13:43.074  INFO  manager.ListenerWD - Location of element (1057, 24)
19:13:43.186  INFO  manager.ListenerWD - Before Find Element --->By.id: email
19:13:43.211  INFO  manager.ListenerWD - After Find Element --->By.id: email
19:13:43.228  INFO  manager.ListenerWD - Location of element (889, 254)
19:13:43.664  INFO  manager.ListenerWD - Before Find Element --->By.id: password
19:13:43.696  INFO  manager.ListenerWD - After Find Element --->By.id: password
19:13:43.710  INFO  manager.ListenerWD - Location of element (889, 327)
19:13:44.052  INFO  manager.ListenerWD - Before Find Element --->By.cssSelector: button[type='submit']
19:13:44.085  INFO  manager.ListenerWD - After Find Element --->By.cssSelector: button[type='submit']
19:13:44.102  INFO  manager.ListenerWD - Location of element (889, 395)
19:13:44.168  INFO  manager.ListenerWD - Before Find Element --->By.cssSelector: .dialog-container
19:13:44.473  INFO  manager.ListenerWD - After Find Element --->By.cssSelector: .dialog-container
19:13:44.494  INFO  manager.ListenerWD - Location of element (472, 232)
19:13:44.525  INFO  manager.ListenerWD - Before Find Element --->By.cssSelector: .dialog-container>h2
19:13:44.553  INFO  manager.ListenerWD - After Find Element --->By.cssSelector: .dialog-container>h2
19:13:44.575  INFO  manager.ListenerWD - Location of element (457, 270)
19:13:44.610  INFO  manager.ListenerWD - Before Find ElementS --->By.xpath: //button[text()='Ok']
19:13:44.639  INFO  manager.ListenerWD - After Find ElementS --->By.xpath: //button[text()='Ok']
19:13:44.640  INFO  manager.ListenerWD - list of elements is -->1
19:13:44.640  INFO  manager.ListenerWD - Before Find Element --->By.xpath: //button[text()='Ok']
19:13:44.663  INFO  manager.ListenerWD - After Find Element --->By.xpath: //button[text()='Ok']
19:13:44.685  INFO  manager.ListenerWD - Location of element (665, 324)
19:13:44.771  INFO  tests.TestBase - Name of method -->loginSuccessModel
19:13:44.773  INFO  manager.ListenerWD - Before Find ElementS --->By.xpath: //a[text()=' Logout ']
19:13:44.802  INFO  manager.ListenerWD - After Find ElementS --->By.xpath: //a[text()=' Logout ']
19:13:44.803  INFO  manager.ListenerWD - list of elements is -->1
19:13:44.803  INFO  manager.ListenerWD - Before Find Element --->By.xpath: //a[text()=' Logout ']
19:13:44.827  INFO  manager.ListenerWD - After Find Element --->By.xpath: //a[text()=' Logout ']
19:13:44.845  INFO  manager.ListenerWD - Location of element (870, 0)
19:13:45.009  INFO  tests.TestBase - Test start with test data --->/nemail : 'inna_83@gmail.com' & password : 'Aa13579$'
19:13:45.010  INFO  manager.ListenerWD - Before Find Element --->By.xpath: //a[text()=' Log in ']
19:13:45.039  INFO  manager.ListenerWD - After Find Element --->By.xpath: //a[text()=' Log in ']
19:13:45.060  INFO  manager.ListenerWD - Location of element (1057, 24)
19:13:45.156  INFO  manager.ListenerWD - Before Find Element --->By.id: email
19:13:45.182  INFO  manager.ListenerWD - After Find Element --->By.id: email
19:13:45.198  INFO  manager.ListenerWD - Location of element (889, 254)
19:13:45.612  INFO  manager.ListenerWD - Before Find Element --->By.id: password
19:13:45.632  INFO  manager.ListenerWD - After Find Element --->By.id: password
19:13:45.649  INFO  manager.ListenerWD - Location of element (889, 327)
19:13:45.983  INFO  manager.ListenerWD - Before Find Element --->By.cssSelector: button[type='submit']
19:13:46.024  INFO  manager.ListenerWD - After Find Element --->By.cssSelector: button[type='submit']
19:13:46.045  INFO  manager.ListenerWD - Location of element (889, 395)
19:13:46.115  INFO  manager.ListenerWD - Before Find Element --->By.cssSelector: .dialog-container
19:13:46.394  INFO  manager.ListenerWD - After Find Element --->By.cssSelector: .dialog-container
19:13:46.416  INFO  manager.ListenerWD - Location of element (491, 238)
19:13:46.446  INFO  manager.ListenerWD - Before Find Element --->By.cssSelector: .dialog-container>h2
19:13:46.475  INFO  manager.ListenerWD - After Find Element --->By.cssSelector: .dialog-container>h2
19:13:46.495  INFO  manager.ListenerWD - Location of element (459, 270)
19:13:46.528  INFO  manager.ListenerWD - Before Find ElementS --->By.xpath: //button[text()='Ok']
19:13:46.564  INFO  manager.ListenerWD - After Find ElementS --->By.xpath: //button[text()='Ok']
19:13:46.564  INFO  manager.ListenerWD - list of elements is -->1
19:13:46.564  INFO  manager.ListenerWD - Before Find Element --->By.xpath: //button[text()='Ok']
19:13:46.593  INFO  manager.ListenerWD - After Find Element --->By.xpath: //button[text()='Ok']
19:13:46.614  INFO  manager.ListenerWD - Location of element (665, 324)
19:13:46.693  INFO  tests.TestBase - Name of method -->loginSuccessModel
19:13:46.694  INFO  manager.ListenerWD - Before Find ElementS --->By.xpath: //a[text()=' Logout ']
19:13:46.728  INFO  manager.ListenerWD - After Find ElementS --->By.xpath: //a[text()=' Logout ']
19:13:46.728  INFO  manager.ListenerWD - list of elements is -->1
19:13:46.728  INFO  manager.ListenerWD - Before Find Element --->By.xpath: //a[text()=' Logout ']
19:13:46.758  INFO  manager.ListenerWD - After Find Element --->By.xpath: //a[text()=' Logout ']
19:13:46.776  INFO  manager.ListenerWD - Location of element (870, 0)
19:13:46.959  INFO  tests.TestBase - Test start with test data --->/nemail : 'inna_83@gmail.com' & password : 'Aa13579$'
19:13:46.959  INFO  manager.ListenerWD - Before Find Element --->By.xpath: //a[text()=' Log in ']
19:13:46.986  INFO  manager.ListenerWD - After Find Element --->By.xpath: //a[text()=' Log in ']
19:13:47.004  INFO  manager.ListenerWD - Location of element (1057, 24)
19:13:47.100  INFO  manager.ListenerWD - Before Find Element --->By.id: email
19:13:47.128  INFO  manager.ListenerWD - After Find Element --->By.id: email
19:13:47.140  INFO  manager.ListenerWD - Location of element (889, 254)
19:13:47.534  INFO  manager.ListenerWD - Before Find Element --->By.id: password
19:13:47.558  INFO  manager.ListenerWD - After Find Element --->By.id: password
19:13:47.574  INFO  manager.ListenerWD - Location of element (889, 327)
19:13:47.933  INFO  manager.ListenerWD - Before Find Element --->By.cssSelector: button[type='submit']
19:13:47.960  INFO  manager.ListenerWD - After Find Element --->By.cssSelector: button[type='submit']
19:13:47.972  INFO  manager.ListenerWD - Location of element (889, 395)
19:13:48.039  INFO  manager.ListenerWD - Before Find Element --->By.cssSelector: .dialog-container
19:13:48.333  INFO  manager.ListenerWD - After Find Element --->By.cssSelector: .dialog-container
19:13:48.355  INFO  manager.ListenerWD - Location of element (490, 238)
19:13:48.381  INFO  manager.ListenerWD - Before Find Element --->By.cssSelector: .dialog-container>h2
19:13:48.417  INFO  manager.ListenerWD - After Find Element --->By.cssSelector: .dialog-container>h2
19:13:48.437  INFO  manager.ListenerWD - Location of element (459, 270)
19:13:48.465  INFO  manager.ListenerWD - Before Find ElementS --->By.xpath: //button[text()='Ok']
19:13:48.495  INFO  manager.ListenerWD - After Find ElementS --->By.xpath: //button[text()='Ok']
19:13:48.496  INFO  manager.ListenerWD - list of elements is -->1
19:13:48.496  INFO  manager.ListenerWD - Before Find Element --->By.xpath: //button[text()='Ok']
19:13:48.523  INFO  manager.ListenerWD - After Find Element --->By.xpath: //button[text()='Ok']
19:13:48.543  INFO  manager.ListenerWD - Location of element (665, 324)
19:13:48.624  INFO  tests.TestBase - Name of method -->loginSuccessModel
19:13:48.625  INFO  manager.ListenerWD - Before Find ElementS --->By.xpath: //a[text()=' Logout ']
19:13:48.653  INFO  manager.ListenerWD - After Find ElementS --->By.xpath: //a[text()=' Logout ']
19:13:48.653  INFO  manager.ListenerWD - list of elements is -->1
19:13:48.654  INFO  manager.ListenerWD - Before Find Element --->By.xpath: //a[text()=' Logout ']
19:13:48.674  INFO  manager.ListenerWD - After Find Element --->By.xpath: //a[text()=' Logout ']
19:13:48.692  INFO  manager.ListenerWD - Location of element (870, 0)
19:13:48.873  INFO  tests.TestBase - Test start with test data --->/nemail : 'inna_83@gmail.com' & password : 'Aa13579$'
19:13:48.873  INFO  manager.ListenerWD - Before Find Element --->By.xpath: //a[text()=' Log in ']
19:13:48.904  INFO  manager.ListenerWD - After Find Element --->By.xpath: //a[text()=' Log in ']
19:13:48.920  INFO  manager.ListenerWD - Location of element (1057, 24)
19:13:49.022  INFO  manager.ListenerWD - Before Find Element --->By.id: email
19:13:49.045  INFO  manager.ListenerWD - After Find Element --->By.id: email
19:13:49.060  INFO  manager.ListenerWD - Location of element (889, 254)
19:13:49.480  INFO  manager.ListenerWD - Before Find Element --->By.id: password
19:13:49.505  INFO  manager.ListenerWD - After Find Element --->By.id: password
19:13:49.518  INFO  manager.ListenerWD - Location of element (889, 327)
19:13:49.849  INFO  manager.ListenerWD - Before Find Element --->By.cssSelector: button[type='submit']
19:13:49.889  INFO  manager.ListenerWD - After Find Element --->By.cssSelector: button[type='submit']
19:13:49.908  INFO  manager.ListenerWD - Location of element (889, 395)
19:13:49.973  INFO  manager.ListenerWD - Before Find Element --->By.cssSelector: .dialog-container
19:13:50.275  INFO  manager.ListenerWD - After Find Element --->By.cssSelector: .dialog-container
19:13:50.298  INFO  manager.ListenerWD - Location of element (472, 232)
19:13:50.326  INFO  manager.ListenerWD - Before Find Element --->By.cssSelector: .dialog-container>h2
19:13:50.358  INFO  manager.ListenerWD - After Find Element --->By.cssSelector: .dialog-container>h2
19:13:50.385  INFO  manager.ListenerWD - Location of element (456, 270)
19:13:50.419  INFO  manager.ListenerWD - Before Find ElementS --->By.xpath: //button[text()='Ok']
19:13:50.443  INFO  manager.ListenerWD - After Find ElementS --->By.xpath: //button[text()='Ok']
19:13:50.444  INFO  manager.ListenerWD - list of elements is -->1
19:13:50.444  INFO  manager.ListenerWD - Before Find Element --->By.xpath: //button[text()='Ok']
19:13:50.468  INFO  manager.ListenerWD - After Find Element --->By.xpath: //button[text()='Ok']
19:13:50.484  INFO  manager.ListenerWD - Location of element (665, 324)
19:13:50.559  INFO  tests.TestBase - Name of method -->loginUnregisteredUser
19:13:50.560  INFO  manager.ListenerWD - Before Find ElementS --->By.xpath: //a[text()=' Logout ']
19:13:50.588  INFO  manager.ListenerWD - After Find ElementS --->By.xpath: //a[text()=' Logout ']
19:13:50.589  INFO  manager.ListenerWD - list of elements is -->1
19:13:50.589  INFO  manager.ListenerWD - Before Find Element --->By.xpath: //a[text()=' Logout ']
19:13:50.614  INFO  manager.ListenerWD - After Find Element --->By.xpath: //a[text()=' Logout ']
19:13:50.637  INFO  manager.ListenerWD - Location of element (870, 0)
19:13:50.814  INFO  tests.TestBase - Test negative check if it possible to login with valid format data unregistered user 
19:13:50.814  INFO  manager.ListenerWD - Before Find Element --->By.xpath: //a[text()=' Log in ']
19:13:50.842  INFO  manager.ListenerWD - After Find Element --->By.xpath: //a[text()=' Log in ']
19:13:50.868  INFO  manager.ListenerWD - Location of element (1057, 24)
19:13:50.963  INFO  manager.ListenerWD - Before Find Element --->By.id: email
19:13:50.997  INFO  manager.ListenerWD - After Find Element --->By.id: email
19:13:51.008  INFO  manager.ListenerWD - Location of element (889, 254)
19:13:51.411  INFO  manager.ListenerWD - Before Find Element --->By.id: password
19:13:51.434  INFO  manager.ListenerWD - After Find Element --->By.id: password
19:13:51.448  INFO  manager.ListenerWD - Location of element (889, 327)
19:13:51.791  INFO  manager.ListenerWD - Before Find Element --->By.cssSelector: button[type='submit']
19:13:51.818  INFO  manager.ListenerWD - After Find Element --->By.cssSelector: button[type='submit']
19:13:51.839  INFO  manager.ListenerWD - Location of element (889, 395)
19:13:51.925  INFO  manager.ListenerWD - Before Find Element --->By.cssSelector: .dialog-container
19:13:52.335  INFO  manager.ListenerWD - After Find Element --->By.cssSelector: .dialog-container
19:13:52.361  INFO  manager.ListenerWD - Location of element (466, 230)
19:13:52.389  INFO  manager.ListenerWD - Before Find Element --->By.cssSelector: .dialog-container>h2
19:13:52.412  INFO  manager.ListenerWD - After Find Element --->By.cssSelector: .dialog-container>h2
19:13:52.440  INFO  manager.ListenerWD - Location of element (456, 270)
19:13:52.474  INFO  manager.ListenerWD - Before Find ElementS --->By.xpath: //button[text()='Ok']
19:13:52.499  INFO  manager.ListenerWD - After Find ElementS --->By.xpath: //button[text()='Ok']
19:13:52.499  INFO  manager.ListenerWD - list of elements is -->1
19:13:52.499  INFO  manager.ListenerWD - Before Find Element --->By.xpath: //button[text()='Ok']
19:13:52.524  INFO  manager.ListenerWD - After Find Element --->By.xpath: //button[text()='Ok']
19:13:52.543  INFO  manager.ListenerWD - Location of element (665, 324)
19:13:52.624  INFO  tests.TestBase - Name of method -->loginWrongEmail
19:13:52.626  INFO  manager.ListenerWD - Before Find ElementS --->By.xpath: //a[text()=' Logout ']
19:13:57.688  INFO  manager.ListenerWD - After Find ElementS --->By.xpath: //a[text()=' Logout ']
19:13:57.688  INFO  manager.ListenerWD - list of elements is -->0
19:13:57.688  INFO  tests.TestBase - Test negative check if it possible to login with wrong format email 
19:13:57.688  INFO  manager.ListenerWD - Before Find Element --->By.xpath: //a[text()=' Log in ']
19:13:57.708  INFO  manager.ListenerWD - After Find Element --->By.xpath: //a[text()=' Log in ']
19:13:57.721  INFO  manager.ListenerWD - Location of element (1057, 24)
19:13:57.773  INFO  manager.ListenerWD - Before Find Element --->By.id: email
19:13:57.804  INFO  manager.ListenerWD - After Find Element --->By.id: email
19:13:57.818  INFO  manager.ListenerWD - Location of element (889, 254)
19:13:58.198  INFO  manager.ListenerWD - Before Find Element --->By.id: password
19:13:58.219  INFO  manager.ListenerWD - After Find Element --->By.id: password
19:13:58.229  INFO  manager.ListenerWD - Location of element (889, 346)
19:13:58.534  INFO  manager.ListenerWD - Before Find Element --->By.cssSelector: button[type='submit']
19:13:58.558  INFO  manager.ListenerWD - After Find Element --->By.cssSelector: button[type='submit']
19:13:58.569  INFO  manager.ListenerWD - Location of element (889, 414)
19:13:58.606  INFO  manager.ListenerWD - Before Find Element --->By.cssSelector: div.error
19:13:58.630  INFO  manager.ListenerWD - After Find Element --->By.cssSelector: div.error
19:13:58.645  INFO  manager.ListenerWD - Location of element (889, 296)
19:13:58.668  INFO  manager.ListenerWD - Before Find ElementS --->By.cssSelector: button[disabled]
19:13:58.691  INFO  manager.ListenerWD - After Find ElementS --->By.cssSelector: button[disabled]
19:13:58.691  INFO  manager.ListenerWD - list of elements is -->1
19:13:58.691  INFO  manager.ListenerWD - Before Find Element --->By.cssSelector: button[type='submit']
19:13:58.715  INFO  manager.ListenerWD - After Find Element --->By.cssSelector: button[type='submit']
19:13:58.727  INFO  manager.ListenerWD - Location of element (889, 414)
19:13:58.746  INFO  manager.ListenerWD - Before Find ElementS --->By.xpath: //button[text()='Ok']
19:14:03.757  INFO  manager.ListenerWD - After Find ElementS --->By.xpath: //button[text()='Ok']
19:14:03.757  INFO  manager.ListenerWD - list of elements is -->0
19:14:03.759  INFO  tests.TestBase - Name of method -->loginWrongPassword
19:14:03.760  INFO  manager.ListenerWD - Before Find ElementS --->By.xpath: //a[text()=' Logout ']
19:14:08.803  INFO  manager.ListenerWD - After Find ElementS --->By.xpath: //a[text()=' Logout ']
19:14:08.803  INFO  manager.ListenerWD - list of elements is -->0
19:14:08.805  INFO  tests.TestBase - Test negative check if it possible to login with wrong format password 
19:14:08.805  INFO  manager.ListenerWD - Before Find Element --->By.xpath: //a[text()=' Log in ']
19:14:08.828  INFO  manager.ListenerWD - After Find Element --->By.xpath: //a[text()=' Log in ']
19:14:08.842  INFO  manager.ListenerWD - Location of element (1057, 24)
19:14:08.927  INFO  manager.ListenerWD - Before Find Element --->By.id: email
19:14:08.956  INFO  manager.ListenerWD - After Find Element --->By.id: email
19:14:08.970  INFO  manager.ListenerWD - Location of element (889, 254)
19:14:09.350  INFO  manager.ListenerWD - Before Find Element --->By.id: password
19:14:09.372  INFO  manager.ListenerWD - After Find Element --->By.id: password
19:14:09.385  INFO  manager.ListenerWD - Location of element (889, 327)
19:14:09.705  INFO  manager.ListenerWD - Before Find Element --->By.cssSelector: button[type='submit']
19:14:09.729  INFO  manager.ListenerWD - After Find Element --->By.cssSelector: button[type='submit']
19:14:09.742  INFO  manager.ListenerWD - Location of element (889, 395)
19:14:09.796  INFO  manager.ListenerWD - Before Find Element --->By.cssSelector: .dialog-container
19:14:10.219  INFO  manager.ListenerWD - After Find Element --->By.cssSelector: .dialog-container
19:14:10.245  INFO  manager.ListenerWD - Location of element (472, 232)
19:14:10.282  INFO  manager.ListenerWD - Before Find Element --->By.cssSelector: .dialog-container>h2
19:14:10.309  INFO  manager.ListenerWD - After Find Element --->By.cssSelector: .dialog-container>h2
19:14:10.337  INFO  manager.ListenerWD - Location of element (456, 270)
19:14:10.378  INFO  manager.ListenerWD - Before Find ElementS --->By.xpath: //button[text()='Ok']
19:14:10.406  INFO  manager.ListenerWD - After Find ElementS --->By.xpath: //button[text()='Ok']
19:14:10.406  INFO  manager.ListenerWD - list of elements is -->1
19:14:10.406  INFO  manager.ListenerWD - Before Find Element --->By.xpath: //button[text()='Ok']
19:14:10.431  INFO  manager.ListenerWD - After Find Element --->By.xpath: //button[text()='Ok']
19:14:10.454  INFO  manager.ListenerWD - Location of element (665, 324)
19:14:10.535  INFO  tests.TestBase - Name of method -->registrationEmptyLastName
19:14:10.536  INFO  manager.ListenerWD - Before Find ElementS --->By.xpath: //a[text()=' Logout ']
19:14:15.588  INFO  manager.ListenerWD - After Find ElementS --->By.xpath: //a[text()=' Logout ']
19:14:15.588  INFO  manager.ListenerWD - list of elements is -->0
19:14:15.589  INFO  tests.TestBase - Test start with test data --->User{firstName='Liza', lastName='', email='snow@gmail.com', password='Snow12345$'}
19:14:16.090  INFO  manager.ListenerWD - Before Find Element --->By.xpath: //a[text()=' Sign up ']
19:14:16.115  INFO  manager.ListenerWD - After Find Element --->By.xpath: //a[text()=' Sign up ']
19:14:16.131  INFO  manager.ListenerWD - Location of element (936, 24)
19:14:16.260  INFO  manager.ListenerWD - Before Find Element --->By.id: name
19:14:16.293  INFO  manager.ListenerWD - After Find Element --->By.id: name
19:14:16.322  INFO  manager.ListenerWD - Location of element (889, 254)
19:14:16.645  INFO  manager.ListenerWD - Before Find Element --->By.id: lastName
19:14:16.681  INFO  manager.ListenerWD - After Find Element --->By.id: lastName
19:14:16.703  INFO  manager.ListenerWD - Location of element (889, 327)
19:14:17.036  INFO  manager.ListenerWD - Before Find Element --->By.id: email
19:14:17.057  INFO  manager.ListenerWD - After Find Element --->By.id: email
19:14:17.077  INFO  manager.ListenerWD - Location of element (889, 400)
19:14:17.519  INFO  manager.ListenerWD - Before Find Element --->By.id: password
19:14:17.540  INFO  manager.ListenerWD - After Find Element --->By.id: password
19:14:17.559  INFO  manager.ListenerWD - Location of element (889, 493)
19:14:17.938  INFO  manager.ListenerWD - Before Find Element --->By.id: terms-of-use
19:14:17.972  INFO  manager.ListenerWD - After Find Element --->By.id: terms-of-use
19:14:17.987  INFO  manager.ListenerWD - Location of element (893, 549)
19:14:18.016  INFO  manager.ListenerWD - Before Find Element --->By.cssSelector: label[for='terms-of-use']
19:14:18.040  INFO  manager.ListenerWD - After Find Element --->By.cssSelector: label[for='terms-of-use']
19:14:18.056  INFO  manager.ListenerWD - Location of element (889, 546)
19:14:18.240  INFO  manager.ListenerWD - Before Find Element --->By.cssSelector: button[type='submit']
19:14:18.274  INFO  manager.ListenerWD - After Find Element --->By.cssSelector: button[type='submit']
19:14:18.295  INFO  manager.ListenerWD - Location of element (889, 610)
19:14:18.373  INFO  manager.ListenerWD - Before Find Element --->By.cssSelector: div.error
19:14:18.402  INFO  manager.ListenerWD - After Find Element --->By.cssSelector: div.error
19:14:18.419  INFO  manager.ListenerWD - Location of element (889, 369)
19:14:18.444  INFO  manager.ListenerWD - Before Find ElementS --->By.cssSelector: button[disabled]
19:14:18.462  INFO  manager.ListenerWD - After Find ElementS --->By.cssSelector: button[disabled]
19:14:18.462  INFO  manager.ListenerWD - list of elements is -->1
19:14:18.462  INFO  manager.ListenerWD - Before Find Element --->By.cssSelector: button[type='submit']
19:14:18.483  INFO  manager.ListenerWD - After Find Element --->By.cssSelector: button[type='submit']
19:14:18.492  INFO  manager.ListenerWD - Location of element (889, 610)
19:14:18.506  INFO  manager.ListenerWD - Before Find ElementS --->By.xpath: //button[text()='Ok']
19:14:23.563  INFO  manager.ListenerWD - After Find ElementS --->By.xpath: //button[text()='Ok']
19:14:23.563  INFO  manager.ListenerWD - list of elements is -->0
19:14:23.565  INFO  tests.TestBase - Name of method -->registrationEmptyName
19:14:23.566  INFO  manager.ListenerWD - Before Find ElementS --->By.xpath: //a[text()=' Logout ']
19:14:28.621  INFO  manager.ListenerWD - After Find ElementS --->By.xpath: //a[text()=' Logout ']
19:14:28.622  INFO  manager.ListenerWD - list of elements is -->0
19:14:28.622  INFO  tests.TestBase - Test start with test data --->User{firstName='', lastName='Snow', email='snow@gmail.com', password='Snow12345$'}
19:14:29.127  INFO  manager.ListenerWD - Before Find Element --->By.xpath: //a[text()=' Sign up ']
19:14:29.145  INFO  manager.ListenerWD - After Find Element --->By.xpath: //a[text()=' Sign up ']
19:14:29.156  INFO  manager.ListenerWD - Location of element (936, 24)
19:14:29.256  INFO  manager.ListenerWD - Before Find Element --->By.id: name
19:14:29.285  INFO  manager.ListenerWD - After Find Element --->By.id: name
19:14:29.297  INFO  manager.ListenerWD - Location of element (889, 254)
19:14:29.561  INFO  manager.ListenerWD - Before Find Element --->By.id: lastName
19:14:29.577  INFO  manager.ListenerWD - After Find Element --->By.id: lastName
19:14:29.587  INFO  manager.ListenerWD - Location of element (889, 346)
19:14:29.894  INFO  manager.ListenerWD - Before Find Element --->By.id: email
19:14:29.929  INFO  manager.ListenerWD - After Find Element --->By.id: email
19:14:29.942  INFO  manager.ListenerWD - Location of element (889, 419)
19:14:30.299  INFO  manager.ListenerWD - Before Find Element --->By.id: password
19:14:30.324  INFO  manager.ListenerWD - After Find Element --->By.id: password
19:14:30.336  INFO  manager.ListenerWD - Location of element (889, 493)
19:14:30.696  INFO  manager.ListenerWD - Before Find Element --->By.id: terms-of-use
19:14:30.723  INFO  manager.ListenerWD - After Find Element --->By.id: terms-of-use
19:14:30.733  INFO  manager.ListenerWD - Location of element (893, 549)
19:14:30.745  INFO  manager.ListenerWD - Before Find Element --->By.cssSelector: button[type='submit']
19:14:30.762  INFO  manager.ListenerWD - After Find Element --->By.cssSelector: button[type='submit']
19:14:30.773  INFO  manager.ListenerWD - Location of element (889, 610)
19:14:30.814  INFO  manager.ListenerWD - Before Find Element --->By.cssSelector: div.error
19:14:30.843  INFO  manager.ListenerWD - After Find Element --->By.cssSelector: div.error
19:14:30.867  INFO  manager.ListenerWD - Location of element (889, 296)
19:14:30.891  INFO  manager.ListenerWD - Before Find ElementS --->By.cssSelector: button[disabled]
19:14:30.910  INFO  manager.ListenerWD - After Find ElementS --->By.cssSelector: button[disabled]
19:14:30.910  INFO  manager.ListenerWD - list of elements is -->1
19:14:30.910  INFO  manager.ListenerWD - Before Find Element --->By.cssSelector: button[type='submit']
19:14:30.925  INFO  manager.ListenerWD - After Find Element --->By.cssSelector: button[type='submit']
19:14:30.934  INFO  manager.ListenerWD - Location of element (889, 610)
19:14:30.946  INFO  manager.ListenerWD - Before Find ElementS --->By.xpath: //button[text()='Ok']
19:14:36.003  INFO  manager.ListenerWD - After Find ElementS --->By.xpath: //button[text()='Ok']
19:14:36.004  INFO  manager.ListenerWD - list of elements is -->0
19:14:36.005  INFO  tests.TestBase - Name of method -->registrationSuccess
19:14:36.006  INFO  manager.ListenerWD - Before Find ElementS --->By.xpath: //a[text()=' Logout ']
19:14:41.066  INFO  manager.ListenerWD - After Find ElementS --->By.xpath: //a[text()=' Logout ']
19:14:41.066  INFO  manager.ListenerWD - list of elements is -->0
19:14:41.067  INFO  tests.TestBase - Test start with test data --->User{firstName='Liza', lastName='Snow', email='snow936@gmail.com', password='Snow12345$'}
19:14:41.573  INFO  manager.ListenerWD - Before Find Element --->By.xpath: //a[text()=' Sign up ']
19:14:41.594  INFO  manager.ListenerWD - After Find Element --->By.xpath: //a[text()=' Sign up ']
19:14:41.607  INFO  manager.ListenerWD - Location of element (936, 24)
19:14:41.689  INFO  manager.ListenerWD - Before Find Element --->By.id: name
19:14:41.717  INFO  manager.ListenerWD - After Find Element --->By.id: name
19:14:41.731  INFO  manager.ListenerWD - Location of element (889, 254)
19:14:42.055  INFO  manager.ListenerWD - Before Find Element --->By.id: lastName
19:14:42.087  INFO  manager.ListenerWD - After Find Element --->By.id: lastName
19:14:42.101  INFO  manager.ListenerWD - Location of element (889, 327)
19:14:42.391  INFO  manager.ListenerWD - Before Find Element --->By.id: email
19:14:42.419  INFO  manager.ListenerWD - After Find Element --->By.id: email
19:14:42.433  INFO  manager.ListenerWD - Location of element (889, 400)
19:14:42.797  INFO  manager.ListenerWD - Before Find Element --->By.id: password
19:14:42.822  INFO  manager.ListenerWD - After Find Element --->By.id: password
19:14:42.832  INFO  manager.ListenerWD - Location of element (889, 473)
19:14:43.163  INFO  manager.ListenerWD - Before Find Element --->By.id: terms-of-use
19:14:43.189  INFO  manager.ListenerWD - After Find Element --->By.id: terms-of-use
19:14:43.206  INFO  manager.ListenerWD - Location of element (893, 530)
19:14:43.219  INFO  manager.ListenerWD - Before Find Element --->By.cssSelector: button[type='submit']
19:14:43.236  INFO  manager.ListenerWD - After Find Element --->By.cssSelector: button[type='submit']
19:14:43.247  INFO  manager.ListenerWD - Location of element (889, 591)
19:14:43.346  INFO  manager.ListenerWD - Before Find Element --->By.cssSelector: .dialog-container
19:14:43.824  INFO  manager.ListenerWD - After Find Element --->By.cssSelector: .dialog-container
19:14:43.849  INFO  manager.ListenerWD - Location of element (480, 234)
19:14:43.898  INFO  manager.ListenerWD - Before Find Element --->By.cssSelector: .dialog-container>h2
19:14:43.943  INFO  manager.ListenerWD - After Find Element --->By.cssSelector: .dialog-container>h2
19:14:43.970  INFO  manager.ListenerWD - Location of element (455, 270)
19:14:44.006  INFO  manager.ListenerWD - Before Find ElementS --->By.xpath: //button[text()='Ok']
19:14:44.042  INFO  manager.ListenerWD - After Find ElementS --->By.xpath: //button[text()='Ok']
19:14:44.042  INFO  manager.ListenerWD - list of elements is -->1
19:14:44.042  INFO  manager.ListenerWD - Before Find Element --->By.xpath: //button[text()='Ok']
19:14:44.079  INFO  manager.ListenerWD - After Find Element --->By.xpath: //button[text()='Ok']
19:14:44.109  INFO  manager.ListenerWD - Location of element (665, 324)
19:14:44.194  INFO  tests.TestBase - Name of method -->registrationWrongEmail
19:14:44.195  INFO  manager.ListenerWD - Before Find ElementS --->By.xpath: //a[text()=' Logout ']
19:14:44.224  INFO  manager.ListenerWD - After Find ElementS --->By.xpath: //a[text()=' Logout ']
19:14:44.224  INFO  manager.ListenerWD - list of elements is -->1
19:14:44.224  INFO  manager.ListenerWD - Before Find Element --->By.xpath: //a[text()=' Logout ']
19:14:44.259  INFO  manager.ListenerWD - After Find Element --->By.xpath: //a[text()=' Logout ']
19:14:44.338  INFO  manager.ListenerWD - Location of element (870, -32)
19:14:44.457  INFO  tests.TestBase - Test start with test data --->User{firstName='Liza', lastName='Snow', email='snowgmail.com', password='Snow12345$'}
19:14:44.958  INFO  manager.ListenerWD - Before Find Element --->By.xpath: //a[text()=' Sign up ']
19:14:44.981  INFO  manager.ListenerWD - After Find Element --->By.xpath: //a[text()=' Sign up ']
19:14:44.998  INFO  manager.ListenerWD - Location of element (936, 24)
19:14:45.117  INFO  manager.ListenerWD - Before Find Element --->By.id: name
19:14:45.149  INFO  manager.ListenerWD - After Find Element --->By.id: name
19:14:45.167  INFO  manager.ListenerWD - Location of element (889, 254)
19:14:45.520  INFO  manager.ListenerWD - Before Find Element --->By.id: lastName
19:14:45.542  INFO  manager.ListenerWD - After Find Element --->By.id: lastName
19:14:45.562  INFO  manager.ListenerWD - Location of element (889, 327)
19:14:45.861  INFO  manager.ListenerWD - Before Find Element --->By.id: email
19:14:45.900  INFO  manager.ListenerWD - After Find Element --->By.id: email
19:14:45.919  INFO  manager.ListenerWD - Location of element (889, 400)
19:14:46.335  INFO  manager.ListenerWD - Before Find Element --->By.id: password
19:14:46.355  INFO  manager.ListenerWD - After Find Element --->By.id: password
19:14:46.368  INFO  manager.ListenerWD - Location of element (889, 473)
19:14:46.726  INFO  manager.ListenerWD - Before Find Element --->By.id: terms-of-use
19:14:46.753  INFO  manager.ListenerWD - After Find Element --->By.id: terms-of-use
19:14:46.771  INFO  manager.ListenerWD - Location of element (893, 568)
19:14:46.796  INFO  manager.ListenerWD - Before Find Element --->By.cssSelector: label[for='terms-of-use']
19:14:46.815  INFO  manager.ListenerWD - After Find Element --->By.cssSelector: label[for='terms-of-use']
19:14:46.826  INFO  manager.ListenerWD - Location of element (889, 565)
19:14:46.982  INFO  manager.ListenerWD - Before Find Element --->By.cssSelector: button[type='submit']
19:14:47.005  INFO  manager.ListenerWD - After Find Element --->By.cssSelector: button[type='submit']
19:14:47.025  INFO  manager.ListenerWD - Location of element (889, 629)
19:14:47.091  INFO  manager.ListenerWD - Before Find Element --->By.cssSelector: div.error
19:14:47.117  INFO  manager.ListenerWD - After Find Element --->By.cssSelector: div.error
19:14:47.138  INFO  manager.ListenerWD - Location of element (889, 443)
19:14:47.169  INFO  manager.ListenerWD - Before Find ElementS --->By.cssSelector: button[disabled]
19:14:47.192  INFO  manager.ListenerWD - After Find ElementS --->By.cssSelector: button[disabled]
19:14:47.192  INFO  manager.ListenerWD - list of elements is -->1
19:14:47.192  INFO  manager.ListenerWD - Before Find Element --->By.cssSelector: button[type='submit']
19:14:47.218  INFO  manager.ListenerWD - After Find Element --->By.cssSelector: button[type='submit']
19:14:47.233  INFO  manager.ListenerWD - Location of element (889, 629)
19:14:47.248  INFO  manager.ListenerWD - Before Find ElementS --->By.xpath: //button[text()='Ok']
19:14:52.276  INFO  manager.ListenerWD - After Find ElementS --->By.xpath: //button[text()='Ok']
19:14:52.276  INFO  manager.ListenerWD - list of elements is -->0
19:14:52.278  INFO  tests.TestBase - Name of method -->registrationWrongPassword
19:14:52.278  INFO  manager.ListenerWD - Before Find ElementS --->By.xpath: //a[text()=' Logout ']
19:14:57.319  INFO  manager.ListenerWD - After Find ElementS --->By.xpath: //a[text()=' Logout ']
19:14:57.319  INFO  manager.ListenerWD - list of elements is -->0
19:14:57.320  INFO  tests.TestBase - Test start with test data --->User{firstName='Liza', lastName='Snow', email='snow@gmail.com', password='Snow12'}
19:14:57.820  INFO  manager.ListenerWD - Before Find Element --->By.xpath: //a[text()=' Sign up ']
19:14:57.851  INFO  manager.ListenerWD - After Find Element --->By.xpath: //a[text()=' Sign up ']
19:14:57.868  INFO  manager.ListenerWD - Location of element (936, 24)
19:14:57.937  INFO  manager.ListenerWD - Before Find Element --->By.id: name
19:14:57.967  INFO  manager.ListenerWD - After Find Element --->By.id: name
19:14:57.978  INFO  manager.ListenerWD - Location of element (889, 254)
19:14:58.303  INFO  manager.ListenerWD - Before Find Element --->By.id: lastName
19:14:58.327  INFO  manager.ListenerWD - After Find Element --->By.id: lastName
19:14:58.339  INFO  manager.ListenerWD - Location of element (889, 327)
19:14:58.606  INFO  manager.ListenerWD - Before Find Element --->By.id: email
19:14:58.629  INFO  manager.ListenerWD - After Find Element --->By.id: email
19:14:58.640  INFO  manager.ListenerWD - Location of element (889, 400)
19:14:58.984  INFO  manager.ListenerWD - Before Find Element --->By.id: password
19:14:59.008  INFO  manager.ListenerWD - After Find Element --->By.id: password
19:14:59.016  INFO  manager.ListenerWD - Location of element (889, 473)
19:14:59.313  INFO  manager.ListenerWD - Before Find Element --->By.id: terms-of-use
19:14:59.342  INFO  manager.ListenerWD - After Find Element --->By.id: terms-of-use
19:14:59.355  INFO  manager.ListenerWD - Location of element (893, 626)
19:14:59.369  INFO  manager.ListenerWD - Before Find Element --->By.cssSelector: button[type='submit']
19:14:59.391  INFO  manager.ListenerWD - After Find Element --->By.cssSelector: button[type='submit']
19:14:59.404  INFO  manager.ListenerWD - Location of element (889, 687)
19:14:59.458  INFO  manager.ListenerWD - Before Find Element --->By.cssSelector: div.error
19:14:59.486  INFO  manager.ListenerWD - After Find Element --->By.cssSelector: div.error
19:14:59.515  INFO  manager.ListenerWD - Location of element (889, 516)
19:14:59.543  INFO  manager.ListenerWD - Before Find ElementS --->By.cssSelector: button[disabled]
19:14:59.564  INFO  manager.ListenerWD - After Find ElementS --->By.cssSelector: button[disabled]
19:14:59.564  INFO  manager.ListenerWD - list of elements is -->1
19:14:59.564  INFO  manager.ListenerWD - Before Find Element --->By.cssSelector: button[type='submit']
19:14:59.582  INFO  manager.ListenerWD - After Find Element --->By.cssSelector: button[type='submit']
19:14:59.595  INFO  manager.ListenerWD - Location of element (889, 687)
19:14:59.608  INFO  manager.ListenerWD - Before Find ElementS --->By.xpath: //button[text()='Ok']
19:15:04.622  INFO  manager.ListenerWD - After Find ElementS --->By.xpath: //button[text()='Ok']
19:15:04.622  INFO  manager.ListenerWD - list of elements is -->0
19:15:04.625  INFO  tests.TestBase - Name of method -->negativeSearch
19:15:04.626  INFO  manager.ListenerWD - Before Find Element --->By.cssSelector: a.logo
19:15:04.653  INFO  manager.ListenerWD - After Find Element --->By.cssSelector: a.logo
19:15:04.672  INFO  manager.ListenerWD - Location of element (128, 15)
19:15:05.507  INFO  manager.ListenerWD - Before Find Element --->By.id: city
19:15:05.541  INFO  manager.ListenerWD - After Find Element --->By.id: city
19:15:05.566  INFO  manager.ListenerWD - Location of element (128, 264)
19:15:05.981  INFO  manager.ListenerWD - Before Find Element --->By.cssSelector: div.pac-item
19:15:06.382  INFO  manager.ListenerWD - After Find Element --->By.cssSelector: div.pac-item
19:15:06.398  INFO  manager.ListenerWD - Location of element (128, 306)
19:15:06.459  INFO  manager.ListenerWD - Before Find Element --->By.id: dates
19:15:06.492  INFO  manager.ListenerWD - After Find Element --->By.id: dates
19:15:06.506  INFO  manager.ListenerWD - Location of element (128, 337)
19:15:06.660  INFO  manager.ListenerWD - Before Find Element --->By.id: dates
19:15:06.699  INFO  manager.ListenerWD - After Find Element --->By.id: dates
19:15:06.720  INFO  manager.ListenerWD - Location of element (128, 337)
19:15:07.325  INFO  manager.ListenerWD - Before Find Element --->By.cssSelector: div.cdk-overlay-backdrop
19:15:07.362  INFO  manager.ListenerWD - After Find Element --->By.cssSelector: div.cdk-overlay-backdrop
19:15:07.374  INFO  manager.ListenerWD - Location of element (0, 0)
19:15:07.445  INFO  tests.TestBase - Name of method -->searchAnyPeriodSuccess
19:15:07.447  INFO  manager.ListenerWD - Before Find Element --->By.cssSelector: a.logo
19:15:07.475  INFO  manager.ListenerWD - After Find Element --->By.cssSelector: a.logo
19:15:07.494  INFO  manager.ListenerWD - Location of element (128, 16)
19:15:07.924  INFO  manager.ListenerWD - Before Find Element --->By.id: city
19:15:07.962  INFO  manager.ListenerWD - After Find Element --->By.id: city
19:15:07.985  INFO  manager.ListenerWD - Location of element (128, 264)
19:15:08.395  INFO  manager.ListenerWD - Before Find Element --->By.cssSelector: div.pac-item
19:15:08.745  INFO  manager.ListenerWD - After Find Element --->By.cssSelector: div.pac-item
19:15:08.765  INFO  manager.ListenerWD - Location of element (128, 306)
19:15:08.833  INFO  manager.ListenerWD - Before Find Element --->By.id: dates
19:15:08.856  INFO  manager.ListenerWD - After Find Element --->By.id: dates
19:15:08.883  INFO  manager.ListenerWD - Location of element (128, 337)
19:15:09.041  INFO  manager.ListenerWD - Before Find Element --->By.id: dates
19:15:09.075  INFO  manager.ListenerWD - After Find Element --->By.id: dates
19:15:09.094  INFO  manager.ListenerWD - Location of element (128, 337)
19:15:09.259  INFO  manager.ListenerWD - Before Find Element --->By.cssSelector: button[aria-label='Next month']
19:15:09.302  INFO  manager.ListenerWD - After Find Element --->By.cssSelector: button[aria-label='Next month']
19:15:09.325  INFO  manager.ListenerWD - Location of element (378, 38)
19:15:09.438  INFO  manager.ListenerWD - Before Find Element --->By.cssSelector: button[aria-label='Next month']
19:15:09.459  INFO  manager.ListenerWD - After Find Element --->By.cssSelector: button[aria-label='Next month']
19:15:09.475  INFO  manager.ListenerWD - Location of element (378, 30)
19:15:09.573  INFO  manager.ListenerWD - Before Find Element --->By.cssSelector: button[aria-label='Next month']
19:15:09.594  INFO  manager.ListenerWD - After Find Element --->By.cssSelector: button[aria-label='Next month']
19:15:09.607  INFO  manager.ListenerWD - Location of element (378, 30)
19:15:09.697  INFO  manager.ListenerWD - Before Find Element --->By.cssSelector: button[aria-label='Next month']
19:15:09.724  INFO  manager.ListenerWD - After Find Element --->By.cssSelector: button[aria-label='Next month']
19:15:09.739  INFO  manager.ListenerWD - Location of element (378, 30)
19:15:09.821  INFO  manager.ListenerWD - Before Find Element --->By.cssSelector: button[aria-label='Next month']
19:15:09.842  INFO  manager.ListenerWD - After Find Element --->By.cssSelector: button[aria-label='Next month']
19:15:09.858  INFO  manager.ListenerWD - Location of element (378, 30)
19:15:09.947  INFO  manager.ListenerWD - Before Find Element --->By.cssSelector: button[aria-label='Next month']
19:15:09.972  INFO  manager.ListenerWD - After Find Element --->By.cssSelector: button[aria-label='Next month']
19:15:09.987  INFO  manager.ListenerWD - Location of element (378, 30)
19:15:10.073  INFO  manager.ListenerWD - Before Find Element --->By.cssSelector: button[aria-label='Next month']
19:15:10.094  INFO  manager.ListenerWD - After Find Element --->By.cssSelector: button[aria-label='Next month']
19:15:10.108  INFO  manager.ListenerWD - Location of element (378, 30)
19:15:10.193  INFO  manager.ListenerWD - Before Find Element --->By.xpath: //div[text()=' 27 ']
19:15:10.228  INFO  manager.ListenerWD - After Find Element --->By.xpath: //div[text()=' 27 ']
19:15:10.248  INFO  manager.ListenerWD - Location of element (258, 275)
19:15:10.359  INFO  manager.ListenerWD - Before Find Element --->By.cssSelector: button[aria-label='Next month']
19:15:10.388  INFO  manager.ListenerWD - After Find Element --->By.cssSelector: button[aria-label='Next month']
19:15:10.402  INFO  manager.ListenerWD - Location of element (378, 30)
19:15:10.487  INFO  manager.ListenerWD - Before Find Element --->By.cssSelector: button[aria-label='Next month']
19:15:10.507  INFO  manager.ListenerWD - After Find Element --->By.cssSelector: button[aria-label='Next month']
19:15:10.522  INFO  manager.ListenerWD - Location of element (378, 30)
19:15:10.607  INFO  manager.ListenerWD - Before Find Element --->By.xpath: //div[text()=' 28 ']
19:15:10.642  INFO  manager.ListenerWD - After Find Element --->By.xpath: //div[text()=' 28 ']
19:15:10.665  INFO  manager.ListenerWD - Location of element (258, 275)
19:15:11.754  INFO  manager.ListenerWD - Before Find Element --->By.cssSelector: button[type='submit']
19:15:11.773  INFO  manager.ListenerWD - After Find Element --->By.cssSelector: button[type='submit']
19:15:11.789  INFO  manager.ListenerWD - Location of element (128, 391)
19:15:11.932  INFO  manager.ListenerWD - Before Find ElementS --->By.cssSelector: a.car-container
19:15:17.444  INFO  manager.ListenerWD - After Find ElementS --->By.cssSelector: a.car-container
19:15:17.444  INFO  manager.ListenerWD - list of elements is -->521
19:15:17.445  INFO  tests.TestBase - Name of method -->searchCurrentMonthSuccess
19:15:17.446  INFO  manager.ListenerWD - Before Find Element --->By.cssSelector: a.logo
19:15:33.541  INFO  manager.ListenerWD - After Find Element --->By.cssSelector: a.logo
19:15:33.557  INFO  manager.ListenerWD - Location of element (128, 16)
19:15:34.156  INFO  manager.ListenerWD - Before Find Element --->By.id: city
19:15:34.179  INFO  manager.ListenerWD - After Find Element --->By.id: city
19:15:34.200  INFO  manager.ListenerWD - Location of element (128, 264)
19:15:34.630  INFO  manager.ListenerWD - Before Find Element --->By.cssSelector: div.pac-item
19:15:34.653  INFO  manager.ListenerWD - After Find Element --->By.cssSelector: div.pac-item
19:15:34.666  INFO  manager.ListenerWD - Location of element (128, 306)
19:15:34.725  INFO  manager.ListenerWD - Before Find Element --->By.id: dates
19:15:34.748  INFO  manager.ListenerWD - After Find Element --->By.id: dates
19:15:34.764  INFO  manager.ListenerWD - Location of element (128, 337)
19:15:34.903  INFO  manager.ListenerWD - Before Find Element --->By.id: dates
19:15:34.925  INFO  manager.ListenerWD - After Find Element --->By.id: dates
19:15:34.937  INFO  manager.ListenerWD - Location of element (128, 337)
19:15:35.084  INFO  manager.ListenerWD - Before Find Element --->By.xpath: //div[text()=' 29 ']
19:15:35.120  INFO  manager.ListenerWD - After Find Element --->By.xpath: //div[text()=' 29 ']
19:15:35.136  INFO  manager.ListenerWD - Location of element (178, 318)
19:15:35.238  INFO  manager.ListenerWD - Before Find Element --->By.xpath: //div[text()=' 30 ']
19:15:35.270  INFO  manager.ListenerWD - After Find Element --->By.xpath: //div[text()=' 30 ']
19:15:35.289  INFO  manager.ListenerWD - Location of element (218, 315)
19:15:36.157  INFO  manager.ListenerWD - Before Find Element --->By.cssSelector: button[type='submit']
19:15:36.182  INFO  manager.ListenerWD - After Find Element --->By.cssSelector: button[type='submit']
19:15:36.197  INFO  manager.ListenerWD - Location of element (128, 391)
19:15:36.344  INFO  manager.ListenerWD - Before Find ElementS --->By.cssSelector: a.car-container
19:15:40.977  INFO  manager.ListenerWD - After Find ElementS --->By.cssSelector: a.car-container
19:15:40.977  INFO  manager.ListenerWD - list of elements is -->521
19:15:40.979  INFO  tests.TestBase - Name of method -->searchCurrentYearSuccess
19:15:40.980  INFO  manager.ListenerWD - Before Find Element --->By.cssSelector: a.logo
19:15:59.412  INFO  manager.ListenerWD - After Find Element --->By.cssSelector: a.logo
19:15:59.430  INFO  manager.ListenerWD - Location of element (128, 16)
19:16:00.036  INFO  manager.ListenerWD - Before Find Element --->By.id: city
19:16:00.069  INFO  manager.ListenerWD - After Find Element --->By.id: city
19:16:00.087  INFO  manager.ListenerWD - Location of element (128, 264)
19:16:00.566  INFO  manager.ListenerWD - Before Find Element --->By.cssSelector: div.pac-item
19:16:00.584  INFO  manager.ListenerWD - After Find Element --->By.cssSelector: div.pac-item
19:16:00.598  INFO  manager.ListenerWD - Location of element (128, 306)
19:16:00.657  INFO  manager.ListenerWD - Before Find Element --->By.id: dates
19:16:00.676  INFO  manager.ListenerWD - After Find Element --->By.id: dates
19:16:00.691  INFO  manager.ListenerWD - Location of element (128, 337)
19:16:00.835  INFO  manager.ListenerWD - Before Find Element --->By.id: dates
19:16:00.860  INFO  manager.ListenerWD - After Find Element --->By.id: dates
19:16:00.876  INFO  manager.ListenerWD - Location of element (128, 337)
19:16:01.027  INFO  manager.ListenerWD - Before Find Element --->By.cssSelector: button[aria-label='Next month']
19:16:01.062  INFO  manager.ListenerWD - After Find Element --->By.cssSelector: button[aria-label='Next month']
19:16:01.091  INFO  manager.ListenerWD - Location of element (378, 45)
19:16:01.209  INFO  manager.ListenerWD - Before Find Element --->By.xpath: //div[text()=' 30 ']
19:16:01.238  INFO  manager.ListenerWD - After Find Element --->By.xpath: //div[text()=' 30 ']
19:16:01.258  INFO  manager.ListenerWD - Location of element (338, 275)
19:16:01.369  INFO  manager.ListenerWD - Before Find Element --->By.cssSelector: button[aria-label='Next month']
19:16:01.390  INFO  manager.ListenerWD - After Find Element --->By.cssSelector: button[aria-label='Next month']
19:16:01.405  INFO  manager.ListenerWD - Location of element (378, 30)
19:16:01.493  INFO  manager.ListenerWD - Before Find Element --->By.cssSelector: button[aria-label='Next month']
19:16:01.517  INFO  manager.ListenerWD - After Find Element --->By.cssSelector: button[aria-label='Next month']
19:16:01.528  INFO  manager.ListenerWD - Location of element (378, 30)
19:16:01.596  INFO  manager.ListenerWD - Before Find Element --->By.cssSelector: button[aria-label='Next month']
19:16:01.621  INFO  manager.ListenerWD - After Find Element --->By.cssSelector: button[aria-label='Next month']
19:16:01.634  INFO  manager.ListenerWD - Location of element (378, 30)
19:16:01.707  INFO  manager.ListenerWD - Before Find Element --->By.cssSelector: button[aria-label='Next month']
19:16:01.733  INFO  manager.ListenerWD - After Find Element --->By.cssSelector: button[aria-label='Next month']
19:16:01.749  INFO  manager.ListenerWD - Location of element (378, 30)
19:16:01.831  INFO  manager.ListenerWD - Before Find Element --->By.xpath: //div[text()=' 28 ']
19:16:01.858  INFO  manager.ListenerWD - After Find Element --->By.xpath: //div[text()=' 28 ']
19:16:01.875  INFO  manager.ListenerWD - Location of element (378, 275)
19:16:02.785  INFO  manager.ListenerWD - Before Find Element --->By.cssSelector: button[type='submit']
19:16:02.802  INFO  manager.ListenerWD - After Find Element --->By.cssSelector: button[type='submit']
19:16:02.816  INFO  manager.ListenerWD - Location of element (128, 391)
19:16:02.938  INFO  manager.ListenerWD - Before Find ElementS --->By.cssSelector: a.car-container
19:16:07.541  INFO  manager.ListenerWD - After Find ElementS --->By.cssSelector: a.car-container
19:16:07.542  INFO  manager.ListenerWD - list of elements is -->521
