19:16:50.276  INFO  manager.ApplicationManager - All tests run in Chrome Browser
19:16:52.623  INFO  manager.ApplicationManager - The link--->https://ilcarro.web.app/search
19:16:52.703  INFO  tests.TestBase - Name of method -->searchCurrentYearSuccess
19:16:52.711  INFO  manager.ListenerWD - Before Find Element --->By.id: city
19:16:52.776  INFO  manager.ListenerWD - After Find Element --->By.id: city
19:16:52.797  INFO  manager.ListenerWD - Location of element (128, 264)
19:16:53.168  INFO  manager.ListenerWD - Before Find Element --->By.cssSelector: div.pac-item
19:16:53.523  INFO  manager.ListenerWD - After Find Element --->By.cssSelector: div.pac-item
19:16:53.540  INFO  manager.ListenerWD - Location of element (128, 306)
19:16:53.596  INFO  manager.ListenerWD - Before Find Element --->By.id: dates
19:16:53.636  INFO  manager.ListenerWD - After Find Element --->By.id: dates
19:16:53.652  INFO  manager.ListenerWD - Location of element (128, 356)
19:16:53.778  INFO  manager.ListenerWD - Before Find Element --->By.cssSelector: button[aria-label='Next month']
19:16:53.819  INFO  manager.ListenerWD - After Find Element --->By.cssSelector: button[aria-label='Next month']
19:16:53.836  INFO  manager.ListenerWD - Location of element (378, 32)
19:16:53.921  INFO  manager.ListenerWD - Before Find Element --->By.cssSelector: button[aria-label='Next month']
19:16:53.963  INFO  manager.ListenerWD - After Find Element --->By.cssSelector: button[aria-label='Next month']
19:16:53.978  INFO  manager.ListenerWD - Location of element (378, 24)
19:16:54.063  INFO  manager.ListenerWD - Before Find Element --->By.xpath: //div[text()=' 30 ']
19:16:54.106  INFO  manager.ListenerWD - After Find Element --->By.xpath: //div[text()=' 30 ']
19:16:54.123  INFO  manager.ListenerWD - Location of element (338, 270)
19:16:54.224  INFO  manager.ListenerWD - Before Find Element --->By.cssSelector: button[type='submit']
19:16:54.271  INFO  manager.ListenerWD - After Find Element --->By.cssSelector: button[type='submit']
19:16:54.289  INFO  manager.ListenerWD - Location of element (128, 410)
19:16:55.433  INFO  manager.ListenerWD - Huston we have a problem!
19:16:55.434  INFO  manager.ListenerWD - Object target  --->[[ChromeDriver: chrome on WINDOWS (8b78264168659605207c3fa7ef1974b3)] -> css selector: button[type='submit']]
19:16:55.435  INFO  manager.ListenerWD - *************
19:16:55.436  INFO  manager.ListenerWD - Method name --->click
19:16:55.436  INFO  manager.ListenerWD - *************
19:16:55.436  INFO  manager.ListenerWD - *************
19:16:55.436  INFO  manager.ListenerWD - *************
19:16:55.439  INFO  manager.ListenerWD - InvocationTargetException & getTargetException -->org.openqa.selenium.ElementClickInterceptedException: element click intercepted: Element <button _ngcontent-vds-c106="" type="submit" disabled="">...</button> is not clickable at point (183, 425). Other element would receive the click: <div class="cdk-overlay-backdrop mat-overlay-transparent-backdrop cdk-overlay-backdrop-showing"></div>
  (Session info: chrome=112.0.5615.137)
Build info: version: '4.7.0', revision: '0a5b49d16f'
System info: os.name: 'Windows 10', os.arch: 'amd64', os.version: '10.0', java.version: '11.0.18'
Driver info: org.openqa.selenium.chrome.ChromeDriver
Command: [8b78264168659605207c3fa7ef1974b3, clickElement {id=9e017d13-b4e6-4f6f-816d-ab4ee442d914}]
Capabilities {acceptInsecureCerts: false, browserName: chrome, browserVersion: 112.0.5615.137, chrome: {chromedriverVersion: 112.0.5615.49 (bd2a7bcb881c..., userDataDir: C:\Users\ADAM-M~1\AppData\L...}, goog:chromeOptions: {debuggerAddress: localhost:54871}, networkConnectionEnabled: false, pageLoadStrategy: normal, platformName: WINDOWS, proxy: Proxy(), se:cdp: ws://localhost:54871/devtoo..., se:cdpVersion: 112.0.5615.137, setWindowRect: true, strictFileInteractability: false, timeouts: {implicit: 0, pageLoad: 300000, script: 30000}, unhandledPromptBehavior: dismiss and notify, webauthn:extension:credBlob: true, webauthn:extension:largeBlob: true, webauthn:extension:minPinLength: true, webauthn:extension:prf: true, webauthn:virtualAuthenticators: true}
Element: [[ChromeDriver: chrome on WINDOWS (8b78264168659605207c3fa7ef1974b3)] -> css selector: button[type='submit']]
Session ID: 8b78264168659605207c3fa7ef1974b3
19:16:55.441  INFO  manager.ListenerWD - *************
19:16:55.443  INFO  manager.ListenerWD - Screen with error  is --->src/test/screenshots/screen_1162.png
