00:02:35.658  INFO  manager.ApplicationManager - All tests run in Chrome Browser
00:02:37.746  INFO  manager.ApplicationManager - The link--->https://ilcarro.web.app/search
00:02:37.808  INFO  tests.TestBase - Name of method -->searchCurrentYearSuccess
00:02:37.813  INFO  manager.ListenerWD - Before Find Element --->By.cssSelector: a.logo
00:02:37.869  INFO  manager.ListenerWD - After Find Element --->By.cssSelector: a.logo
00:02:37.891  INFO  manager.ListenerWD - Location of element (128, 16)
00:02:38.186  INFO  manager.ListenerWD - Before Find Element --->By.id: city
00:02:38.228  INFO  manager.ListenerWD - After Find Element --->By.id: city
00:02:38.243  INFO  manager.ListenerWD - Location of element (128, 264)
00:02:38.549  INFO  manager.ListenerWD - Before Find Element --->By.cssSelector: div.pac-item
00:02:38.893  INFO  manager.ListenerWD - After Find Element --->By.cssSelector: div.pac-item
00:02:38.909  INFO  manager.ListenerWD - Location of element (128, 306)
00:02:38.966  INFO  manager.ListenerWD - Before Find Element --->By.id: dates
00:02:39.004  INFO  manager.ListenerWD - After Find Element --->By.id: dates
00:02:39.023  INFO  manager.ListenerWD - Location of element (128, 356)
00:02:39.134  INFO  manager.ListenerWD - Before Find Element --->By.id: dates
00:02:39.178  INFO  manager.ListenerWD - After Find Element --->By.id: dates
00:02:39.197  INFO  manager.ListenerWD - Location of element (128, 337)
00:02:39.334  INFO  manager.ListenerWD - Before Find Element --->By.cssSelector: button[aria-label='Next month']
00:02:39.366  INFO  manager.ListenerWD - After Find Element --->By.cssSelector: button[aria-label='Next month']
00:02:39.387  INFO  manager.ListenerWD - Location of element (378, 38)
00:02:39.462  INFO  manager.ListenerWD - Before Find Element --->By.cssSelector: button[aria-label='Next month']
00:02:39.500  INFO  manager.ListenerWD - After Find Element --->By.cssSelector: button[aria-label='Next month']
00:02:39.515  INFO  manager.ListenerWD - Location of element (378, 30)
00:02:39.581  INFO  manager.ListenerWD - Before Find Element --->By.xpath: //div[text()=' 30 ']
00:02:39.617  INFO  manager.ListenerWD - After Find Element --->By.xpath: //div[text()=' 30 ']
00:02:39.630  INFO  manager.ListenerWD - Location of element (338, 275)
00:02:39.699  INFO  manager.ListenerWD - Before Find Element --->By.cssSelector: button[aria-label='Next month']
00:02:39.734  INFO  manager.ListenerWD - After Find Element --->By.cssSelector: button[aria-label='Next month']
00:02:39.745  INFO  manager.ListenerWD - Location of element (378, 30)
00:02:39.798  INFO  manager.ListenerWD - Before Find Element --->By.cssSelector: button[aria-label='Next month']
00:02:39.836  INFO  manager.ListenerWD - After Find Element --->By.cssSelector: button[aria-label='Next month']
00:02:39.846  INFO  manager.ListenerWD - Location of element (378, 30)
00:02:39.909  INFO  manager.ListenerWD - Before Find Element --->By.cssSelector: button[aria-label='Next month']
00:02:39.941  INFO  manager.ListenerWD - After Find Element --->By.cssSelector: button[aria-label='Next month']
00:02:39.953  INFO  manager.ListenerWD - Location of element (378, 30)
00:02:40.003  INFO  manager.ListenerWD - Before Find Element --->By.cssSelector: button[aria-label='Next month']
00:02:40.038  INFO  manager.ListenerWD - After Find Element --->By.cssSelector: button[aria-label='Next month']
00:02:40.049  INFO  manager.ListenerWD - Location of element (378, 30)
00:02:40.120  INFO  manager.ListenerWD - Before Find Element --->By.xpath: //div[text()=' 28 ']
00:02:40.158  INFO  manager.ListenerWD - After Find Element --->By.xpath: //div[text()=' 28 ']
00:02:40.176  INFO  manager.ListenerWD - Location of element (378, 275)
00:02:40.806  INFO  manager.ListenerWD - Before Find Element --->By.cssSelector: button[type='submit']
00:02:40.836  INFO  manager.ListenerWD - After Find Element --->By.cssSelector: button[type='submit']
00:02:40.852  INFO  manager.ListenerWD - Location of element (128, 391)
00:02:40.942  INFO  manager.ListenerWD - Before Find ElementS --->By.cssSelector: a.car-container
00:02:46.982  INFO  manager.ListenerWD - After Find ElementS --->By.cssSelector: a.car-container
00:02:46.987  INFO  manager.ListenerWD - list of elements is -->464
