12:07:55.859  INFO  manager.ApplicationManager - All tests run in Chrome Browser
12:07:58.849  INFO  manager.ApplicationManager - The link--->https://ilcarro.web.app/search
12:07:58.905  INFO  manager.ListenerWD - Before Find ElementS --->By.xpath: //a[text()=' Logout ']
12:08:03.938  INFO  manager.ListenerWD - After Find ElementS --->By.xpath: //a[text()=' Logout ']
12:08:03.947  INFO  manager.ListenerWD - list of elements is -->0
12:08:03.950  INFO  manager.ListenerWD - Before Find Element --->By.xpath: //a[text()=' Log in ']
12:08:04.007  INFO  manager.ListenerWD - After Find Element --->By.xpath: //a[text()=' Log in ']
12:08:04.047  INFO  manager.ListenerWD - Location of element (1057, 24)
12:08:04.145  INFO  manager.ListenerWD - Before Find Element --->By.id: email
12:08:04.198  INFO  manager.ListenerWD - After Find Element --->By.id: email
12:08:04.219  INFO  manager.ListenerWD - Location of element (889, 254)
12:08:04.670  INFO  manager.ListenerWD - Before Find Element --->By.id: password
12:08:04.717  INFO  manager.ListenerWD - After Find Element --->By.id: password
12:08:04.735  INFO  manager.ListenerWD - Location of element (889, 327)
12:08:05.147  INFO  manager.ListenerWD - Before Find Element --->By.cssSelector: button[type='submit']
12:08:05.196  INFO  manager.ListenerWD - After Find Element --->By.cssSelector: button[type='submit']
12:08:05.213  INFO  manager.ListenerWD - Location of element (889, 395)
12:08:05.279  INFO  manager.ListenerWD - Before Find ElementS --->By.xpath: //button[text()='Ok']
12:08:06.336  INFO  manager.ListenerWD - After Find ElementS --->By.xpath: //button[text()='Ok']
12:08:06.337  INFO  manager.ListenerWD - list of elements is -->1
12:08:06.337  INFO  manager.ListenerWD - Before Find Element --->By.xpath: //button[text()='Ok']
12:08:06.384  INFO  manager.ListenerWD - After Find Element --->By.xpath: //button[text()='Ok']
12:08:06.402  INFO  manager.ListenerWD - Location of element (664, 322)
12:08:06.470  INFO  tests.TestBase - Logout complete
12:08:06.530  INFO  tests.TestBase - Name of method -->addNewCarSuccess
12:08:06.599  INFO  tests.TestBase - Test start with test data --->Car(location=Jerusalem, Israel, manufacture=BMW, model=M5, year=2020, fuel=Hybrid, seats=4, carClass=C, carRegNumber=345-987, price=50.0, about=null)
12:08:07.115  INFO  manager.ListenerWD - Before Find Element --->By.xpath: //a[text()=' Let the car work ']
12:08:07.164  INFO  manager.ListenerWD - After Find Element --->By.xpath: //a[text()=' Let the car work ']
12:08:07.185  INFO  manager.ListenerWD - Location of element (524, 24)
12:08:07.304  INFO  manager.ListenerWD - Before Find Element --->By.id: pickUpPlace
12:08:07.346  INFO  manager.ListenerWD - After Find Element --->By.id: pickUpPlace
12:08:07.369  INFO  manager.ListenerWD - Location of element (115, 295)
12:08:07.690  INFO  manager.ListenerWD - Before Find Element --->By.cssSelector: div.pac-item
12:08:08.064  INFO  manager.ListenerWD - After Find Element --->By.cssSelector: div.pac-item
12:08:08.083  INFO  manager.ListenerWD - Location of element (115, 338)
12:08:08.157  INFO  manager.ListenerWD - Before Find Element --->By.id: make
12:08:08.196  INFO  manager.ListenerWD - After Find Element --->By.id: make
12:08:08.211  INFO  manager.ListenerWD - Location of element (115, 469)
12:08:08.495  INFO  manager.ListenerWD - Before Find Element --->By.cssSelector: #model
12:08:08.544  INFO  manager.ListenerWD - After Find Element --->By.cssSelector: #model
12:08:08.563  INFO  manager.ListenerWD - Location of element (115, 548)
12:08:08.850  INFO  manager.ListenerWD - Before Find Element --->By.xpath: //input[@id='year']
12:08:08.903  INFO  manager.ListenerWD - After Find Element --->By.xpath: //input[@id='year']
12:08:08.928  INFO  manager.ListenerWD - Location of element (115, 621)
12:08:09.273  INFO  manager.ListenerWD - Before Find Element --->By.id: fuel
12:08:09.322  INFO  manager.ListenerWD - After Find Element --->By.id: fuel
12:08:09.338  INFO  manager.ListenerWD - Location of element (115, 695)
12:08:09.480  INFO  manager.ListenerWD - Before Find Element --->By.id: seats
12:08:09.521  INFO  manager.ListenerWD - After Find Element --->By.id: seats
12:08:09.543  INFO  manager.ListenerWD - Location of element (115, 769)
12:08:09.933  INFO  manager.ListenerWD - Before Find Element --->By.id: class
12:08:09.981  INFO  manager.ListenerWD - After Find Element --->By.id: class
12:08:09.998  INFO  manager.ListenerWD - Location of element (115, 842)
12:08:10.300  INFO  manager.ListenerWD - Before Find Element --->By.id: serialNumber
12:08:10.351  INFO  manager.ListenerWD - After Find Element --->By.id: serialNumber
12:08:10.375  INFO  manager.ListenerWD - Location of element (115, 916)
12:08:10.708  INFO  manager.ListenerWD - Before Find Element --->By.id: price
12:08:10.768  INFO  manager.ListenerWD - After Find Element --->By.id: price
12:08:10.788  INFO  manager.ListenerWD - Location of element (115, 989)
12:08:11.163  INFO  manager.ListenerWD - Before Find Element --->By.id: about
12:08:11.200  INFO  manager.ListenerWD - After Find Element --->By.id: about
12:08:11.216  INFO  manager.ListenerWD - Location of element (115, 1087)
12:08:11.415  INFO  manager.ListenerWD - Before Find Element --->By.cssSelector: button[type='submit']
12:08:11.450  INFO  manager.ListenerWD - After Find Element --->By.cssSelector: button[type='submit']
12:08:11.465  INFO  manager.ListenerWD - Location of element (115, 1449)
12:08:11.567  INFO  manager.ListenerWD - Before Find Element --->By.cssSelector: .dialog-container
12:08:11.985  INFO  manager.ListenerWD - After Find Element --->By.cssSelector: .dialog-container
12:08:12.012  INFO  manager.ListenerWD - Location of element (472, 232)
12:08:12.084  INFO  manager.ListenerWD - Before Find Element --->By.cssSelector: .dialog-container>h2
12:08:12.142  INFO  manager.ListenerWD - After Find Element --->By.cssSelector: .dialog-container>h2
12:08:12.167  INFO  manager.ListenerWD - Location of element (455, 270)
12:08:12.212  INFO  manager.ListenerWD - Before Find Element --->By.cssSelector: .dialog-container
12:08:12.252  INFO  manager.ListenerWD - After Find Element --->By.cssSelector: .dialog-container
12:08:12.271  INFO  manager.ListenerWD - Location of element (455, 227)
12:08:12.315  INFO  manager.ListenerWD - Before Find Element --->By.cssSelector: .dialog-container>h2
12:08:12.354  INFO  manager.ListenerWD - After Find Element --->By.cssSelector: .dialog-container>h2
12:08:12.370  INFO  manager.ListenerWD - Location of element (455, 270)
12:08:12.403  INFO  manager.ListenerWD - Before Find Element --->By.xpath: //button[text()='Search cars']
12:08:12.441  INFO  manager.ListenerWD - After Find Element --->By.xpath: //button[text()='Search cars']
12:08:12.461  INFO  manager.ListenerWD - Location of element (600, 324)
12:08:12.534  INFO  tests.TestBase - Name of method -->addNewCarSuccess
12:08:12.536  INFO  tests.TestBase - Test start with test data --->Car(location=Ashdod, Israel, manufacture=Renault, model=Captur, year=2017, fuel=Petrol, seats=4, carClass=A, carRegNumber=123-456-, price=35.0, about=null)
12:08:13.040  INFO  manager.ListenerWD - Before Find Element --->By.xpath: //a[text()=' Let the car work ']
12:08:13.070  INFO  manager.ListenerWD - After Find Element --->By.xpath: //a[text()=' Let the car work ']
12:08:13.088  INFO  manager.ListenerWD - Location of element (524, 24)
12:08:13.190  INFO  manager.ListenerWD - Before Find Element --->By.id: pickUpPlace
12:08:13.220  INFO  manager.ListenerWD - After Find Element --->By.id: pickUpPlace
12:08:13.241  INFO  manager.ListenerWD - Location of element (115, 295)
12:08:13.589  INFO  manager.ListenerWD - Before Find Element --->By.cssSelector: div.pac-item
12:08:13.828  INFO  manager.ListenerWD - After Find Element --->By.cssSelector: div.pac-item
12:08:13.846  INFO  manager.ListenerWD - Location of element (115, 338)
12:08:13.927  INFO  manager.ListenerWD - Before Find Element --->By.id: make
12:08:13.959  INFO  manager.ListenerWD - After Find Element --->By.id: make
12:08:13.973  INFO  manager.ListenerWD - Location of element (115, 469)
12:08:14.326  INFO  manager.ListenerWD - Before Find Element --->By.cssSelector: #model
12:08:14.361  INFO  manager.ListenerWD - After Find Element --->By.cssSelector: #model
12:08:14.381  INFO  manager.ListenerWD - Location of element (115, 548)
12:08:14.709  INFO  manager.ListenerWD - Before Find Element --->By.xpath: //input[@id='year']
12:08:14.750  INFO  manager.ListenerWD - After Find Element --->By.xpath: //input[@id='year']
12:08:14.768  INFO  manager.ListenerWD - Location of element (115, 621)
12:08:15.159  INFO  manager.ListenerWD - Before Find Element --->By.id: fuel
12:08:15.182  INFO  manager.ListenerWD - After Find Element --->By.id: fuel
12:08:15.193  INFO  manager.ListenerWD - Location of element (115, 695)
12:08:15.313  INFO  manager.ListenerWD - Before Find Element --->By.id: seats
12:08:15.352  INFO  manager.ListenerWD - After Find Element --->By.id: seats
12:08:15.379  INFO  manager.ListenerWD - Location of element (115, 769)
12:08:15.717  INFO  manager.ListenerWD - Before Find Element --->By.id: class
12:08:15.752  INFO  manager.ListenerWD - After Find Element --->By.id: class
12:08:15.770  INFO  manager.ListenerWD - Location of element (115, 842)
12:08:16.061  INFO  manager.ListenerWD - Before Find Element --->By.id: serialNumber
12:08:16.103  INFO  manager.ListenerWD - After Find Element --->By.id: serialNumber
12:08:16.122  INFO  manager.ListenerWD - Location of element (115, 916)
12:08:16.482  INFO  manager.ListenerWD - Before Find Element --->By.id: price
12:08:16.515  INFO  manager.ListenerWD - After Find Element --->By.id: price
12:08:16.528  INFO  manager.ListenerWD - Location of element (115, 989)
12:08:16.859  INFO  manager.ListenerWD - Before Find Element --->By.id: about
12:08:16.891  INFO  manager.ListenerWD - After Find Element --->By.id: about
12:08:16.908  INFO  manager.ListenerWD - Location of element (115, 1087)
12:08:17.077  INFO  manager.ListenerWD - Before Find Element --->By.cssSelector: button[type='submit']
12:08:17.103  INFO  manager.ListenerWD - After Find Element --->By.cssSelector: button[type='submit']
12:08:17.117  INFO  manager.ListenerWD - Location of element (115, 1449)
12:08:17.173  INFO  manager.ListenerWD - Before Find Element --->By.cssSelector: .dialog-container
12:08:17.473  INFO  manager.ListenerWD - After Find Element --->By.cssSelector: .dialog-container
12:08:17.500  INFO  manager.ListenerWD - Location of element (466, 230)
12:08:17.534  INFO  manager.ListenerWD - Before Find Element --->By.cssSelector: .dialog-container>h2
12:08:17.565  INFO  manager.ListenerWD - After Find Element --->By.cssSelector: .dialog-container>h2
12:08:17.586  INFO  manager.ListenerWD - Location of element (455, 270)
12:08:17.611  INFO  manager.ListenerWD - Before Find Element --->By.cssSelector: .dialog-container
12:08:17.638  INFO  manager.ListenerWD - After Find Element --->By.cssSelector: .dialog-container
12:08:17.653  INFO  manager.ListenerWD - Location of element (455, 227)
12:08:17.680  INFO  manager.ListenerWD - Before Find Element --->By.cssSelector: .dialog-container>h2
12:08:17.706  INFO  manager.ListenerWD - After Find Element --->By.cssSelector: .dialog-container>h2
12:08:17.727  INFO  manager.ListenerWD - Location of element (455, 270)
12:08:17.747  INFO  manager.ListenerWD - Before Find Element --->By.xpath: //button[text()='Search cars']
12:08:17.782  INFO  manager.ListenerWD - After Find Element --->By.xpath: //button[text()='Search cars']
12:08:17.799  INFO  manager.ListenerWD - Location of element (600, 324)
12:08:17.862  INFO  tests.TestBase - Name of method -->addNewCarSuccessAll
12:08:17.866  INFO  tests.TestBase - Test start with test data --->Car(location=Tel Aviv, Israel, manufacture=Honda, model=HRV, year=2022, fuel=Hybrid, seats=5, carClass=C, carRegNumber=098-765--, price=50.0, about=Very nice car)
12:08:18.376  INFO  manager.ListenerWD - Before Find Element --->By.xpath: //a[text()=' Let the car work ']
12:08:18.408  INFO  manager.ListenerWD - After Find Element --->By.xpath: //a[text()=' Let the car work ']
12:08:18.423  INFO  manager.ListenerWD - Location of element (524, 24)
12:08:18.505  INFO  manager.ListenerWD - Before Find Element --->By.id: pickUpPlace
12:08:18.535  INFO  manager.ListenerWD - After Find Element --->By.id: pickUpPlace
12:08:18.548  INFO  manager.ListenerWD - Location of element (115, 295)
12:08:18.831  INFO  manager.ListenerWD - Before Find Element --->By.cssSelector: div.pac-item
12:08:19.052  INFO  manager.ListenerWD - After Find Element --->By.cssSelector: div.pac-item
12:08:19.069  INFO  manager.ListenerWD - Location of element (115, 338)
12:08:19.133  INFO  manager.ListenerWD - Before Find Element --->By.id: make
12:08:19.191  INFO  manager.ListenerWD - After Find Element --->By.id: make
12:08:19.208  INFO  manager.ListenerWD - Location of element (115, 469)
12:08:19.526  INFO  manager.ListenerWD - Before Find Element --->By.cssSelector: #model
12:08:19.552  INFO  manager.ListenerWD - After Find Element --->By.cssSelector: #model
12:08:19.569  INFO  manager.ListenerWD - Location of element (115, 548)
12:08:19.859  INFO  manager.ListenerWD - Before Find Element --->By.xpath: //input[@id='year']
12:08:19.891  INFO  manager.ListenerWD - After Find Element --->By.xpath: //input[@id='year']
12:08:19.906  INFO  manager.ListenerWD - Location of element (115, 621)
12:08:20.255  INFO  manager.ListenerWD - Before Find Element --->By.id: fuel
12:08:20.288  INFO  manager.ListenerWD - After Find Element --->By.id: fuel
12:08:20.311  INFO  manager.ListenerWD - Location of element (115, 695)
12:08:20.443  INFO  manager.ListenerWD - Before Find Element --->By.id: seats
12:08:20.469  INFO  manager.ListenerWD - After Find Element --->By.id: seats
12:08:20.487  INFO  manager.ListenerWD - Location of element (115, 769)
12:08:20.831  INFO  manager.ListenerWD - Before Find Element --->By.id: class
12:08:20.859  INFO  manager.ListenerWD - After Find Element --->By.id: class
12:08:20.882  INFO  manager.ListenerWD - Location of element (115, 842)
12:08:21.199  INFO  manager.ListenerWD - Before Find Element --->By.id: serialNumber
12:08:21.227  INFO  manager.ListenerWD - After Find Element --->By.id: serialNumber
12:08:21.250  INFO  manager.ListenerWD - Location of element (115, 916)
12:08:21.593  INFO  manager.ListenerWD - Before Find Element --->By.id: price
12:08:21.626  INFO  manager.ListenerWD - After Find Element --->By.id: price
12:08:21.651  INFO  manager.ListenerWD - Location of element (115, 989)
12:08:22.000  INFO  manager.ListenerWD - Before Find Element --->By.id: about
12:08:22.031  INFO  manager.ListenerWD - After Find Element --->By.id: about
12:08:22.043  INFO  manager.ListenerWD - Location of element (115, 1087)
12:08:22.276  INFO  manager.ListenerWD - Before Find Element --->By.cssSelector: button[type='submit']
12:08:22.306  INFO  manager.ListenerWD - After Find Element --->By.cssSelector: button[type='submit']
12:08:22.319  INFO  manager.ListenerWD - Location of element (115, 1449)
12:08:22.374  INFO  manager.ListenerWD - Before Find Element --->By.cssSelector: .dialog-container
12:08:22.655  INFO  manager.ListenerWD - After Find Element --->By.cssSelector: .dialog-container
12:08:22.675  INFO  manager.ListenerWD - Location of element (472, 232)
12:08:22.700  INFO  manager.ListenerWD - Before Find Element --->By.cssSelector: .dialog-container>h2
12:08:22.727  INFO  manager.ListenerWD - After Find Element --->By.cssSelector: .dialog-container>h2
12:08:22.745  INFO  manager.ListenerWD - Location of element (457, 270)
12:08:22.771  INFO  manager.ListenerWD - Before Find Element --->By.cssSelector: .dialog-container
12:08:22.799  INFO  manager.ListenerWD - After Find Element --->By.cssSelector: .dialog-container
12:08:22.813  INFO  manager.ListenerWD - Location of element (455, 227)
12:08:22.834  INFO  manager.ListenerWD - Before Find Element --->By.cssSelector: .dialog-container>h2
12:08:22.865  INFO  manager.ListenerWD - After Find Element --->By.cssSelector: .dialog-container>h2
12:08:22.881  INFO  manager.ListenerWD - Location of element (455, 270)
12:08:22.897  INFO  manager.ListenerWD - Before Find Element --->By.xpath: //button[text()='Search cars']
12:08:22.931  INFO  manager.ListenerWD - After Find Element --->By.xpath: //button[text()='Search cars']
12:08:22.947  INFO  manager.ListenerWD - Location of element (600, 324)
12:08:23.021  INFO  tests.TestBase - Name of method -->addNewCarSuccessAll
12:08:23.022  INFO  tests.TestBase - Test start with test data --->Car(location=Haifa, Israel, manufacture=Toyota, model=Rav4, year=2020, fuel=Petrol, seats=5, carClass=C, carRegNumber=344-765-, price=70.0, about=Very nice car)
12:08:23.524  INFO  manager.ListenerWD - Before Find Element --->By.xpath: //a[text()=' Let the car work ']
12:08:23.551  INFO  manager.ListenerWD - After Find Element --->By.xpath: //a[text()=' Let the car work ']
12:08:23.569  INFO  manager.ListenerWD - Location of element (524, 24)
12:08:23.647  INFO  manager.ListenerWD - Before Find Element --->By.id: pickUpPlace
12:08:23.674  INFO  manager.ListenerWD - After Find Element --->By.id: pickUpPlace
12:08:23.689  INFO  manager.ListenerWD - Location of element (115, 295)
12:08:23.967  INFO  manager.ListenerWD - Before Find Element --->By.cssSelector: div.pac-item
12:08:24.183  INFO  manager.ListenerWD - After Find Element --->By.cssSelector: div.pac-item
12:08:24.202  INFO  manager.ListenerWD - Location of element (115, 338)
12:08:24.270  INFO  manager.ListenerWD - Before Find Element --->By.id: make
12:08:24.299  INFO  manager.ListenerWD - After Find Element --->By.id: make
12:08:24.316  INFO  manager.ListenerWD - Location of element (115, 469)
12:08:24.624  INFO  manager.ListenerWD - Before Find Element --->By.cssSelector: #model
12:08:24.649  INFO  manager.ListenerWD - After Find Element --->By.cssSelector: #model
12:08:24.670  INFO  manager.ListenerWD - Location of element (115, 548)
12:08:24.987  INFO  manager.ListenerWD - Before Find Element --->By.xpath: //input[@id='year']
12:08:25.020  INFO  manager.ListenerWD - After Find Element --->By.xpath: //input[@id='year']
12:08:25.040  INFO  manager.ListenerWD - Location of element (115, 621)
12:08:25.375  INFO  manager.ListenerWD - Before Find Element --->By.id: fuel
12:08:25.405  INFO  manager.ListenerWD - After Find Element --->By.id: fuel
12:08:25.427  INFO  manager.ListenerWD - Location of element (115, 695)
12:08:25.565  INFO  manager.ListenerWD - Before Find Element --->By.id: seats
12:08:25.595  INFO  manager.ListenerWD - After Find Element --->By.id: seats
12:08:25.616  INFO  manager.ListenerWD - Location of element (115, 769)
12:08:26.044  INFO  manager.ListenerWD - Before Find Element --->By.id: class
12:08:26.071  INFO  manager.ListenerWD - After Find Element --->By.id: class
12:08:26.087  INFO  manager.ListenerWD - Location of element (115, 842)
12:08:26.400  INFO  manager.ListenerWD - Before Find Element --->By.id: serialNumber
12:08:26.429  INFO  manager.ListenerWD - After Find Element --->By.id: serialNumber
12:08:26.451  INFO  manager.ListenerWD - Location of element (115, 916)
12:08:26.819  INFO  manager.ListenerWD - Before Find Element --->By.id: price
12:08:26.848  INFO  manager.ListenerWD - After Find Element --->By.id: price
12:08:26.866  INFO  manager.ListenerWD - Location of element (115, 989)
12:08:27.225  INFO  manager.ListenerWD - Before Find Element --->By.id: about
12:08:27.249  INFO  manager.ListenerWD - After Find Element --->By.id: about
12:08:27.261  INFO  manager.ListenerWD - Location of element (115, 1087)
12:08:27.484  INFO  manager.ListenerWD - Before Find Element --->By.cssSelector: button[type='submit']
12:08:27.510  INFO  manager.ListenerWD - After Find Element --->By.cssSelector: button[type='submit']
12:08:27.521  INFO  manager.ListenerWD - Location of element (115, 1449)
12:08:27.581  INFO  manager.ListenerWD - Before Find Element --->By.cssSelector: .dialog-container
12:08:27.818  INFO  manager.ListenerWD - After Find Element --->By.cssSelector: .dialog-container
12:08:27.839  INFO  manager.ListenerWD - Location of element (480, 234)
12:08:27.868  INFO  manager.ListenerWD - Before Find Element --->By.cssSelector: .dialog-container>h2
12:08:27.901  INFO  manager.ListenerWD - After Find Element --->By.cssSelector: .dialog-container>h2
12:08:27.919  INFO  manager.ListenerWD - Location of element (457, 270)
12:08:27.954  INFO  manager.ListenerWD - Before Find Element --->By.xpath: //button[text()='Search cars']
12:08:33.015  INFO  manager.ListenerWD - Huston we have a problem!
12:08:33.016  INFO  manager.ListenerWD - Object target  --->ChromeDriver: chrome on WINDOWS (bf2f8f2e0abd56163860b74de2ccfec6)
12:08:33.016  INFO  manager.ListenerWD - *************
12:08:33.017  INFO  manager.ListenerWD - Method name --->findElement
12:08:33.017  INFO  manager.ListenerWD - *************
12:08:33.017  INFO  manager.ListenerWD - *************
12:08:33.017  INFO  manager.ListenerWD - *************
12:08:33.021  INFO  manager.ListenerWD - InvocationTargetException & getTargetException -->org.openqa.selenium.NoSuchElementException: no such element: Unable to locate element: {"method":"xpath","selector":"//button[text()='Search cars']"}
  (Session info: chrome=112.0.5615.138)
For documentation on this error, please visit: https://selenium.dev/exceptions/#no_such_element
Build info: version: '4.7.0', revision: '0a5b49d16f'
System info: os.name: 'Windows 10', os.arch: 'amd64', os.version: '10.0', java.version: '11.0.18'
Driver info: org.openqa.selenium.chrome.ChromeDriver
Command: [bf2f8f2e0abd56163860b74de2ccfec6, findElement {using=xpath, value=//button[text()='Search cars']}]
Capabilities {acceptInsecureCerts: false, browserName: chrome, browserVersion: 112.0.5615.138, chrome: {chromedriverVersion: 112.0.5615.49 (bd2a7bcb881c..., userDataDir: C:\Users\ADAM-M~1\AppData\L...}, goog:chromeOptions: {debuggerAddress: localhost:49883}, networkConnectionEnabled: false, pageLoadStrategy: normal, platformName: WINDOWS, proxy: Proxy(), se:cdp: ws://localhost:49883/devtoo..., se:cdpVersion: 112.0.5615.138, setWindowRect: true, strictFileInteractability: false, timeouts: {implicit: 0, pageLoad: 300000, script: 30000}, unhandledPromptBehavior: dismiss and notify, webauthn:extension:credBlob: true, webauthn:extension:largeBlob: true, webauthn:extension:minPinLength: true, webauthn:extension:prf: true, webauthn:virtualAuthenticators: true}
Session ID: bf2f8f2e0abd56163860b74de2ccfec6
12:08:33.021  INFO  manager.ListenerWD - *************
12:08:33.025  INFO  manager.ListenerWD - Screen with error  is --->src/test/screenshots/screen_1325.png
12:08:33.248  INFO  tests.TestBase - Name of method -->loginSuccess
12:08:33.249  INFO  manager.ListenerWD - Before Find ElementS --->By.xpath: //a[text()=' Logout ']
12:08:33.276  INFO  manager.ListenerWD - After Find ElementS --->By.xpath: //a[text()=' Logout ']
12:08:33.276  INFO  manager.ListenerWD - list of elements is -->1
12:08:33.277  INFO  manager.ListenerWD - Before Find Element --->By.xpath: //a[text()=' Logout ']
12:08:33.301  INFO  manager.ListenerWD - After Find Element --->By.xpath: //a[text()=' Logout ']
12:08:33.319  INFO  manager.ListenerWD - Location of element (870, -890)
12:08:38.371  INFO  manager.ListenerWD - Huston we have a problem!
12:08:38.372  INFO  manager.ListenerWD - Object target  --->[[ChromeDriver: chrome on WINDOWS (bf2f8f2e0abd56163860b74de2ccfec6)] -> xpath: //a[text()=' Logout ']]
12:08:38.372  INFO  manager.ListenerWD - *************
12:08:38.372  INFO  manager.ListenerWD - Method name --->click
12:08:38.372  INFO  manager.ListenerWD - *************
12:08:38.372  INFO  manager.ListenerWD - *************
12:08:38.372  INFO  manager.ListenerWD - *************
12:08:38.373  INFO  manager.ListenerWD - InvocationTargetException & getTargetException -->org.openqa.selenium.ElementNotInteractableException: element not interactable
  (Session info: chrome=112.0.5615.138)
Build info: version: '4.7.0', revision: '0a5b49d16f'
System info: os.name: 'Windows 10', os.arch: 'amd64', os.version: '10.0', java.version: '11.0.18'
Driver info: org.openqa.selenium.chrome.ChromeDriver
Command: [bf2f8f2e0abd56163860b74de2ccfec6, clickElement {id=99e25599-d841-41ca-8596-85142610d530}]
Capabilities {acceptInsecureCerts: false, browserName: chrome, browserVersion: 112.0.5615.138, chrome: {chromedriverVersion: 112.0.5615.49 (bd2a7bcb881c..., userDataDir: C:\Users\ADAM-M~1\AppData\L...}, goog:chromeOptions: {debuggerAddress: localhost:49883}, networkConnectionEnabled: false, pageLoadStrategy: normal, platformName: WINDOWS, proxy: Proxy(), se:cdp: ws://localhost:49883/devtoo..., se:cdpVersion: 112.0.5615.138, setWindowRect: true, strictFileInteractability: false, timeouts: {implicit: 0, pageLoad: 300000, script: 30000}, unhandledPromptBehavior: dismiss and notify, webauthn:extension:credBlob: true, webauthn:extension:largeBlob: true, webauthn:extension:minPinLength: true, webauthn:extension:prf: true, webauthn:virtualAuthenticators: true}
Element: [[ChromeDriver: chrome on WINDOWS (bf2f8f2e0abd56163860b74de2ccfec6)] -> xpath: //a[text()=' Logout ']]
Session ID: bf2f8f2e0abd56163860b74de2ccfec6
12:08:38.373  INFO  manager.ListenerWD - *************
12:08:38.373  INFO  manager.ListenerWD - Screen with error  is --->src/test/screenshots/screen_1990.png
12:08:38.419  INFO  tests.TestBase - Name of method -->registrationEmptyLastName
12:08:38.420  INFO  manager.ListenerWD - Before Find ElementS --->By.xpath: //a[text()=' Logout ']
12:08:38.444  INFO  manager.ListenerWD - After Find ElementS --->By.xpath: //a[text()=' Logout ']
12:08:38.444  INFO  manager.ListenerWD - list of elements is -->1
12:08:38.444  INFO  manager.ListenerWD - Before Find Element --->By.xpath: //a[text()=' Logout ']
12:08:38.466  INFO  manager.ListenerWD - After Find Element --->By.xpath: //a[text()=' Logout ']
12:08:38.478  INFO  manager.ListenerWD - Location of element (870, -890)
12:08:43.195  INFO  tests.TestBase - Test start with test data --->User{firstName='Liza', lastName='', email='snow@gmail.com', password='Snow12345$'}
12:08:43.705  INFO  manager.ListenerWD - Before Find Element --->By.xpath: //a[text()=' Sign up ']
12:08:43.740  INFO  manager.ListenerWD - After Find Element --->By.xpath: //a[text()=' Sign up ']
12:08:43.760  INFO  manager.ListenerWD - Location of element (936, 24)
12:08:43.850  INFO  manager.ListenerWD - Before Find Element --->By.id: name
12:08:43.884  INFO  manager.ListenerWD - After Find Element --->By.id: name
12:08:43.904  INFO  manager.ListenerWD - Location of element (889, 254)
12:08:44.209  INFO  manager.ListenerWD - Before Find Element --->By.id: lastName
12:08:44.249  INFO  manager.ListenerWD - After Find Element --->By.id: lastName
12:08:44.272  INFO  manager.ListenerWD - Location of element (889, 327)
12:08:44.569  INFO  manager.ListenerWD - Before Find Element --->By.id: email
12:08:44.605  INFO  manager.ListenerWD - After Find Element --->By.id: email
12:08:44.629  INFO  manager.ListenerWD - Location of element (889, 400)
12:08:44.993  INFO  manager.ListenerWD - Before Find Element --->By.id: password
12:08:45.022  INFO  manager.ListenerWD - After Find Element --->By.id: password
12:08:45.035  INFO  manager.ListenerWD - Location of element (889, 493)
12:08:45.398  INFO  manager.ListenerWD - Before Find Element --->By.id: terms-of-use
12:08:45.432  INFO  manager.ListenerWD - After Find Element --->By.id: terms-of-use
12:08:45.446  INFO  manager.ListenerWD - Location of element (893, 549)
12:08:45.480  INFO  manager.ListenerWD - Before Find Element --->By.cssSelector: label[for='terms-of-use']
12:08:45.506  INFO  manager.ListenerWD - After Find Element --->By.cssSelector: label[for='terms-of-use']
12:08:45.517  INFO  manager.ListenerWD - Location of element (889, 546)
12:08:45.690  INFO  manager.ListenerWD - Before Find Element --->By.cssSelector: button[type='submit']
12:08:45.714  INFO  manager.ListenerWD - After Find Element --->By.cssSelector: button[type='submit']
12:08:45.733  INFO  manager.ListenerWD - Location of element (889, 610)
12:08:45.802  INFO  manager.ListenerWD - Before Find Element --->By.cssSelector: div.error
12:08:45.833  INFO  manager.ListenerWD - After Find Element --->By.cssSelector: div.error
12:08:45.849  INFO  manager.ListenerWD - Location of element (889, 369)
12:08:45.869  INFO  manager.ListenerWD - Before Find ElementS --->By.cssSelector: button[disabled]
12:08:45.896  INFO  manager.ListenerWD - After Find ElementS --->By.cssSelector: button[disabled]
12:08:45.896  INFO  manager.ListenerWD - list of elements is -->1
12:08:45.896  INFO  manager.ListenerWD - Before Find Element --->By.cssSelector: button[type='submit']
12:08:45.921  INFO  manager.ListenerWD - After Find Element --->By.cssSelector: button[type='submit']
12:08:45.932  INFO  manager.ListenerWD - Location of element (889, 610)
12:08:45.946  INFO  manager.ListenerWD - Before Find ElementS --->By.xpath: //button[text()='Ok']
12:08:47.124  INFO  manager.ListenerWD - After Find ElementS --->By.xpath: //button[text()='Ok']
12:08:47.124  INFO  manager.ListenerWD - list of elements is -->0
12:08:47.127  INFO  tests.TestBase - Name of method -->registrationEmptyName
12:08:47.128  INFO  manager.ListenerWD - Before Find ElementS --->By.xpath: //a[text()=' Logout ']
12:08:47.133  INFO  manager.ListenerWD - Huston we have a problem!
12:08:47.134  INFO  manager.ListenerWD - Object target  --->ChromeDriver: chrome on WINDOWS (bf2f8f2e0abd56163860b74de2ccfec6)
12:08:47.134  INFO  manager.ListenerWD - *************
12:08:47.134  INFO  manager.ListenerWD - Method name --->findElements
12:08:47.134  INFO  manager.ListenerWD - *************
12:08:47.134  INFO  manager.ListenerWD - *************
12:08:47.134  INFO  manager.ListenerWD - *************
12:08:47.134  INFO  manager.ListenerWD - InvocationTargetException & getTargetException -->org.openqa.selenium.NoSuchWindowException: no such window: target window already closed
from unknown error: web view not found
  (Session info: chrome=112.0.5615.138)
Build info: version: '4.7.0', revision: '0a5b49d16f'
System info: os.name: 'Windows 10', os.arch: 'amd64', os.version: '10.0', java.version: '11.0.18'
Driver info: org.openqa.selenium.chrome.ChromeDriver
Command: [bf2f8f2e0abd56163860b74de2ccfec6, findElements {using=xpath, value=//a[text()=' Logout ']}]
Capabilities {acceptInsecureCerts: false, browserName: chrome, browserVersion: 112.0.5615.138, chrome: {chromedriverVersion: 112.0.5615.49 (bd2a7bcb881c..., userDataDir: C:\Users\ADAM-M~1\AppData\L...}, goog:chromeOptions: {debuggerAddress: localhost:49883}, networkConnectionEnabled: false, pageLoadStrategy: normal, platformName: WINDOWS, proxy: Proxy(), se:cdp: ws://localhost:49883/devtoo..., se:cdpVersion: 112.0.5615.138, setWindowRect: true, strictFileInteractability: false, timeouts: {implicit: 0, pageLoad: 300000, script: 30000}, unhandledPromptBehavior: dismiss and notify, webauthn:extension:credBlob: true, webauthn:extension:largeBlob: true, webauthn:extension:minPinLength: true, webauthn:extension:prf: true, webauthn:virtualAuthenticators: true}
Session ID: bf2f8f2e0abd56163860b74de2ccfec6
12:08:47.134  INFO  manager.ListenerWD - *************
12:08:47.134  INFO  manager.ListenerWD - Screen with error  is --->src/test/screenshots/screen_1071.png
12:08:47.186  INFO  tests.TestBase - Name of method -->negativeSearch
12:08:47.192  INFO  manager.ListenerWD - Before Find Element --->By.cssSelector: a.logo
12:08:47.212  INFO  manager.ListenerWD - Huston we have a problem!
12:08:47.213  INFO  manager.ListenerWD - Object target  --->ChromeDriver: chrome on WINDOWS (bf2f8f2e0abd56163860b74de2ccfec6)
12:08:47.213  INFO  manager.ListenerWD - *************
12:08:47.213  INFO  manager.ListenerWD - Method name --->findElement
12:08:47.213  INFO  manager.ListenerWD - *************
12:08:47.213  INFO  manager.ListenerWD - *************
12:08:47.213  INFO  manager.ListenerWD - *************
12:08:47.213  INFO  manager.ListenerWD - InvocationTargetException & getTargetException -->org.openqa.selenium.NoSuchWindowException: no such window: target window already closed
from unknown error: web view not found
  (Session info: chrome=112.0.5615.138)
Build info: version: '4.7.0', revision: '0a5b49d16f'
System info: os.name: 'Windows 10', os.arch: 'amd64', os.version: '10.0', java.version: '11.0.18'
Driver info: org.openqa.selenium.chrome.ChromeDriver
Command: [bf2f8f2e0abd56163860b74de2ccfec6, findElement {using=css selector, value=a.logo}]
Capabilities {acceptInsecureCerts: false, browserName: chrome, browserVersion: 112.0.5615.138, chrome: {chromedriverVersion: 112.0.5615.49 (bd2a7bcb881c..., userDataDir: C:\Users\ADAM-M~1\AppData\L...}, goog:chromeOptions: {debuggerAddress: localhost:49883}, networkConnectionEnabled: false, pageLoadStrategy: normal, platformName: WINDOWS, proxy: Proxy(), se:cdp: ws://localhost:49883/devtoo..., se:cdpVersion: 112.0.5615.138, setWindowRect: true, strictFileInteractability: false, timeouts: {implicit: 0, pageLoad: 300000, script: 30000}, unhandledPromptBehavior: dismiss and notify, webauthn:extension:credBlob: true, webauthn:extension:largeBlob: true, webauthn:extension:minPinLength: true, webauthn:extension:prf: true, webauthn:virtualAuthenticators: true}
Session ID: bf2f8f2e0abd56163860b74de2ccfec6
12:08:47.213  INFO  manager.ListenerWD - *************
12:08:47.213  INFO  manager.ListenerWD - Screen with error  is --->src/test/screenshots/screen_1077.png
