23:41:57.690  INFO  manager.ApplicationManager - All tests run in Chrome Browser
23:42:00.569  INFO  manager.ApplicationManager - The link--->https://ilcarro.web.app/search
23:42:00.649  INFO  tests.TestBase - Name of method -->loginSuccessModel
23:42:00.656  INFO  manager.ListenerWD - Before Find ElementS --->By.xpath: //a[text()=' Logout ']
23:42:05.729  INFO  manager.ListenerWD - After Find ElementS --->By.xpath: //a[text()=' Logout ']
23:42:05.737  INFO  manager.ListenerWD - list of elements is -->0
23:42:05.770  INFO  tests.TestBase - Test start with test data --->/nemail : 'inna_83@gmail.com' & password : 'Aa13579$'
23:42:05.790  INFO  manager.ListenerWD - Before Find Element --->By.xpath: //a[text()=' Log in ']
23:42:05.846  INFO  manager.ListenerWD - After Find Element --->By.xpath: //a[text()=' Log in ']
23:42:05.870  INFO  manager.ListenerWD - Location of element (1057, 24)
23:42:05.997  INFO  manager.ListenerWD - Before Find Element --->By.id: email
23:42:06.044  INFO  manager.ListenerWD - After Find Element --->By.id: email
23:42:06.063  INFO  manager.ListenerWD - Location of element (889, 254)
23:42:06.510  INFO  manager.ListenerWD - Before Find Element --->By.id: password
23:42:06.562  INFO  manager.ListenerWD - After Find Element --->By.id: password
23:42:06.579  INFO  manager.ListenerWD - Location of element (889, 327)
23:42:06.988  INFO  manager.ListenerWD - Before Find Element --->By.cssSelector: button[type='submit']
23:42:07.038  INFO  manager.ListenerWD - After Find Element --->By.cssSelector: button[type='submit']
23:42:07.060  INFO  manager.ListenerWD - Location of element (889, 395)
23:42:07.146  INFO  manager.ListenerWD - Before Find Element --->By.cssSelector: .dialog-container
23:42:08.339  INFO  manager.ListenerWD - After Find Element --->By.cssSelector: .dialog-container
23:42:08.360  INFO  manager.ListenerWD - Location of element (466, 230)
23:42:08.429  INFO  manager.ListenerWD - Before Find Element --->By.cssSelector: .dialog-container>h2
23:42:08.482  INFO  manager.ListenerWD - After Find Element --->By.cssSelector: .dialog-container>h2
23:42:08.502  INFO  manager.ListenerWD - Location of element (455, 270)
23:42:08.536  INFO  manager.ListenerWD - Before Find ElementS --->By.xpath: //button[text()='Ok']
23:42:08.589  INFO  manager.ListenerWD - After Find ElementS --->By.xpath: //button[text()='Ok']
23:42:08.590  INFO  manager.ListenerWD - list of elements is -->1
23:42:08.591  INFO  manager.ListenerWD - Before Find Element --->By.xpath: //button[text()='Ok']
23:42:08.670  INFO  manager.ListenerWD - After Find Element --->By.xpath: //button[text()='Ok']
23:42:08.691  INFO  manager.ListenerWD - Location of element (665, 324)
23:42:08.769  INFO  tests.TestBase - Name of method -->loginSuccessModel
23:42:08.774  INFO  manager.ListenerWD - Before Find ElementS --->By.xpath: //a[text()=' Logout ']
23:42:08.833  INFO  manager.ListenerWD - After Find ElementS --->By.xpath: //a[text()=' Logout ']
23:42:08.834  INFO  manager.ListenerWD - list of elements is -->1
23:42:08.835  INFO  manager.ListenerWD - Before Find Element --->By.xpath: //a[text()=' Logout ']
23:42:08.939  INFO  manager.ListenerWD - After Find Element --->By.xpath: //a[text()=' Logout ']
23:42:08.959  INFO  manager.ListenerWD - Location of element (870, 24)
23:42:09.078  INFO  tests.TestBase - Test start with test data --->/nemail : 'inna_83@gmail.com' & password : 'Aa13579$'
23:42:09.079  INFO  manager.ListenerWD - Before Find Element --->By.xpath: //a[text()=' Log in ']
23:42:09.116  INFO  manager.ListenerWD - After Find Element --->By.xpath: //a[text()=' Log in ']
23:42:09.137  INFO  manager.ListenerWD - Location of element (1057, 24)
23:42:09.240  INFO  manager.ListenerWD - Before Find Element --->By.id: email
23:42:09.275  INFO  manager.ListenerWD - After Find Element --->By.id: email
23:42:09.293  INFO  manager.ListenerWD - Location of element (889, 254)
23:42:09.748  INFO  manager.ListenerWD - Before Find Element --->By.id: password
23:42:09.781  INFO  manager.ListenerWD - After Find Element --->By.id: password
23:42:09.799  INFO  manager.ListenerWD - Location of element (889, 327)
23:42:10.131  INFO  manager.ListenerWD - Before Find Element --->By.cssSelector: button[type='submit']
23:42:10.174  INFO  manager.ListenerWD - After Find Element --->By.cssSelector: button[type='submit']
23:42:10.192  INFO  manager.ListenerWD - Location of element (889, 395)
23:42:10.255  INFO  manager.ListenerWD - Before Find Element --->By.cssSelector: .dialog-container
23:42:10.558  INFO  manager.ListenerWD - After Find Element --->By.cssSelector: .dialog-container
23:42:10.583  INFO  manager.ListenerWD - Location of element (472, 232)
23:42:10.624  INFO  manager.ListenerWD - Before Find Element --->By.cssSelector: .dialog-container>h2
23:42:10.658  INFO  manager.ListenerWD - After Find Element --->By.cssSelector: .dialog-container>h2
23:42:10.686  INFO  manager.ListenerWD - Location of element (455, 270)
23:42:10.725  INFO  manager.ListenerWD - Before Find ElementS --->By.xpath: //button[text()='Ok']
23:42:10.762  INFO  manager.ListenerWD - After Find ElementS --->By.xpath: //button[text()='Ok']
23:42:10.764  INFO  manager.ListenerWD - list of elements is -->1
23:42:10.764  INFO  manager.ListenerWD - Before Find Element --->By.xpath: //button[text()='Ok']
23:42:10.798  INFO  manager.ListenerWD - After Find Element --->By.xpath: //button[text()='Ok']
23:42:10.821  INFO  manager.ListenerWD - Location of element (665, 324)
23:42:10.903  INFO  tests.TestBase - Name of method -->loginSuccessModel
23:42:10.905  INFO  manager.ListenerWD - Before Find ElementS --->By.xpath: //a[text()=' Logout ']
23:42:10.941  INFO  manager.ListenerWD - After Find ElementS --->By.xpath: //a[text()=' Logout ']
23:42:10.941  INFO  manager.ListenerWD - list of elements is -->1
23:42:10.944  INFO  manager.ListenerWD - Before Find Element --->By.xpath: //a[text()=' Logout ']
23:42:10.982  INFO  manager.ListenerWD - After Find Element --->By.xpath: //a[text()=' Logout ']
23:42:11.047  INFO  manager.ListenerWD - Location of element (870, 24)
23:42:11.153  INFO  tests.TestBase - Test start with test data --->/nemail : 'inna_83@gmail.com' & password : 'Aa13579$'
23:42:11.154  INFO  manager.ListenerWD - Before Find Element --->By.xpath: //a[text()=' Log in ']
23:42:11.190  INFO  manager.ListenerWD - After Find Element --->By.xpath: //a[text()=' Log in ']
23:42:11.214  INFO  manager.ListenerWD - Location of element (1057, 24)
23:42:11.310  INFO  manager.ListenerWD - Before Find Element --->By.id: email
23:42:11.343  INFO  manager.ListenerWD - After Find Element --->By.id: email
23:42:11.360  INFO  manager.ListenerWD - Location of element (889, 254)
23:42:11.765  INFO  manager.ListenerWD - Before Find Element --->By.id: password
23:42:11.789  INFO  manager.ListenerWD - After Find Element --->By.id: password
23:42:11.806  INFO  manager.ListenerWD - Location of element (889, 327)
23:42:12.128  INFO  manager.ListenerWD - Before Find Element --->By.cssSelector: button[type='submit']
23:42:12.167  INFO  manager.ListenerWD - After Find Element --->By.cssSelector: button[type='submit']
23:42:12.189  INFO  manager.ListenerWD - Location of element (889, 395)
23:42:12.261  INFO  manager.ListenerWD - Before Find Element --->By.cssSelector: .dialog-container
23:42:12.559  INFO  manager.ListenerWD - After Find Element --->By.cssSelector: .dialog-container
23:42:12.588  INFO  manager.ListenerWD - Location of element (480, 234)
23:42:12.622  INFO  manager.ListenerWD - Before Find Element --->By.cssSelector: .dialog-container>h2
23:42:12.665  INFO  manager.ListenerWD - After Find Element --->By.cssSelector: .dialog-container>h2
23:42:12.688  INFO  manager.ListenerWD - Location of element (456, 270)
23:42:12.726  INFO  manager.ListenerWD - Before Find ElementS --->By.xpath: //button[text()='Ok']
23:42:12.757  INFO  manager.ListenerWD - After Find ElementS --->By.xpath: //button[text()='Ok']
23:42:12.758  INFO  manager.ListenerWD - list of elements is -->1
23:42:12.758  INFO  manager.ListenerWD - Before Find Element --->By.xpath: //button[text()='Ok']
23:42:12.801  INFO  manager.ListenerWD - After Find Element --->By.xpath: //button[text()='Ok']
23:42:12.824  INFO  manager.ListenerWD - Location of element (665, 324)
